452052690743,0.979159110867581,0.5701342345257194,1.0422415288698252,0.5698594712237922
452052699076,0.9715704391495846,0.5748896400295959,1.0482511694152767,0.5632122872800243
452052707409,0.9736783762581224,0.5650847976061762,1.039164585060373,0.5649807848249163
452052715742,0.9680741648454247,0.5712179433083048,1.0414988690506095,0.5750334852568957
452052724077,0.9636097015675241,0.5693210850929727,1.035628569215568,0.563431838677854
452052732414,0.9607363718243401,0.5731240852511659,1.0355870286751407,0.5695944821104711
452052740747,0.9583365061147675,0.5804832435140804,1.0278178027971765,0.5515709483866789
452052749081,0.9494371812826568,0.570571550641741,1.0345050120788117,0.5628252083914621
452052757414,0.951406104771654,0.5711274532395966,1.0313644490952405,0.5626725698977101
452052765747,0.9507571564865521,0.5744725028835997,1.0297239248392283,0.5668153194505341
452052774081,0.9604920349448185,0.5760206082402444,1.0220287850432075,0.5638895089285715
452052782414,0.9542094370687634,0.5698843095740493,1.0137141351403403,0.5614992118368344
452052790747,0.9528464494155279,0.5681108023195851,1.011758622376993,0.555815818942323
452052799080,0.9495549339956793,0.5739308586899116,1.018161916783896,0.5639094777009925
452052807414,0.9489442553423098,0.5736504200526646,1.0077000788681505,0.5643711066732601
452052815747,0.9420411660868,0.5746125995869539,0.9985775145176011,0.5612492868851642
452052824081,0.9369630803377044,0.5699651655858877,1.0100229146779542,0.5684361882112464
452052832414,0.9400002826065113,0.5632466195554149,1.011598674941804,0.5548488048631318
452052840747,0.9402933560255895,0.5716713395410654,1.010381242725499,0.5589045676406549
452052849081,0.9272476637861736,0.568237166112783,1.0150082701655445,0.5564938463483537
452052857414,0.9395219122098574,0.5663525694243762,1.006307816582094,0.5578418786185129
452052865747,0.9363072631443429,0.561729448279556,1.0043303887304897,0.5613913103998924
452052874081,0.9382066798235698,0.5692624399613361,1.0153262024907055,0.5613229961784518
452052882414,0.9315937201693127,0.568575969618194,1.0009109807806638,0.5537598411404356
452052890747,0.9369552301568361,0.5662248393467494,1.007279767100834,0.550252624044613
452052899081,0.9347169473368,0.574043419507085,1.0036771882640843,0.550338209502551
452052907414,0.9269351284603597,0.5620067339527364,1.0032364333174237,0.551179700578962
452052915747,0.9421185230774384,0.5714703906312281,1.0052971057953175,0.5563542401060766
452052924080,0.9456829958278905,0.5633914457048689,0.9963547685138665,0.551282277009925
452052932414,0.928239239757084,0.5682556635019731,1.003045085158762,0.5524361217265227
452052940747,0.9307081216401226,0.5615626214475048,1.0144144366919547,0.5531254647702587
452052949080,0.9232107082747186,0.5669999430130939,1.0044404548080788,0.5560473866365394
452052957415,0.9343609089253416,0.5669443107137875,1.0101161355757637,0.5527150889805384
452052965748,0.9309598180642082,0.5585032303479253,1.0019440972920015,0.5483134110119878
452052974082,0.924590377562299,0.5591188991313077,1.002579471306019,0.5501538662034638
452052982415,0.9312857641156719,0.5586317311501017,1.0088995210866325,0.5460263910098951
452052990754,0.9466847116157556,0.5625737069577587,0.999885877995629,0.5465228076856964
452052999088,0.9348623392282959,0.5658739494790836,0.9912300723158661,0.5489865688401826
452053007420,0.9205449176882369,0.5569064992787887,1.009525409465434,0.5476803308603715
452053015754,0.9185885871977157,0.561273004181531,0.9980149182220491,0.5541423307146345
452053024088,0.9285923343507168,0.5550514353538046,0.9990701133670786,0.5461637201114576
452053032421,0.9286889897026561,0.554477525827836,1.0081445953598105,0.5563498960222517
452053040754,0.925750732421875,0.5585903222220284,1.0073041353706123,0.5533025212190589
452053049087,0.9323856071643891,0.5675328640061982,0.9964906747701467,0.5484515809039681
452053057421,0.929154112919095,0.5650867944834184,1.0066133194542135,0.5469165778646664
452053065754,0.9262075148211415,0.5589834968411193,1.0040325724938035,0.5452752849033901
452053074088,0.9238926927376406,0.5605379081258969,1.0031981636856913,0.5498548951440928
452053082421,0.9319765800320706,0.5585684967041016,1.0073289942766948,0.5424328527645189
452053090754,0.9249123985233286,0.5617464742855149,1.0010606248534633,0.5485851264486508
452053099088,0.930798071629237,0.5494675009591239,1.001067493761723,0.5524153121636838
452053107421,0.9282376043027365,0.5511001057527504,1.0083168087026058,0.5473866147411113
452053115754,0.9267841760240823,0.5622106256290358,1.007446910535152,0.5519551195417132
452053124093,0.9310095358763733,0.5518367432574837,1.0077185595022775,0.5535901416077906
452053132425,0.9281077492275422,0.5641509246826172,1.0004815104690012,0.5529130600909797
452053140759,0.9453577039581659,0.549753369701152,1.0103280904592042,0.5259588607476682
452053657435,0.9184916047549069,0.1943446038693798,1.060743260358052,0.19496132364078445
452053665768,0.9293729367107951,0.24136475699288504,0.9795064813709975,0.26545865740094865
452053674101,0.8332536867066084,0.3311880788997728,0.962712164221597,0.32488957774882415
452053682432,0.839594343212001,0.3850979489696269,0.9355592063257804,0.3663610045763911
452053690765,0.8083102276343114,0.38825602784448743,0.8931033021000804,0.39709406638632017
452053699098,0.8065483526657121,0.41697756864586655,0.8743287768266848,0.43023767432387994
452053707432,0.8317997677916499,0.4054191527074697,0.8808867852148646,0.4332281556421397
452053715765,0.8201600756548098,0.39893392601791694,0.8627033131426681,0.40775739085917573
452053724099,0.822589379542638,0.4156037871691645,0.8808228389498761,0.42523665291922436
452056615817,0.47471581036893756,0.6756010226814114,0.5602651189250067,0.6521336862992267
452056624150,0.4798446769755242,0.6792148449956155,0.5618598504592879,0.6491965951724928
452056632484,0.4767488436683581,0.6684695784899654,0.568902362197925,0.6605724544914401
452056640816,0.47027465231548937,0.6744093073630819,0.5591689556485715,0.6496480645938796
452056649149,0.47042110725231107,0.6719989714330556,0.5584489468720693,0.651910246245715
452056657483,0.4791171451090233,0.6722905505433374,0.5670866807812919,0.6471905743345923
452056665821,0.4806159572458216,0.666505947502292,0.5623097639502947,0.6551050746684172
452056674154,0.4854458627976789,0.661675851782974,0.5633301239177217,0.6468672904189752
452056682488,0.48463091589630225,0.6717093541670819,0.5590049195775137,0.6446323994227818
452056690821,0.4705681345981545,0.6728353827340262,0.5594961282907959,0.6349274008614676
452056699154,0.483427957450973,0.6724664509053133,0.5749915675973841,0.6459861770941286
452056707487,0.4736306046366308,0.6661356493891502,0.5539539823705871,0.6390108046239736
452056715821,0.47826646353015306,0.6666530507924605,0.5672520252158276,0.6493404754327268
452056724154,0.4819583381742782,0.6633040424269073,0.5663444298256631,0.6424194740762516
452056732488,0.46874697440945706,0.6340414529917191,0.5629632097348523,0.62650408219318
452056740821,0.3684423514117765,0.5355632447223274,0.5297160583038166,0.5402435746484874
452056749154,0.3175771044764871,0.3694663238525391,0.46381272687022707,0.36958774800203287
452056757488,0.3041744743257218,0.22354259257413903,0.44215407785495375,0.23982512960628588
452056765821,0.2353396727468934,0.05769317938356983,0.381611029818127,0.058046381424884406
452057265830,0.5188501813915126,0.086517787076989,0.6420449505281601,0.08589910546127631
452057274161,0.5439232502208518,0.12497967467016104,0.6677600169616241,0.13623295375279018
452057282496,0.581670681379999,0.15137117502640704,0.6564147066073402,0.15497508302026866
452057290828,0.5790536273330738,0.1466204989686304,0.6532452778545351,0.15661882828693
452057299161,0.5834217623499045,0.13262533226791692,0.6590996320096881,0.1496796448376714
452057307496,0.5802577305964463,0.15368755262725206,0.6627982937893556,0.1629754841084383
452057315833,0.5815037014911157,0.15381114881865832,0.650489782597091,0.16323248571279098
452057324166,0.5869757681925325,0.1522752349230708,0.6494327884522793,0.1625060427918726
452057332498,0.5805189126557476,0.14520453783930565,0.6516498103657975,0.17122118580098056
452057340831,0.5794378773320271,0.15408678794393735,0.6488259531166265,0.16145295279366628
452057349166,0.5879007811714982,0.15063401202766263,0.6573066834084857,0.156939659897162
452057357500,0.5894134946702505,0.14510140088139747,0.6493378503274049,0.15481589336784518
452057365832,0.5891412732941034,0.1518427883848852,0.6598530040548801,0.17014189116808834
452057374165,0.5788514851757185,0.14996313134018255,0.6450052046699156,0.16569852400799187
452057382497,0.578426185272642,0.14786795168506855,0.6527413125973422,0.1555812929114517
452057390831,0.5887920220181873,0.1520183734504544,0.6489397807392149,0.16062050021424584
452057399163,0.5840572999093566,0.1534724504120496,0.6661532648378885,0.16469055642887037
452057407497,0.5846328162942541,0.15135674145756936,0.6542514093691385,0.16720480004135443
452057415830,0.5861637651089815,0.1487671069709622,0.6533042359837637,0.16657028353944117
452057424163,0.5891272083867146,0.15093298308703365,0.659069866740563,0.1612851450394611
452057432497,0.5830398019870378,0.14968181687958387,0.6512673593666265,0.16499247025470345
452057440831,0.5886742693051648,0.15659514602349728,0.6552326819776594,0.1577617427280971
452057449167,0.592962839467988,0.14675614648935748,0.6524997559902114,0.16002017585598693
452057457500,0.5883953425661927,0.1494078593351403,0.6390411933007604,0.15964111950932716
452057465834,0.5887840900646018,0.1572881675253109,0.6533109413465886,0.1628962396115673
452057474167,0.5755805764806488,0.15780574409329162,0.6557214375094202,0.15997435277822067
452057482500,0.5949553952723071,0.15817772378726883,0.6412776771210142,0.1680320677465322
452057490833,0.586260256915486,0.1494394590416733,0.6521421638971229,0.16561087160694357
452057499166,0.5896431124606444,0.1490812823237205,0.6438377355839279,0.16585435049874442
452057507500,0.5810399684108721,0.1478988507329201,0.6456827734060993,0.16390672956194197
452057515835,0.5875718913022089,0.14427784666723134,0.6490781401770164,0.16625190423459424
452057524167,0.581735363599444,0.15355414721430563,0.6510374144853631,0.16584930575623805
452057532500,0.5715604661489734,0.14947302059251436,0.650440064784926,0.15840403654137436
452057540833,0.5895035264320824,0.15026441457320233,0.6628879984603179,0.16208683870276627
452057549167,0.5942478159488461,0.1481093286008251,0.647063178648136,0.15594066074916293
452057557500,0.5803302629967595,0.1492592496288066,0.6633082284549169,0.15829683576311385
452057565833,0.5802465277341656,0.1516709868761958,0.6628824379155362,0.15989349676638234
452057574166,0.5733429478423516,0.15182667323521207,0.6644992480835091,0.15623269528758768
452057582502,0.5780347392745595,0.15325839918486925,0.6586720424705252,0.1567256787358498
452057590835,0.5808630122504689,0.15452259764379384,0.638633719850072,0.1569819096156529
452057599168,0.576200740769234,0.13820425695302535,0.6457850710755376,0.1585988897206832
452057607502,0.5670262507431505,0.14862886701311384,0.6589171970772206,0.15815768494897958
452057615835,0.5690739213589815,0.15090075278768733,0.6541877901950194,0.16851173867984695
452057624168,0.5631330516688438,0.151046419727559,0.6582191033889754,0.1589183200135523
452057632501,0.5674324976030781,0.15254015397052376,0.6551691445762577,0.15864506312779017
452057640834,0.5744615168433481,0.14763133924834582,0.6501856698611669,0.15712379299864476
452057649167,0.5780089808685859,0.15523404646892938,0.6660458154872555,0.1571276466213927
452057657503,0.5809831363722954,0.14992725761569275,0.6553923023219789,0.15307300489775988
452057665836,0.5717827243948034,0.15426223287777024,0.6596431752620914,0.16136032571597975
452057674168,0.5726470620174755,0.15135597073301976,0.6701376404920703,0.15694771747199857
452057682501,0.55765902242221,0.14959983981385522,0.6558319942233136,0.16744057168765944
452057690834,0.5615383201345626,0.14928005919164541,0.6458321721607466,0.15532716400769292
452057699167,0.5671390970931304,0.15016534143564653,0.650556182043601,0.15589665938396843
452057707503,0.562598503415352,0.15024921027981505,0.6676548572470776,0.15953447925801179
452057715836,0.5701516857740069,0.15476754791882574,0.6606976344526645,0.1635285840715681
452057724170,0.5713651111271604,0.14882603236607142,0.6589100828508089,0.15896253157635123
452057732503,0.5783443307825479,0.151321568391761,0.6514907624304997,0.15660446478396045
452057740836,0.569751244777013,0.15417794363839285,0.667437668909725,0.1626817679891781
452057749169,0.5539905347752545,0.15587444850376675,0.6689345185013063,0.15876284385214046
452057757503,0.5662846539692608,0.14731982639857702,0.6583363654656936,0.15865935656489158
452057765836,0.5585527982231377,0.15542406510333626,0.6640674063630426,0.1577182318239796
452057774169,0.5491993077187165,0.15160484469666774,0.6637926500326568,0.16732818603515626
452057782502,0.560370442184988,0.14341344405193718,0.6671523638987975,0.16190599869708625
452057790835,0.5626706269520783,0.13788104310327648,0.6581035585393221,0.16122586931501115
452057799169,0.5587510970627764,0.14888348637794963,0.6577602766717745,0.16797181109992826
452057807502,0.5648413655075613,0.15959739840760523,0.6658375403760969,0.15669807278380102
452057815835,0.5637446298221044,0.15922401739626516,0.657163908243946,0.16958038330078126
452057824168,0.5710547836647156,0.14831609297771844,0.6723520456786324,0.15862208152303892
452057832501,0.5760247658814392,0.14869458879743302,0.6584510925881732,0.16059464590890066
452057840839,0.5619425226765558,0.15647288108358579,0.6603240966796875,0.15306725949657207
452057849173,0.5509721402314443,0.15349389056770169,0.6458389592962889,0.16439235609404895
452057857505,0.5722909418332999,0.15955991316814813,0.6646950119689091,0.16339069444306042
