372893224880,0.3406847921910619,0.7694052330991055,0.511341361651667,0.7984866791583122
372893233212,0.3554169443240644,0.7837561242123867,0.5071227006999193,0.7606951530943525
372893241545,0.3297105226835581,0.7917686016001599,0.5080025159841612,0.744536430277723
372893249879,0.33559605560766526,0.7975977836771214,0.5211058271692154,0.7634372609726926
372893258212,0.3411084670788611,0.7754157553327844,0.5312594149975066,0.7546114921569824
372893266546,0.3447552712855006,0.7499625733558167,0.5003916731721362,0.7799443285515968
372893274879,0.3439939551078077,0.7959603350213234,0.5235697273787756,0.789277046284777
372893283212,0.35387042663017665,0.7864143188963545,0.538662014761232,0.8011275250860985
372893291546,0.34023120265601253,0.778994803733014,0.5159445069843512,0.7746065728207852
372893299878,0.3383213031618066,0.7601203614092887,0.5196877801309603,0.7610650468379894
372893308211,0.35925622261766244,0.8075340555069295,0.5147859521187548,0.7611566300087786
372893316547,0.36194227966494114,0.7673584451066687,0.5368189014562358,0.7443828481308957
372893324880,0.3555795037637728,0.7419920069106082,0.5146317409526976,0.7463910123135181
372893333214,0.36246427866463243,0.8095871438371375,0.5309642107653401,0.743383285847116
372893341547,0.3489500468987462,0.7922998387762841,0.5295187999412282,0.7289123230792106
372893349881,0.34174177639390196,0.8070968668511573,0.5129523465698613,0.7466140807943141
372893358214,0.32776120078599924,0.7991866558156115,0.5209339918698945,0.7540052900923059
372893366547,0.34603696318745253,0.7620040710936201,0.5379410485728533,0.7801242990696684
372893374881,0.36283461735965994,0.7633271420255621,0.542004106979602,0.7826480865478516
372893383214,0.3710493186324563,0.7610518983069886,0.5206044669571619,0.7905177562794787
372893391547,0.35936359069267665,0.7354623916301322,0.5163867335913754,0.772885576207587
372897833380,0.4225319627570526,0.2827944451190056,0.5372569539264342,0.30143066162758686
372897841713,0.39813506059733567,0.2928970823896692,0.5774557467289608,0.31731591326125125
372897850047,0.4140923218886541,0.35788351424196935,0.5635741909224211,0.3097500293812853
372897858380,0.3945330124133264,0.3345014085160925,0.5502132427366309,0.3077311820172249
372897866713,0.42157307076961437,0.32992279783208317,0.5508303192973499,0.29906173462563373
372897875047,0.37467200560410335,0.4582292678508353,0.5540337374145137,0.3177699028177464
372897883380,0.411953772455001,0.32145788314494683,0.5274090056723737,0.3162355422973633
372897891714,0.4473618156641812,0.3100511672648978,0.5709016562232855,0.3212403845279775
372897900054,0.4221600007865929,0.30149549119015956,0.5409088598558606,0.31095311996784614
372897908385,0.41554538529694623,0.290034902856705,0.5270270721528305,0.2947533993010825
372897916719,0.4341138010691727,0.2782888818294444,0.561944654285002,0.29114613634474734
372897925051,0.4250556922611132,0.26559306205587185,0.5462299567225494,0.3356221381654131
372897933385,0.3974247616475114,0.3280210089176259,0.5498602962783767,0.30759513124506527
372897941718,0.40344479453599924,0.33264636993408203,0.5869319649090521,0.3247022831693609
372897950051,0.4028362981454217,0.30937949647294716,0.5645191691204408,0.32406750131160655
372897958385,0.42586547480528114,0.2592547396396069,0.5870929010733282,0.3052621800848778
372897966718,0.3794353914115929,0.4548287290207883,0.5653412421785952,0.33508067435406624
372897975053,0.39131475292078266,0.3280513235863219,0.5337629695069102,0.35104865216194314
372897983386,0.3675013023306896,0.4519826199146027,0.5606641218655015,0.3965960766406769
372897991719,0.397010594515815,0.4713967911740567,0.5586558982594035,0.3255313710963472
372898000053,0.40150938642785905,0.33953620017843045,0.5612385294720033,0.33202144947457823
372898008386,0.4272329684086484,0.36628250365561627,0.5588516188972265,0.3342221848508145
372898016720,0.4296841143112414,0.2766840305734188,0.543043930842159,0.3000190207298766
372902050146,0.5127417845566584,0.4514953937936336,0.6112379636445668,0.40673907259677317
372902058480,0.4797753794939685,0.42618027139217296,0.6146830179046353,0.4003574695992977
372902066813,0.4924183761457542,0.386829822621447,0.6615196158458396,0.5494027340665777
372902075146,0.4870905542808463,0.4357626285958797,0.6497362594836389,0.4486374144858502
372902083480,0.5017689064280965,0.3776516001275245,0.648570747723333,0.4304926243234188
372902091813,0.47237301162673345,0.5463919030859116,0.6320921831217943,0.5225219320743641
372902100146,0.48812968245393235,0.5629959410809456,0.6111340740169073,0.4189383527065845
372902108479,0.4883170548181041,0.5552320074527821,0.6253124573310458,0.4128334167155814
372902116814,0.48913889597976823,0.37589462767256066,0.6330469009724069,0.4002988490652531
372902125147,0.4794906106038659,0.5635924643658577,0.6296213260175247,0.4702203628864694
372902133480,0.4912767497239504,0.5269223984251631,0.6340918265577508,0.4143703338947702
372902141814,0.506675140473618,0.36368219903174864,0.6344266850897606,0.40103571465674864
372902150147,0.535037936410643,0.33534382759256565,0.6365698724532199,0.4332452327647108
372902158480,0.49394170419061073,0.38919290583184424,0.6692037379488032,0.39501752244665267
372902166814,0.5132649430388013,0.35817972142645654,0.6513801737034575,0.39180471542033746
372902175147,0.5001961844308036,0.4254850428155128,0.6499985344141812,0.3854718715586561
372902183481,0.5140042290499145,0.4465243359829517,0.6113975084299013,0.39858187005874957
372902191813,0.5242695909865359,0.3638734005867167,0.6355525425502232,0.4460834949574572
372902200147,0.5288847949367164,0.3377111110281437,0.649507841440682,0.4286248024473799
372902208481,0.5205304919767525,0.35367123624111746,0.632094965879678,0.3697453153894303
372902216813,0.5053570408226871,0.460294135073398,0.6383904917986559,0.3822749523406333
372906591924,0.265927161126876,0.3514485866465467,0.4014163959352441,0.4000747761827834
372906600258,0.2631172713537709,0.4859914779663086,0.42152274923121674,0.4075236016131462
372906608590,0.29583925751567247,0.35021956423495676,0.3836941704561645,0.40304269181921126
372906616922,0.25194890448387636,0.34078147563528505,0.4226560273793693,0.4077863896146734
372906625258,0.258768980263939,0.329606867851095,0.42164704575002376,0.44975120463269824
372906633588,0.2405966436971647,0.42615050457893533,0.4496091245517905,0.48411032494078293
372906641922,0.27508452163278874,0.43014236206704,0.4340836545254322,0.4120779240385015
372906650255,0.2717744311300817,0.5050953804178441,0.43293344793348687,0.39133666424041097
372906658588,0.2625876197698993,0.4226056971448533,0.41149206654279064,0.4240127725804106
372906666924,0.23487900383204313,0.34283246385290267,0.44575825143367687,0.5236221171439962
372906675257,0.26745930123836437,0.34628523156998003,0.4238751072289371,0.5044227052242198
372906683593,0.25235866558225684,0.4154810195273541,0.4337858994318721,0.4051362301440949
372906691926,0.2654095681605006,0.3840994936354617,0.41759929251163563,0.44971705497579373
372906700259,0.300507333865644,0.3392480282073325,0.4267520150877422,0.35985506341812457
372906708595,0.2717391828635543,0.3930896190886802,0.41609822652984896,0.40978405323434386
372906716928,0.2781536716820621,0.41195155204610623,0.4032646109630272,0.4187002182006836
372906725262,0.2910167381031535,0.37145243299768327,0.40139065542481955,0.3537066642274248
372906733594,0.28866391631245253,0.4279069291784408,0.41371038836911095,0.3809569947263028
372906741928,0.28482208715746105,0.3590482549464449,0.4177641709162471,0.3725505179547249
372906750262,0.2776634425015435,0.37690560361172293,0.405959711973428,0.4118627994618517
372906758594,0.29126533114076747,0.34159704979429856,0.3980188804556896,0.3647034016061336
372906766928,0.3051134938527023,0.3416542093804542,0.4295649195152213,0.3715050271216859
