372893399879,0.36688793611381554,0.8022824957015666,0.5350251821036759,0.782047910893217
372893408213,0.33844675916306516,0.7898396025312707,0.539006612945835,0.7685817150359459
372893416544,0.34918403045747054,0.7568477468287691,0.5272392574414656,0.7692415156262986
372893424879,0.37316212755568484,0.7711626621002846,0.52532958984375,0.78989000523344
372893433213,0.3317999100612652,0.7763272041970111,0.5496330377178714,0.7821367547867146
372893441548,0.350669327477916,0.791317990485658,0.5182221943121913,0.7886565086689401
372893449881,0.3532120724941822,0.7484331435345589,0.5275233306420972,0.785709320230687
372893458215,0.3432794820211579,0.7574054636853806,0.562209016283957,0.7616905151529515
372893466547,0.3540898007100114,0.7779092281422717,0.512867240557917,0.7354070582288377
372893474881,0.35978285954715994,0.7790309621932658,0.5267228239575418,0.7383221058135337
372893483214,0.3522068012086816,0.7755476971890064,0.5568454823595412,0.7305155307688611
372893491547,0.3560681096688592,0.7557240039744275,0.5181530891580785,0.7454934424542367
372893499881,0.3722639924487082,0.7716307132802112,0.510390122248409,0.7400549726283296
372893508214,0.34969675359754937,0.7636637078954819,0.5315133416543978,0.7547399642619681
372893516548,0.3736052817486702,0.7611322504408816,0.519357095735776,0.7412955000045451
372893524880,0.34852521252849544,0.7337304379077668,0.5183056770487035,0.7873601000359718
372893533214,0.38433142201154064,0.7433683111312541,0.5452144819914752,0.7843915452348426
372893541548,0.3554130020837291,0.6586357989209763,0.527590116831307,0.7808139577825018
372893549879,0.3546456565972882,0.7278374306699062,0.521915377816893,0.7467680281781136
372893558213,0.4004421987794453,0.7832499057688611,0.5192376690432656,0.722448541762981
372893566546,0.3771908652818674,0.7830801618860123,0.5171288023603723,0.7083136883187802
372893574882,0.35181582372601633,0.7965588671095828,0.5285142243451986,0.7356083038005423
372897641717,0.404124946942083,0.2516632891715841,0.5363785300211341,0.30167281374018245
372897650050,0.44865324721872624,0.2950706076114736,0.5530729902551529,0.2991134156572058
372897658383,0.41792673035595557,0.26311456396224653,0.5376894408808653,0.31512942212693235
372897666717,0.4206603261837481,0.24900692067247757,0.5720321516135544,0.2819710183650889
372897675050,0.4113765820906155,0.24294727406603225,0.5591475188188639,0.29865979133768283
372897683381,0.41322015918859234,0.24175057512648562,0.5418874630449753,0.2771418551181225
372897691714,0.42647397119585867,0.27650141208729845,0.5473428279795545,0.28434578915859793
372897700048,0.36158423148390006,0.3190706942943817,0.515113621859565,0.3235169065759537
372897708381,0.3952899225577033,0.2956370901554189,0.5416270432863555,0.2988402184019697
372897716714,0.3669936809133976,0.3479885141900245,0.5450428785886445,0.2820866158668031
372897725048,0.4010602029261256,0.3432247283610892,0.5510411132070431,0.3076886319099589
372897733381,0.3835995566881174,0.37589097530283827,0.5602413745636635,0.302987849458735
372897741714,0.3875162884094795,0.32136840008674783,0.5440364478206925,0.2950601983577647
372897750050,0.4467913502980148,0.28643768391710644,0.5669348348600162,0.2741197017913169
372897758383,0.4006033668402118,0.277348944481383,0.5357649319077697,0.32166077228302653
372897766714,0.36771140055091184,0.2916384757833278,0.5475070106946951,0.2816034073525287
372897775047,0.38270490002849544,0.33398185892308013,0.5328766611209395,0.3049305449140833
372897783380,0.3953866233941632,0.32488453641850895,0.5558603860686978,0.2768237337153009
372897791714,0.4072945081716613,0.284250279690357,0.5494363894940872,0.3306669681630236
372897800047,0.4045020106353296,0.3667244403920275,0.5456131120583206,0.28797788822904546
372897808381,0.39251644053357715,0.3173942565917969,0.5598330048442249,0.2970217035171833
372897816713,0.39946150852191775,0.24869062545451712,0.562514887754678,0.33539879575688786
372897825049,0.4161733609927099,0.3528759327340633,0.5537756366207969,0.31084464458709066
372902225150,0.5176187996444006,0.4411622919934861,0.6426687501484137,0.3755670101084608
372902233483,0.5194950741475114,0.37070826266674284,0.660028985206117,0.40332757665755903
372902241816,0.489790757014034,0.5111887201349786,0.6655550785702412,0.3846321917594747
372902250150,0.5111045953350589,0.3581892175877348,0.6300081293633644,0.42219791006534657
372902258483,0.48158556349734044,0.4200716830314474,0.6220714719824516,0.46661492611499544
372902266817,0.49871761240857715,0.3745171364317549,0.6301702250100921,0.40084487833875293
372902275150,0.5009194695840853,0.3652134550378678,0.6320615727850731,0.3816357876392121
372902283483,0.46463926367484326,0.46363313147362245,0.6514455685137253,0.42412508294937457
372902291817,0.4879569195686503,0.39454253176425363,0.6522929182893237,0.4281994839932056
372902300150,0.5428440360675104,0.3528920031608419,0.6629828826997055,0.45320634639009516
372902308484,0.5093419501122008,0.4440942317881483,0.6369295439096933,0.3743889382544984
372902316817,0.512757089725019,0.3987882289480656,0.6446266522161141,0.412432203901575
372902325150,0.492250019293788,0.3600281857429667,0.65145646764877,0.4284394446839678
372902333484,0.5040336075524791,0.4214466176134475,0.6331939233472644,0.39676883372854677
372902341817,0.5325596586186835,0.3713766463259433,0.6468401042161379,0.3662403187853225
372902350150,0.5317162510834204,0.3906428966116398,0.6359490855486559,0.38619704956704
372902358487,0.46333855626068576,0.4946893225324915,0.639504058745132,0.40762988557206825
372902366821,0.5048909288771609,0.40608164604673996,0.6399212405312025,0.414153017896287
372902375154,0.507962861684318,0.4341791437027302,0.632265409800057,0.4111292210031063
372902383487,0.5178272745891908,0.3781782718414956,0.6673831186033672,0.41115679639451047
372902391821,0.5124690742840521,0.3872575151159408,0.6515990839903115,0.418095385774653
372906400251,0.26205541732463433,0.36272692173085314,0.4275464924635496,0.4292630540563705
372906408585,0.29029716329371674,0.3317113632851459,0.42535947666342133,0.3888453828527572
372906416918,0.23264676821630415,0.5039940996372954,0.4039598366409812,0.3667386846339449
372906425253,0.2594846128330405,0.4131971927399331,0.3873917599941822,0.40576188107754324
372906433587,0.3025292393646704,0.34535734704200255,0.4363724728848072,0.3589746596965384
372906441920,0.2808844847519709,0.40324083287665186,0.4268399038575703,0.4422779083251953
372906450251,0.2575301892126947,0.3724040579288564,0.4073652366012063,0.41135767672924284
372906458585,0.276806353073352,0.3490016815510202,0.4538829768682323,0.5403424831146889
372906466920,0.284588335495227,0.33573536162680767,0.41165532167197,0.41501278572894157
372906475254,0.23827628741510734,0.4856331804965405,0.41050604266598595,0.34828618232240066
372906483585,0.28418599508453646,0.33140693826878326,0.40462236491380127,0.3527123065704995
372906491920,0.25414496424712674,0.5178071793089521,0.4260936609517477,0.4361258567647731
372906500254,0.2676063236132219,0.4834497938764856,0.43468310695288753,0.4283572663652136
372906508586,0.3116443947093465,0.3398576087140022,0.42310729794951557,0.3779125619441905
372906516921,0.24248845526512633,0.3551186703621073,0.4141057718850921,0.42262669827075716
372906525254,0.2559252336032485,0.49665164947509766,0.42722508392797776,0.40287303924560547
372906533586,0.2432307559306136,0.4539497862470911,0.42355022024601063,0.40200231430378364
372906541921,0.2315997555625475,0.4902670332726012,0.4149788621711151,0.451363908483627
372906550257,0.26444742962219797,0.3882831005339927,0.4111423666354008,0.4597066514035489
372906558591,0.24849434246770516,0.35173785432856136,0.42116609242911757,0.4066468502612824
372906566924,0.21626583203718655,0.49439165440011534,0.41037386166650835,0.4678083379217919
372906575257,0.25721411429640006,0.36721130127602436,0.4300903969622673,0.45501920010181185
372906583589,0.24103330478842136,0.4483653129415309,0.4415029508364599,0.4392108308508041
