372893583216,0.3729021715900456,0.7644738034999117,0.5445037192486702,0.762512298340493
372893591549,0.35473145829870345,0.7622524322347438,0.5421439405632599,0.7743909916979201
372893599883,0.35778483938663563,0.7632835875166223,0.5416295941477488,0.7687172179526471
372893608216,0.379863472332708,0.7380622397077844,0.5391480698049249,0.7758228119383467
372893616549,0.36328472844735465,0.7236841384400713,0.5283131700880984,0.7798821469570728
372893624882,0.366772915454621,0.7895324382376163,0.5287764992757409,0.7612888457927298
372893633215,0.36349900080440256,0.7649818481282985,0.5208045936283007,0.7801922331465051
372893641548,0.35945333463442725,0.5754510696898115,0.5456680715265245,0.7847660044406323
372893649881,0.3655577778453885,0.7133004513192684,0.5276306987171115,0.7718547861626808
372893658215,0.37438491774909766,0.7662696736924192,0.5510643028560743,0.7556462084993403
372893666548,0.35394579298952794,0.729195107804968,0.5316443631714238,0.7577252286545774
372893674881,0.3772293600992591,0.747782473868512,0.5280566925698138,0.7613071076413418
372893683215,0.407666470142121,0.7888411359584078,0.5380071390725921,0.7733368264867905
372893691548,0.3795446146585296,0.7278872855166172,0.550541608166912,0.7575056299250177
372893699881,0.3680462590829217,0.779586578937287,0.5283356640476586,0.7587719978170192
372893708215,0.38026952308724354,0.7593929006698283,0.5086214477168028,0.7791967797786632
372893716548,0.39456501412898937,0.7621637709597324,0.5106194678773271,0.7566301569025567
372893724882,0.3709243264241784,0.6421970306558812,0.5201485584572093,0.7851755263957572
372893733214,0.35239626064126617,0.7385248123331273,0.5164379827157343,0.7938922719752535
372893741548,0.3548842780858188,0.7577672309063851,0.5613503035803334,0.7779484911167875
372897425043,0.29656277456544455,0.675949309734588,0.4750548945371865,0.6246371675044933
372897433377,0.2818818715568009,0.6020909065895892,0.4507519104560458,0.6398453611008664
372897441709,0.27775225885733285,0.5875166730677828,0.46165568343049485,0.6464021865357744
372897450043,0.27429723304818104,0.6969466006502192,0.47230854440242687,0.6460315623181931
372897458377,0.2542618400782437,0.6864268627572567,0.4932763931599069,0.6557844851879363
372897466708,0.2989717153068009,0.6139349024346534,0.5135311602096789,0.6630850244075694
372897475043,0.2991655807727014,0.6493550361470973,0.4673262483080832,0.680081418220033
372897483376,0.31620834953516813,0.5979728597275754,0.49885141668348687,0.6794522062261054
372897491710,0.2838198305263345,0.6511282616473258,0.4645175180174297,0.6699923860265854
372897500041,0.3216168713787044,0.5630032458203904,0.49536369346920117,0.6699970427979814
372897508380,0.29809352329799105,0.5767070283281043,0.47702531901536377,0.6800821486939775
372897516716,0.26865356816346886,0.6639040683178191,0.4941909929176957,0.6640765514779599
372897525049,0.29157978278162994,0.5710900489320146,0.4798384553393332,0.6577115667627212
372897533380,0.3287238031172825,0.493118073077912,0.48325869667493826,0.6514344215393066
372897541716,0.31227793592087766,0.5738812811831211,0.5128050922985135,0.6332828744928888
372897550047,0.39926300512621105,0.5871853118247174,0.6431204845115407,0.6224488501853132
372897558381,0.4779607894572806,0.43970225719695394,0.708218467271799,0.549260565575133
372897566715,0.37826918396181614,0.42804644970183675,0.6025970366225779,0.4438213997698845
372897575047,0.4397820469818579,0.48030382521609044,0.6964186462587861,0.4650020396455805
372897583381,0.4731364148728391,0.326688807061378,0.6738817858478581,0.3808910694528133
372897591714,0.3972373892833397,0.26539839074966753,0.5784849033529635,0.4045944010957758
372897600047,0.3895363387365834,0.3616439941081595,0.5616049259266955,0.3509637345658972
372897608380,0.3737583334322758,0.34605038419682926,0.5614836440622626,0.3339531878207592
372897616713,0.4513525223659527,0.21828355180456283,0.5651596672266812,0.34388215491112245
372897625049,0.4043494227447046,0.3478939178142142,0.5586099827543218,0.30678083541545464
372897633382,0.4193348058451273,0.31032929521925906,0.5557031602482665,0.3060142030107214
372902400154,0.5325721810291604,0.3729643314442736,0.6432781741249525,0.38376658013526427
372902408487,0.5004009490317487,0.35648082165007894,0.6395944983763535,0.38050410088072434
372902416821,0.5212848512597359,0.36555732564723237,0.6325300036955025,0.4029793232045275
372902425154,0.49078559295747054,0.36092137275858127,0.6081161730919927,0.3711069188219436
372902433489,0.5360891232012253,0.3392978830540434,0.6255288167565065,0.39053551694180105
372902441821,0.516908964487557,0.409394345384963,0.6410556781618066,0.3720019320224194
372902450155,0.5485878802360372,0.3570012843355219,0.6531421232368446,0.38746332614979845
372902458489,0.5154048838513963,0.3792968100689827,0.6599135007539418,0.3677794273863447
372902466821,0.45951087279160335,0.43374779883851394,0.6303861206425722,0.37935634369545795
372902475155,0.502209973552669,0.4049077744179584,0.6393721096421447,0.4554279002737492
372902483488,0.5171315851182561,0.37780116466765706,0.6446113470477536,0.4325045321850067
372902491823,0.5229554335759403,0.361574964320406,0.6387515546340711,0.39506080302786317
372902500157,0.5201559791448993,0.40604037426887674,0.6481976262704218,0.4360245035049763
372902508490,0.4876869920539276,0.4202944775845142,0.6181051144121628,0.3934543082054625
372902516824,0.506248682827935,0.406535452984749,0.6380215444825703,0.3937989092887716
372902525157,0.460543739759451,0.5667896575116097,0.6226892442326415,0.3698771659364092
372902533490,0.5347659218275076,0.36314968352622173,0.6339492102162092,0.40394720118096533
372902541824,0.5315578657805377,0.38375598826306934,0.6306096688592325,0.39830082020861035
372906191915,0.26751101415570383,0.3891472512103142,0.4564922761772179,0.4361366312554542
372906200246,0.25771593830143424,0.35585772737543636,0.41519406211412424,0.34578668310287153
372906208582,0.25790470204454785,0.37968505697047455,0.4241016700999715,0.37040767263858876
372906216913,0.21863650985764152,0.4061800774107588,0.44227841270006174,0.36048582766918424
372906225247,0.23152021506637063,0.34654436720178483,0.42539310165451655,0.5038239905174743
372906233580,0.24284279310232237,0.4370197742543322,0.4213147380794073,0.36716637712843875
372906241913,0.2244942152029113,0.49833648762804394,0.42769026828754275,0.46482873470225233
372906250247,0.2504438962617544,0.3747998298482692,0.40860472334192155,0.44307978609774973
372906258582,0.23508075377861418,0.4791213705184612,0.42926530924973877,0.4433933420384184
372906266915,0.24892636562915557,0.39032477520881814,0.41708912023295025,0.4503193307430186
372906275248,0.24742599533683984,0.37476860208714263,0.4177690407425437,0.40860013758882563
372906283582,0.25569983021466564,0.3955630038646942,0.4095812394626235,0.36351948596061545
372906291918,0.23757781518628895,0.48210608705561214,0.43452889578683035,0.4117727685481944
372906300251,0.24660276279623386,0.3378469791818172,0.4398583409271704,0.3483921010443505
372906308583,0.24151611328125,0.5123553783335584,0.3968512816269709,0.424286517691105
372906316918,0.24189271318151595,0.49941658466420275,0.42098243040879085,0.4320399507563165
372906325249,0.2528062258085581,0.36132715103474067,0.4056287956817534,0.32290166489621425
372906333585,0.26980493423786567,0.3391209257409928,0.4146933975915416,0.3652397520998691
372906341916,0.23535902956698804,0.47766188357738737,0.4134478815420783,0.37699764332872754
372906350252,0.267721808065397,0.414184976131358,0.421076348487367,0.3920989138014773
372906358585,0.2294231751044833,0.3953833072743517,0.40112188739254845,0.4230463555518617
372906366918,0.28688874867911757,0.33567929775156874,0.4317885749608188,0.3646088052303233
372906375252,0.24616865256637063,0.35320318506119097,0.44700399937963053,0.3344584931718542
372906383585,0.24805397103260354,0.41182591052765544,0.392947304212576,0.32426692069845
372906391918,0.2168052232736512,0.5194496499731186,0.4191965955369016,0.3712674404712433
