1710275270506180,0.4908972691807542,0.6010901883052527,0.4908972691807542,0.6010901883052527
1710275270669403,0.3751625487646294,0.6565906838453915,0.3751625487646294,0.6565906838453915
1710275270695956,0.34265279583875163,0.6714568880079287,0.34265279583875163,0.6714568880079287
1710275270722643,0.32444733420026006,0.6813676907829535,0.32444733420026006,0.6813676907829535
1710275270748972,0.31144343302990896,0.6912784935579782,0.31144343302990896,0.6912784935579782
1710275270774140,0.30754226267880364,0.6962338949454906,0.30754226267880364,0.6962338949454906
1710275270800062,0.3049414824447334,0.7041625371655104,0.3049414824447334,0.7041625371655104
1710275270826090,0.3036410923276983,0.7091179385530227,0.3036410923276983,0.7091179385530227
1710275270852741,0.30234070221066334,0.7130822596630327,0.30234070221066334,0.7130822596630327
1710275270878435,0.30104031209362825,0.7160555004955401,0.30104031209362825,0.7160555004955401
1710275270904441,0.2997399219765931,0.7180376610505451,0.2997399219765931,0.7180376610505451
1710275270929128,0.298439531859558,0.7229930624380575,0.298439531859558,0.7229930624380575
1710275270955661,0.2945383615084527,0.7309217046580773,0.2945383615084527,0.7309217046580773
1710275270980712,0.28933680104031195,0.7418235877106045,0.28933680104031195,0.7418235877106045
1710275271007531,0.2828348504551364,0.7537165510406343,0.2828348504551364,0.7537165510406343
1710275271033232,0.27763328998699593,0.7626362735381566,0.27763328998699593,0.7626362735381566
1710275271060319,0.27763328998699593,0.7666005946481665,0.27763328998699593,0.7666005946481665
1710275271085744,0.27763328998699593,0.7685827552031714,0.27763328998699593,0.7685827552031714
1710275271112279,0.2789336801040311,0.7685827552031714,0.2789336801040311,0.7685827552031714
1710275271138270,0.28933680104031195,0.7685827552031714,0.28933680104031195,0.7685827552031714
1710275271163944,0.31144343302990896,0.7606541129831517,0.31144343302990896,0.7606541129831517
1710275271189534,0.3361508452535761,0.7487611496531219,0.3361508452535761,0.7487611496531219
1710275271213654,0.36475942782834864,0.7358771060455896,0.36475942782834864,0.7358771060455896
1710275271239775,0.3933680104031209,0.72398414271556,0.3933680104031209,0.72398414271556
1710275271266248,0.4167750325097528,0.7150644202180376,0.4167750325097528,0.7150644202180376
1710275271293201,0.44928478543563066,0.6972249752229931,0.44928478543563066,0.6972249752229931
1710275271318704,0.4687906371911573,0.6833498513379583,0.4687906371911573,0.6833498513379583
1710275271344287,0.4895968790637191,0.6655104063429138,0.4895968790637191,0.6655104063429138
1710275271369360,0.5078023407022106,0.651635282457879,0.5078023407022106,0.651635282457879
1710275271395587,0.5273081924577373,0.6407333994053518,0.5273081924577373,0.6407333994053518
1710275271420380,0.5520156046814044,0.6258671952428146,0.5520156046814044,0.6258671952428146
1710275271445654,0.5767230169050716,0.6149653121902874,0.5767230169050716,0.6149653121902874
1710275271471171,0.6053315994798439,0.6050545094152626,0.6053315994798439,0.6050545094152626
1710275271495717,0.6404421326397919,0.5921704658077305,0.6404421326397919,0.5921704658077305
1710275271523983,0.6729518855656696,0.5812685827552032,0.6729518855656696,0.5812685827552032
1710275271549974,0.6833550065019506,0.5773042616451932,0.6833550065019506,0.5773042616451932
1710275271577543,0.6833550065019506,0.5773042616451932,0.6833550065019506,0.5773042616451932
1710275271602929,0.6833550065019506,0.5773042616451932,0.6833550065019506,0.5773042616451932
1710275271628493,0.6833550065019506,0.5773042616451932,0.6833550065019506,0.5773042616451932
1710275271654606,0.6833550065019506,0.5773042616451932,0.6833550065019506,0.5773042616451932
1710275271680373,0.6833550065019506,0.5773042616451932,0.6833550065019506,0.5773042616451932
1710275271706896,0.6833550065019506,0.5773042616451932,0.6833550065019506,0.5773042616451932
1710275271733068,0.6833550065019506,0.5773042616451932,0.6833550065019506,0.5773042616451932
1710275271760139,0.6833550065019506,0.5773042616451932,0.6833550065019506,0.5773042616451932
1710275271785260,0.6833550065019506,0.5773042616451932,0.6833550065019506,0.5773042616451932
1710275271811554,0.6859557867360208,0.5773042616451932,0.6859557867360208,0.5773042616451932
1710275271837533,0.7080624187256177,0.5852329038652131,0.7080624187256177,0.5852329038652131
1710275271862144,0.7678803641092328,0.6010901883052527,0.7678803641092328,0.6010901883052527
1710275271889533,0.8992197659297789,0.6179385530227949,0.8992197659297789,0.6179385530227949
1710275286169164,0.8758127438231469,0.5277502477700694,0.8758127438231469,0.5277502477700694
1710275286195085,0.7132639791937582,0.5753221010901883,0.7132639791937582,0.5753221010901883
1710275286220390,0.5884265279583876,0.6228939544103073,0.5884265279583876,0.6228939544103073
1710275286246890,0.4960988296488947,0.6883052527254707,0.4960988296488947,0.6883052527254707
1710275286273719,0.4219765929778932,0.790386521308226,0.4219765929778932,0.790386521308226
1710275286299685,0.4219765929778932,0.790386521308226,0.4219765929778932,0.790386521308226
1710275286326313,0.4219765929778932,0.790386521308226,0.4219765929778932,0.790386521308226
1710275286352496,0.4219765929778932,0.790386521308226,0.4219765929778932,0.790386521308226
1710275286378391,0.4219765929778932,0.790386521308226,0.4219765929778932,0.790386521308226
1710275286405283,0.4219765929778932,0.790386521308226,0.4219765929778932,0.790386521308226
1710275286432192,0.4219765929778932,0.790386521308226,0.4219765929778932,0.790386521308226
1710275286459608,0.4219765929778932,0.790386521308226,0.4219765929778932,0.790386521308226
1710275286483712,0.4219765929778932,0.790386521308226,0.4219765929778932,0.790386521308226
1710275286511567,0.4219765929778932,0.790386521308226,0.4219765929778932,0.790386521308226
1710275286537904,0.4219765929778932,0.790386521308226,0.4219765929778932,0.790386521308226
1710275286563471,0.4219765929778932,0.790386521308226,0.4219765929778932,0.790386521308226
1710275286590310,0.4219765929778932,0.790386521308226,0.4219765929778932,0.790386521308226
1710275286615752,0.4219765929778932,0.790386521308226,0.4219765929778932,0.790386521308226
1710275286643562,0.4219765929778932,0.790386521308226,0.4219765929778932,0.790386521308226
1710275286669228,0.4219765929778932,0.790386521308226,0.4219765929778932,0.790386521308226
1710275286695107,0.4206762028608581,0.7893954410307235,0.4206762028608581,0.7893954410307235
1710275286721088,0.4180754226267879,0.7854311199207136,0.4180754226267879,0.7854311199207136
1710275286747105,0.41417425227568255,0.7745292368681863,0.41417425227568255,0.7745292368681863
1710275286773445,0.4167750325097528,0.7527254707631318,0.4167750325097528,0.7527254707631318
1710275286799727,0.45318595578673604,0.7130822596630327,0.45318595578673604,0.7130822596630327
1710275286827043,0.49219765929778936,0.6912784935579782,0.49219765929778936,0.6912784935579782
1710275286852375,0.5390117035110533,0.6774033696729435,0.5390117035110533,0.6774033696729435
1710275286878445,0.5780234070221066,0.6724479682854311,0.5780234070221066,0.6724479682854311
1710275286905261,0.628738621586476,0.6645193260654113,0.628738621586476,0.6645193260654113
1710275286930728,0.653446033810143,0.6585728444003964,0.653446033810143,0.6585728444003964
1710275286955759,0.6729518855656696,0.653617443012884,0.6729518855656696,0.653617443012884
1710275286982576,0.7015604681404422,0.6476709613478692,0.7015604681404422,0.6476709613478692
1710275287008853,0.7223667100130039,0.6437066402378593,0.7223667100130039,0.6437066402378593
1710275287033779,0.7600780234070221,0.6367690782953419,0.7600780234070221,0.6367690782953419
1710275287061465,0.7795838751625488,0.6318136769078295,0.7795838751625488,0.6318136769078295
1710275287093314,0.7912873862158648,0.6268582755203171,0.7912873862158648,0.6268582755203171
1710275287116968,0.8003901170351105,0.6228939544103073,0.8003901170351105,0.6228939544103073
1710275287144317,0.8068920676202861,0.6189296333002974,0.8068920676202861,0.6189296333002974
1710275287170127,0.8159947984395318,0.6159563924677899,0.8159947984395318,0.6159563924677899
