372516772920,0.29370776210869287,0.29599755273168665,0.3538098940333054,0.3091269877373103
372516781263,0.30235668888469514,0.27954011329041023,0.34652244558989376,0.3436711795178362
372516789606,0.2891053454007203,0.296217870167768,0.3480584496530304,0.31853258901474724
372516797950,0.28583003478222313,0.2966057884751486,0.3648880591076106,0.31966876050193005
372516806293,0.29896378433884785,0.2888084274715156,0.3482303108686063,0.30469788618227783
372516814635,0.28670062064014296,0.28811254081290466,0.3540495227462893,0.31478068179057433
372516822979,0.2851616856105391,0.2896700247660352,0.3453457957790672,0.3188488884034398
372516831321,0.28471395827838514,0.27277356065311403,0.3425770982735648,0.38685780753902665
372516839665,0.28708209036670546,0.29243410897682776,0.3515511846930934,0.2976683107908165
372516848013,0.2910101183357283,0.2939728305934887,nan,nan
372516856357,0.29382011582326834,0.2870312561607672,0.35712739280549693,0.31362497787102206
372516864700,0.2874519250445649,0.2894861818721205,0.3558478038996562,0.30838111485392583
372516873043,0.2895443686506385,0.2953656540414832,0.355275732535561,0.3102058920930299
372516881387,0.28957430003547,0.2982490331080376,0.3458825179112249,0.29933850878020096
372516889730,0.3002347579796184,0.29365583111761445,0.36132036237972026,0.3100850570454683
372516898074,0.2955269152959928,0.283955773171554,0.35531836477508366,0.2913860784658211
372516906417,0.27160223537884715,0.3023755569831388,0.3529996150308771,0.3098642495483598
372516914760,0.2848639704712056,0.30126255838167026,0.3569064156973043,0.31606289146386
372516923104,0.3004769623904067,0.2804902016046969,0.3547534876014079,0.2991517255201231
372516931447,0.2790188239811463,0.28910911491605623,0.3518887787398137,0.31685931064176326
372516939790,0.2828841470312045,0.29614051053419005,0.35787203592249345,0.2995434242982849
372516948134,0.2918817699996362,0.2647790550991139,0.3567530284521882,0.3237443880389215
372516956476,0.2838470139242579,0.29653423956517877,0.3554407548293801,0.30931545120662424
372516964820,0.29047179749458857,0.287439406987699,0.35203230727954016,0.3031617548881892
372516973163,0.2986277001839439,0.2864936592139389,0.3487410983883877,0.3011997605614717
372516981509,0.2825549017980573,0.30169199185892576,0.3562440172757203,0.2992320955285824
372516989852,0.29614019782496,0.28047900020978966,0.3503296822136023,0.30754703098564706
372516998194,0.28690454485252653,0.3105772183342042,0.3504852010706945,0.2993437594340637
372517006538,0.2872708268437591,0.2917030079329772,0.3508896744431661,0.3023283711070921
372517014881,0.28665230410201725,0.28140605565579835,0.3511682050747144,0.3122206029845295
372517023225,0.29433010398855863,0.28856612729792885,0.35489213119702234,0.31531330811841257
372517031568,0.3023002011673276,0.27993041189420864,0.3544901447051895,0.3004739101714839
372517039911,0.2978404248274247,0.2892277796933546,0.3466871126150502,0.31341152128932137
372517048255,0.28430149136100297,0.2844736976685765,0.35167694979968533,0.3011916395501639
372517056597,0.3034371497050986,0.29889409343725704,0.3524100466851444,0.3426650842290135
372517064941,0.29951906925863103,0.2878266952166161,0.3474260714334437,0.322175002603702
372517073284,0.29372268339252583,0.2815004974166099,0.3448998447902266,0.3071878862614344
372517081627,0.3069712735443648,0.2996898125279786,0.34762253500391077,0.32031760130193065
372517089971,0.30244284153539724,0.2858454484924018,0.35202537954061774,0.29972971749733557
372517098314,0.3087658243767735,0.26266227149652227,0.35666767515597714,0.30584833944796735
372517106659,0.27572805917582216,0.29415548333919456,nan,nan
372517115002,0.2952796483067611,0.2818583119751773,0.3422994558136732,0.3137705960048159
372517123345,0.29743390866014263,0.2972621202079935,0.34936210801076834,0.3088351913999772
372517131689,0.29010187399956344,0.27472001304439775,0.360316550773292,0.3677219045492798
372517140032,0.27990317649974533,0.30890513010942916,0.34927684353172295,0.3080945691704556
372517148375,0.3407789947545293,0.2770742662190224,0.40543549330048567,0.2867393198059978
372517156720,0.33532624250241017,0.2317870966178558,0.4108586694364359,0.2733981084279096
372517165063,0.3200270416295293,0.2510506255008268,0.37026851418687245,0.2635186881458973
372517173407,0.3013285413748727,0.23838233792178978,0.37932502293614484,0.2476965778220147
372517181749,0.3169482833986649,0.22451179062561732,0.3688384690023829,0.259239825300058
372517190093,0.3119960158751091,0.22921798668716706,0.38783246396723114,0.2622346582459392
372517198436,0.3071653390513588,0.20476415145649995,0.3809380314819194,0.26347388256626847
372517206779,0.31756911538671423,0.2185609095637211,0.37543527516552677,0.24559176571023017
372517215123,0.3021313597353845,0.2153302872550429,0.36836169845705397,0.2607018873703227
372517223466,0.32071297660001635,0.2221081813046827,0.3766144118569921,0.2563140209502925
372517231810,0.30819570699032306,0.21818440267740222,0.36503887065492213,0.2534767776290122
372517240156,0.3277996982490087,0.23270533096537505,0.3603652225800804,0.24124149397185732
372517248499,0.3208893674910415,0.2323179027190216,0.3670293521548039,0.24236499388105134
372517256843,nan,nan,0.3659307726326033,0.23232868406161983
372517398682,0.5515754353320085,0.2356546582444457,0.5200927698848133,0.22229573466066047
372517407026,0.5465655254679315,0.23887253896641691,0.5620281499256494,0.24130464183564676
372517415369,0.48519766011532306,0.2410625516882145,0.5433453703093168,0.25612177701019734
372517423713,0.49195771222897267,0.2356401664397845,0.5508164926513388,0.2556595094441201
372517432057,0.44887250516134314,0.23736525126421432,0.540064553026548,0.25346844659154993
372517440400,0.4979872431549676,0.2423585530789797,0.550357307904813,0.2563604367304393
372517448743,0.5131703599923149,0.2397886030436729,0.5438393713847861,0.25790804945430784
372517457086,0.5175049041286197,0.2348277152654203,0.5432551320689938,0.26078911823316264
372517465429,0.5019476005722951,0.2398893455891197,0.535691817509004,0.26002049251637294
372517473773,0.4876929783848861,0.25862325851913376,0.5449866227137751,0.26826471916808586
372517482117,0.4987274454136805,0.24768495637479848,0.5265013724738977,0.267838436083148
372517490461,0.4900699921897737,0.25194736717186783,0.5349160883840222,0.26994142796826015
372517498804,0.48693989763715073,0.2534760775418305,0.5511156288653231,0.26840480661314425
372517507152,0.5010375798928168,0.24540603258092486,0.5473034184803369,0.2677403538689917
372517515495,0.48379337190887844,0.25564060709021413,0.5369359683657414,0.26504585832406025
372517523838,0.4858274626371053,0.24308223319870417,0.553497971700151,0.27080442543714317
372517532183,0.49209138206330943,0.24778296858023663,0.5325325021088748,0.2731376059875986
372517540526,0.49236396194475773,0.25446873115676455,0.5353898391457181,0.27487081182333617
372517548869,0.48822188460646465,0.24292338341717618,0.5464129375773065,0.2731068721603219
372517557212,0.4741236694478045,0.2517930679570209,0.5551020097121926,0.2655831752360159
372517565555,0.4843980391727754,0.24897171661476522,0.5510426211551405,0.265287738445338
372517573899,0.4965233586303569,0.23718854925955296,0.5599739865179806,0.2683772931869034
372517582242,0.48636285251177785,0.24298107060094837,0.5418052806565592,0.2779715679598088
372517590586,0.47998560238217586,0.26371380244343745,0.5401273467626783,0.2676553632851332
372517598929,0.4879963778228227,0.25434929628356634,0.5457066634758804,0.27127999465967273
372517607272,0.48237771510522776,0.24505045830133884,0.5388799096708109,0.2699766423534997
372517615615,0.4816267659694685,0.2530489543522746,0.5420726203252328,0.27244619988695057
372517623960,0.4860454199616651,0.25122578731368844,0.5467468901202343,0.2737296697171633
372517632306,0.47255595765652286,0.25817191231309106,0.5460082865705035,0.2756114340528578
372517640649,0.4746300161093022,0.25918535851732166,0.5517225165583618,0.26614520522548557
372517648993,0.46631806165986067,0.2567326730849498,0.5550859338052059,0.262362144121727
372517657336,0.4892756114600007,0.2469804586438526,0.5500409411606882,0.2641230734098599
372517665681,0.48996483266561774,0.2604854904224589,0.5399566401702561,0.2619608541491759
372517674024,0.47720225004433753,0.25659027535219175,0.5488104681474644,0.26764976258767953
372517682367,0.48299499440665017,0.2486116617772163,0.5480989538332636,0.2707402974512993
372517690710,0.48050642624167816,0.2597527791780904,0.5365619592810954,0.2703588899547085
372517699055,0.47806724042082,0.2508730833915474,0.5553568261605064,0.26921977810136255
372517707398,0.49014601968358923,0.2503887630792465,0.5555462731748854,0.2557349088335893
372517715741,0.4815303105275484,0.25573455878999846,0.551508644823423,0.27242624740227206
372517724085,0.48334360178191393,0.24697513798127166,0.544985024004793,0.2668588740985117
372517732428,0.4816325390852372,0.23967966947820019,0.5368769049505694,0.26988871140347803
372517740771,0.47348596219827743,0.24011428360060028,0.554477713854682,0.2682387459336447
372517749116,0.49835618966117035,0.249332961600523,0.5767060747246526,0.26730748996454584
372517757460,0.5624175243799567,0.22394612018280277,0.6798728081344587,0.23292312808760227
372517765807,0.6175513128740269,0.2320129447426726,0.7206875819960074,0.2381786825606329
372517774150,0.6416356860550513,0.2258518275001115,0.7478671445835455,0.2378333295538997
372517782494,0.6482054029826652,0.23287874256028243,0.7335632288691883,0.23212390856097223
372517790837,0.636758113767826,0.22062938715077535,0.7169295500820813,0.2381871536155315
372517799181,0.6587328128126364,0.22488906760783609,0.7423841056779322,0.2300403790995114
372517807524,0.6473591530281395,0.2131260627634568,0.7465754765431734,0.2277300213911794
372517815868,0.6546890560767425,0.22285006369113144,0.7384612291045184,0.2330019579042618
372517824212,0.6370449043957818,0.2145342881294487,0.7458064975227827,0.23534830009373328
372517832555,0.6457492530831636,0.22042937224296333,0.722423069413244,0.23247990289286727
372517840899,0.6433151298407487,0.20937079512081178,0.7358698994788635,0.23377086365592423
372517849243,0.6425311407193594,0.21596596641602758,0.7369422779371908,0.22779694972575001
372517857586,0.6730600874415654,0.2145127254442523,0.7453596583622853,0.23760321089727454
372517865929,0.6546833717781395,0.2211889668351091,0.7418443637621417,0.23143341257366037
372517874273,0.6604146546618069,0.22984694501120737,0.7515668236196249,0.23258113549934126
372517882617,0.6497435386577779,0.21793657181508,0.7486420743540363,0.2307326953134957
372517890959,0.6483996461239905,0.218359214446673,0.7358039083247689,0.22830969357762795
372517899305,0.6550684830084946,0.22303649690761845,0.7384331628801659,0.23900086494682274
372517907649,0.6622384263417218,0.21887965925754965,0.7371391855934862,0.2301380412613587
372517915992,0.6360698695510314,0.21321805421913234,0.727817291153185,0.22763753987447666
372517924337,0.6543457777314191,0.2221855409382607,0.7346900522500728,0.2396391344303797
372517932680,0.6527037259724698,0.22486050405082267,0.7379321452486085,0.2354262197970566
372517941023,0.6517001808175386,0.22312953849406655,0.736119386897237,0.23208477368751512
372517949366,0.6504079798741723,0.22103676788180726,0.731898972818821,0.22979422844642527
372517957711,0.6427121501029995,0.22217903012747087,0.7475203135515952,0.23766320836874633
372517966054,0.6567287422864068,0.22519885618573884,0.7433634037466349,0.2348853324404743
372517974397,0.6456313038871507,0.2133374190836124,0.7273209808314083,0.237859372797059
372517982742,0.6518888284774265,0.2088368386273283,0.7377202274913144,0.23496178196071607
372517991085,0.6566526259754256,0.20437784334963727,0.7337786104959437,0.23475833662571371
372517999428,0.6545853176272374,0.22530218905375793,0.7336128776647992,0.22525108268949376
372518007772,0.671555169386414,0.22928771537046447,0.7342374399738067,0.2242332959447366
372518016117,0.6442169793409852,0.2184018497560386,0.7467198932545566,0.2395283106295164
372518024459,0.6489879710294038,0.2150541028618618,0.7439613209059408,0.2292328285354191
372518032805,0.6375252276277376,0.22058388148396477,0.7357380059878401,0.23270281065152093
372518041148,0.6605839401795783,0.22060012350658026,0.7376305221539854,0.23336544316900107
372518049491,0.651191880178396,0.21476111637631987,0.7320617746834982,0.23920557043875218
372518057835,0.6499668250122781,0.21652939657986067,0.7526136227342386,0.23209261466395018
372518066179,0.643241589227572,0.20815194333747006,0.7430424185098953,0.23075516811202829
372518074522,0.6447605403948996,0.21517234758685114,0.7553448393958273,0.23329571448570363
372518082866,0.6554818380975335,0.21771107373385407,0.7417728659437755,0.2309518926100863
372518091210,0.6516126959093513,0.21477938865176227,0.7366054832449614,0.22104579900645122
372518099553,0.6465390153203215,0.22139752280653788,0.7392282541472642,0.23156110847560266
372518107897,0.6445718927350116,0.22894747300015772,0.7374754473827215,0.22272376796355256
372518116241,0.6495492955164527,0.2282196623660612,0.7585213853260968,0.23092528929718167
372518124585,0.6440276211437719,0.2163681665019149,0.7334040685083036,0.2299304654119843
372518132929,0.6486197350605264,0.21765926728240817,0.7278880784342259,0.23282497586472778
372518141272,0.6519723166131585,0.22200603858487253,0.7464852383028503,0.22525241285513897
372518149615,0.6396901460409997,0.226426949119879,0.7323978588384022,0.23731883548406754
372518157963,0.6527912108806571,0.2299930532060284,0.732736163422448,0.22497307806964023
372518166307,0.6355789770763606,0.22141936552660696,0.7469069422054624,0.23874456302960195
372518174650,0.6317017525261023,0.2197142331868556,0.7345442144640388,0.23047345303011174
372518182994,0.6432281778355555,0.21408203181006974,0.739582812272628,0.22812606070986774
372518191337,0.6574153877942193,0.22474638984020537,0.7341951630029467,0.24018849284186058
372518199681,0.6417491943927804,0.22830871345557358,0.7467939667707272,0.23096638441474754
372518208025,0.6415629447963657,0.23115421780559794,0.7324743304180461,0.23113867587016418
372518216369,0.6495262918705436,0.21695175917658097,0.7326162602487903,0.23549286809675457
372518224713,0.6528668831058098,0.21904613998935818,0.7385821092669983,0.22701740264892578
372518233056,0.65831448396232,0.21156976895853513,0.7458926501734848,0.23911686939283064
372518241399,0.6615891728606573,0.21906462229095508,0.7527294403182753,0.23204752904944864
372518249744,0.6497050808250419,0.2201480772133558,0.7494662976514752,0.23893722702200612
372518258087,0.6335060732467349,0.19750956804483982,0.7407583962774665,0.23261557978868094
372518266432,0.6372601083882058,0.2272698540866472,0.7350790714357174,0.23631533051781708
372518274774,0.6348191462240341,0.2212512745942805,0.744579754830517,0.23716096582459392
372518283118,0.6418965420706308,0.22589950343718537,0.7332597406140862,0.23667643548613854
372518291473,0.6434543951565228,0.2209457565481861,0.721161155123372,0.23710600898083037
372518299815,0.6479071549403376,0.21525306763890129,0.7418936572890897,0.24241378995761592
372518308159,0.6345619317122472,0.21440323180903423,0.7365404690796893,0.23214099068820573
372518316503,0.6516245085923857,0.21506432413471466,0.7511405900415636,0.23260570855941898
372518324846,0.6367740120404813,0.22553286778012846,0.7497947435301313,0.23688828186732133
372518333191,0.6480154230652921,0.22807068381379517,0.7443470538564555,0.24227244235563045
372518341534,0.6345769418132458,0.21765303650649104,0.7458963804944431,0.22445452349415418
372518349879,0.6482196137291727,0.2173942142754161,0.7552289329946249,0.23306538580292396
372518358222,0.6369726072229246,0.21110589119193993,0.7537356499881767,0.22736184554232275
372518366566,0.6694001096785416,0.2214379878456402,0.7577699032873436,0.22917255102907463
372518374910,0.6397067548509804,0.21177727479919134,0.7369496497619415,0.2283789321998982
372518383253,0.6370514768660416,0.22829142130218555,0.7365785716437627,0.22350625540653996
372518391597,0.6501803414785543,0.2164409755688118,0.7505238436431352,0.22521852863554465
372518399940,0.6528403267732737,0.21098176573462432,0.7465626868713165,0.23379186627137524
372518408284,0.6512790098179205,0.2140779012956977,0.7467357915272119,0.22813558189553887
372518416628,0.6532728663700978,0.22266272036130821,0.7444660688584565,0.2308029140578203
372518424968,0.6361046858799749,0.22028452420506936,0.7453941194225662,0.23200601387957376
372518433312,0.6313815666438537,0.22087070720230775,0.7459110353267789,0.23513246321561482
372518441655,0.6385738919028303,0.21511494043795165,0.741764339495871,0.2270093516463362
372518449999,0.6421243581005802,0.21059314734006201,0.7531493678775738,0.22612143107378463
372518458343,0.644424633874327,0.2221356247222054,0.7458410474002292,0.22931921929364102
372518466687,0.6335733966583146,0.21969743109449477,0.7458398927770754,0.2230668806913043
372518475031,0.6633748419764989,0.2245409142523761,0.7442937635570521,0.23597809852239163
372518483374,0.6479250071906377,0.22206449586454458,0.7455710432165854,0.23216458362622908
372518491717,0.6564428398301076,0.21966557712772736,0.7464251090816902,0.22976517482838468
372518500062,0.6572366876568866,0.21289832440324943,0.7474939348533906,0.23046715224547643
372518508405,0.6485515234772901,0.22693731267533918,0.7489206049855847,0.2265082992503927
372518516749,0.6536214737453616,0.20850828771295593,0.7399141891177514,0.23382484037763338
372518525092,0.6240619663864686,0.20931968875654758,0.7362329840521319,0.23752046059239748
372518533437,0.6349532601441993,0.2088959259854639,0.7461784638126182,0.2303763509380098
372518541780,0.6292325465032469,0.2072435102104946,0.7401236199944067,0.2321309794415074
372518550127,0.5172272616687281,0.20879364324821734,0.6713584393644499,0.2336907736823376
372518558470,0.4262217298514352,0.20626471832175822,0.5472414240986976,0.22894460264271274
372518566814,0.35856552035206274,0.20728908588602338,0.45398961734438664,0.24026984297237428
372518575157,0.32036872126587057,0.18292108134383284,0.3764728372949105,0.22651004946834694
372518583502,0.28109021791895555,0.2114358422806757,0.35857688894926876,0.23873819223624848
372518591845,0.296761385081672,0.20325154309171642,0.37793192569257494,0.2249370235797826
372518600190,0.27354120292263895,0.19311176038682948,0.35082243984875217,0.23038132155699986
372518608532,0.2954894344520791,0.2114095890113619,0.3500587010411361,0.2270033308965736
372518616877,0.2881661038737358,0.1969550989969325,0.34384611793669057,0.23222066060948332
372518625220,0.29824702981187245,0.19803855391933323,0.34834079942270263,0.22600983717702147
372518633565,0.2853294612364941,0.21473143267981573,0.3587165983508713,0.23377492416157808
372518641908,0.2865332002828507,0.21651847521982612,0.3585399410083491,0.21997459560973026
372518650253,0.27608688052513825,0.20867105798270147,0.359469856732938,0.21729718219203234
372518658596,0.27302766207072177,0.19281807381410584,0.35526569619584003,0.22581500291435402
372518666940,0.28069658024069594,0.20374839496456973,0.3460167206485557,0.22929786663459914
372518675283,0.300944673584837,0.212183325364578,0.3441655044644481,0.23476799782882118
372518683631,0.2942451059610103,0.1930505027584306,0.33746167361666907,0.2281697461500059
372518691974,0.28347131731346403,0.20871180305667647,0.3538670922879984,0.23688394132679477
372518700318,0.2858850126077743,0.20346422957751722,0.3353265977710728,0.23791397959723168
372518708662,0.28035152555205906,0.19876405426573016,0.3483597174789908,0.2207140976997612
372518717006,0.2795759740614086,0.21522905464856892,0.3420909131086747,0.23368762329001994
372518725349,0.2838725932679715,0.20416109635818258,0.3558414090637278,0.2327869611307614
372518733693,0.2611920642075633,0.19117475917249868,0.317387040197086,0.22260601329959043
372518742037,0.27941033004742977,0.18167247585526883,0.3184464513492251,0.22144484870002087
372518750382,0.2893099801504293,0.18614925334737506,0.3177300520909124,0.2276670135448263
372518758724,0.28669706795351607,0.18652197976291277,0.31878297958995744,0.22206239560299945
372518767069,0.27291699588229407,0.2074942114302618,0.32038515244151994,0.2158520622315648
372518775412,0.2650218603913526,0.17141164807666573,0.3212892223708982,0.21942558724184022
372518783756,0.26600417824368816,0.17290465400036162,0.31342792622007787,0.2214700518385621
372518792100,0.2781161751264188,0.1892647113146634,0.310088578425131,0.21137759502715817
372518800444,0.2683183983124454,0.18627211864776363,0.3118922774256039,0.22630289367128156
372518808787,0.26389725743961,0.19557634730129025,0.3139400459973443,0.21881896169889614
372518817135,0.26013247542109286,0.19589026639356505,0.3056050879019936,0.21931658366764933
372518825478,0.26257983242119287,0.18647381376481173,0.3096105644394827,0.2158447813248751
372518833822,0.27130434260518227,0.19401249255480618,0.322507260980928,0.21366435979746684
372518842166,0.27805222676713476,0.19033185420573048,0.3187302221935481,0.22398210466394222
372518850510,0.25070497737080727,0.1921443799191548,0.312330234869534,0.2265596156408114
372518858854,0.25555297354186374,0.18643698917905424,0.3086306446506203,0.22360244738530569
372518867198,0.27390926125718495,0.19339459560823674,0.3149468773874054,0.22491623099048608
372518875541,0.2601743083061245,0.1869421720893698,0.31333902023723986,0.22101765550174682
372518883886,0.2599752690378529,0.19759945923897027,0.32129224215453106,0.2181556290942343
372518892230,0.2640229337290363,0.1936203037156172,0.3249653648580744,0.2251473997778838
372518900574,0.2616094160690574,0.19549009656050464,0.3189331694171093,0.23068249906256771
372518908918,0.2790477783771555,0.19922667187539828,0.31776389143103356,0.21990920746695938
372518917261,0.27347663284319523,0.17518014736704493,0.323748569688364,0.22899346872799548
372518925605,0.2645749324136896,0.19003193685708972,0.31513907773392025,0.21933058541128336
372518933949,0.28246830506152687,0.1746148969765394,0.30635390542577673,0.22054740694179814
372518942293,0.25946465915240285,0.18143668649247185,0.31354685240491303,0.22141705523890734
372518950642,0.28194996808266337,0.18216323696964135,0.3186154704154995,0.2223596526203498
372518958986,0.27044592469895956,0.19585176159857148,0.30456477244047403,0.21799915960912408
372518967330,0.2792635152725735,0.19821070535731355,0.31299831758972096,0.22187078174136785
372518975673,0.2886912797743561,0.18282173897274945,0.3151648347119652,0.21855173842164083
372518984017,0.2622977491030177,0.17658830272431864,0.3221021658882967,0.2207145177520702
372518992362,0.2704614677029522,0.20393090769283923,0.31872080757398685,0.23313497446878506
372519000706,0.2786335351164599,0.17321899314494546,0.3111225878678878,0.2201216139178875
372519009050,0.2684661012589585,0.17399307954175242,0.3227016817565847,0.21986160153860368
372519017394,0.2574492200289672,0.17518868843066168,0.3152151940449014,0.21978487198348926
372519025737,0.27415350846278375,0.17327682034615396,0.31527532326606156,0.21913267076501644
372519034082,0.27672982798743995,0.18948600887279915,0.3211621250068212,0.21625566249181552
372519042425,0.2560991102935827,0.1761477378608741,0.3228035550456108,0.21579710538780125
372519050769,0.27812416867132933,0.1822164435954506,0.31692714491323487,0.21693495708422014
372519059113,0.25856325373799477,0.1921453600412092,0.31645827909565083,0.22405155331236698
372519067457,0.2691452861248545,0.18719007296041018,0.3049739531227263,0.2147746280589267
372519075799,0.28723609933198124,0.20327485599486708,0.37707759337597313,0.23638337899187845
372519084144,0.3764058691519936,0.2364568181372389,0.4528654584784724,0.2717776866371441
372519092487,0.3904507051940847,0.26663183582548605,0.48434759102267355,0.287108545785627
372519100832,0.4322902515131603,0.274734504849059,0.5258170362123927,0.3076999300261306
372519109175,0.44274047922616233,0.29530481646539336,nan,nan
372519117520,0.45226887357665163,0.29150026268515655,nan,nan
372519125864,0.4418802849766262,0.30373904677821995,0.511194000421775,0.31346619809821225
372519134207,0.4664731364311245,0.2776899928953286,0.5123829070014643,0.3183434954669697
372519142552,0.4550556009667855,0.28076708608505974,0.5246620577899902,0.3035977691849526
372519150895,0.4648452954186827,0.28518785660262985,0.5235705836410434,0.3143775715913508
372519159240,0.4478035905724771,0.2900316197953839,0.5127839165044746,0.30336982079859076
372519167583,0.44280345059662396,0.2814951767540289,0.5138316037907451,0.3052595661281567
372519175927,0.463555936624618,0.2877818896369872,0.5143629080757968,0.30369564137295446
372519184271,0.4489007490200269,0.2953077568315565,0.524190527457436,0.31404138972669793
372519192616,0.4643894857244525,0.296640512799361,0.5287448052616142,0.30808049741810334
372519200960,0.4551082695460292,0.29448963495102054,0.5198908884672403,0.3168585405458634
372519209305,0.45421983143780925,0.2895327376697036,0.5242932001009531,0.3239625352047396
372519217649,0.46490240485621,0.29205648195101813,0.5301526461546857,0.3281938621309414
372519225994,0.4525870166640898,0.27834604459330076,0.5149232555740232,0.3132711538093903
372519234337,0.4626667879790727,0.29592656389146216,0.5306981611862449,0.30438494721205744
372519242682,0.4529896248760823,0.29403338813470586,0.5198751678289163,0.31532955014102804
372519251025,0.4607375903235048,0.2738708773017124,0.5288518299462492,0.3042573213188333
372519259369,0.4410913220939592,0.2964605903936638,0.526788607187682,0.3155726204105147
372519267714,0.43761146554291874,0.2805408179079339,0.5230239139863304,0.3139135538073193
372519276057,0.4564775637891989,0.293291435739539,0.5155408013269427,0.31056489679980626
372519284401,0.4537343568102445,0.2850273266118658,0.522344018583109,0.3080204299379134
372519292745,0.4615522213670511,0.27687649159019184,0.5142402515700033,0.30465504084675776
372519301090,0.45728491182516007,0.29474446668515975,0.5223881607144482,0.3126843407336884
372519309433,0.45602592850175533,0.293396378808076,0.5275293423493889,0.31600191387033383
372519317778,0.43691611595287033,0.3334454961157545,0.5182554091785506,0.3642800659378823
372519326122,0.3855167340066574,0.394519071594537,0.48739348690223916,0.45957243267513603
372519334466,0.36245260360771064,0.3990337938118914,0.4473753141996053,0.45321242066425366
372519342815,0.3474927731248636,0.4477615418675284,0.4242858709084419,0.4773609478749809
372519351160,0.3559578483679242,0.4730636727362628,0.41758115188900613,0.5014532580850175
372519359504,0.3361335905383713,0.47456507970613915,0.416705237001146,0.5010974737792769
372519367849,0.35431384263133003,0.45982495412157565,0.410486525512269,0.49729341006006733
372519376192,0.354997113086847,0.45209081099045023,0.4099206713497708,0.5117499303273236
372519384535,0.3595289201481101,0.4376411515775746,0.41545966506975773,0.5067252646068181
372519392880,0.3565102023212402,0.4624998472254195,0.4130784768580835,0.502656357906771
372519401224,0.341585365801668,0.48764284827775317,0.4139312104657032,0.5094908190006922
372519409567,0.3110666330535143,0.49961433908484304,0.41250107646404793,0.5397212835937301
372519417911,0.27444624984083965,0.5842107738600664,0.3825033452097279,0.6100649234715722
372519426256,0.27968797250732136,0.6149074615117581,0.35865451515206637,0.6338918656353849
372519434600,0.25827246633758366,0.6246762680190617,0.34761818296279284,0.6415909343987072
372519442944,0.2528064803277794,0.6653057926047296,0.3319648680503765,0.6733837135464293
372519451288,0.2455146798432498,0.6704434523963617,0.3161010564553169,0.6794976099085847
372519459632,0.25426228249031396,0.6739479488105213,0.31898708143667237,0.6787337797889896
372519467977,0.24652302112512733,0.6672433188844467,0.324611517270036,0.6784285067734088
372519476321,0.2543811198579835,0.6698309111167323,0.32694003690246654,0.6929605664475706
372519484665,0.24446521621366596,0.6718774409706402,0.3142999331526484,0.6892370127542568
372519493009,0.2414797160067575,0.6766126556458715,0.32194984444916874,0.6923535908610358
372519501353,0.24833835517430333,0.6695530815186742,0.3228306442811409,0.6911943515012159
372519509698,0.25822130765015644,0.6778860442206677,0.31465600116982867,0.6896411030755346
372519518042,0.25585717233429134,0.6794048133526501,0.31458077303050425,0.6886074243517529
372519526386,0.2539595047725371,0.6815753986551556,0.31940807480195904,0.6864302582297395
372519534730,0.2472328479131803,0.6715087400563973,0.3226820531629711,0.6941122798701873
372519543074,0.252568361506612,0.6762802192476406,0.3280235175065028,0.6955161296912935
372519551418,0.25523838314105246,0.6774937853727605,0.32914216970814536,0.688726404168283
372519559762,0.24463103786197612,0.6725132601490612,0.32804883039871946,0.6885363304984511
372519568107,0.2621989844147901,0.6720233041349476,0.321185217469896,0.6899659785322031
372519576451,0.25495292477058173,0.6758890805392243,0.3197961169987813,0.688926454080454
372519584795,0.27682512880620636,0.6673394058501351,0.32223254948750363,0.6845467436760907
372519593140,0.2655549410197177,0.6754633225196727,0.31799721412525467,0.682013023152437
372519601487,0.26292941678527904,0.673623108358212,0.33788488741109757,0.6902324317135585
372519609832,0.2681476917200233,0.6696666706639052,0.3341127335678296,0.6905925565598257
372519618176,0.26174939192215696,0.6630200779651935,0.3243078513806024,0.685799164639795
372519626519,0.2692439619959164,0.6712913979908381,0.32220075294219297,0.6862730886574476
372519634864,0.2581372866114304,0.679762802933013,0.3232805920424367,0.6893137773137302
372519643208,0.25902465891366233,0.6754288082216148,0.31889808663666874,0.6830270294264129
372519651552,0.25645588884808823,0.6738700291071981,0.3182467015436281,0.6869063875220145
372519659896,0.2547467801290563,0.6899265986282324,0.3249173147714457,0.6915273829735512
372519668241,0.26311300186672365,0.7357302925520581,0.3382828771304751,0.752634422619619
372519676585,0.24180851715407634,0.7731666144889098,0.3331186918496253,0.7872747363701924
372519684928,0.2333967322104191,0.8051292347869127,0.3141120848472515,0.816587736711611
372519693273,0.20524462165876928,0.8116441760911055,0.29863000943025136,0.8514379891057972
372519701616,0.20689209126482466,0.8523962159335711,0.29239131407909813,0.8756783152482249
372519709961,0.1899607861555497,0.8633795861902284,0.277808778916027,0.8864653985613128
372519718305,0.20213388924826287,0.8715634828290582,0.2898503437863795,0.888313698729722
372519726648,0.19586472960928406,0.8644312746567594,0.28284204769467586,0.8905810360807385
372519735013,0.20409008732219514,0.8766564245519591,0.2781376688805115,0.8884131111095236
372519743357,0.20209489851253273,0.8666546990393037,0.2663082882189501,0.890364971674286
372519751702,0.20527242143162472,0.8615505559214954,0.2759186608133549,0.8920165823489963
372519760046,0.20783799407923456,0.8653696365107525,0.2717511817656796,0.8850678670270213
372519768391,0.20241073235366341,0.8625090452819625,0.2698305105580162,0.8894100702606251
372519776735,0.206508489926286,0.861111898795621,0.2780873095475753,0.8854750377318987
372519785078,0.19433050188946085,0.8588948277042507,0.2778221903080435,0.8828039250988361
372519793422,0.19405845491100662,0.8624753535863431,0.26953261778435134,0.8868633631197508
372519801767,0.2023034412175313,0.8665988320822039,0.2711535310578707,0.8878831976195144
372519810111,0.21107644557397773,0.8658695862693849,0.27177356369142897,0.8854634162846825
372519818455,0.20342413621398428,0.8711587274249576,0.27769056326851715,0.8866273112242606
372519826799,0.1984216869918237,0.8621565338837964,0.2658511462672348,0.885082726377453
372519835144,0.21420805001841714,0.8634072571360851,0.2711714721253365,0.8889620144643363
372519843488,0.2022158674921784,0.867415186242606,0.2666921560089857,0.8878776494285994
372519851832,0.2172890286784233,0.869699570716497,0.2635434986687373,0.8915944647827895
372519860176,0.219809659840203,0.8687844517569363,0.26424240094541257,0.889964784339046
372519868506,0.2086034204129984,0.8661540316913101,0.2729621150024556,0.889604887021113
372519876850,0.1999514738533633,0.858324991742705,0.2684637031954853,0.8892395815297013
372519885194,0.19822993073113723,0.8660674309069336,0.2698543135584164,0.8888022720716517
372519893538,0.19935346787689173,0.8711043131487599,0.26781373917709544,0.8877399597821384
372519901883,0.20151758693566282,0.8688016563994266,0.26992758772009606,0.8897172160094169
372519910228,0.17930414734952524,0.8750252739251341,0.24890500869129256,0.8930399522890274
372519918571,0.13067479516629985,0.8745260942624016,0.21302376193134276,0.8985416399129647
372519926916,0.14738174811508659,0.8767480309596848,0.20209321098638497,0.8977707214106548
372519935260,0.16107762151325122,0.8801456240611987,0.21673250031832073,0.8925612851807189
372519943604,0.13985094063773282,0.8843396363406159,0.2088627665367615,0.8913976352716543
372519951948,0.15216934861348588,0.8841247095758336,0.20984366331444632,0.8919503015950687
372519960293,0.14383536750695758,0.8780322883879769,0.20602257121289289,0.8950341506261033
372519968636,0.13062612335951143,0.8752637761257601,0.19611270713584109,0.8949104802254557
372519976982,0.14170331144499418,0.8739548931308516,0.2132919897716731,0.8929930289456739
372519985325,0.13868210673748546,0.8819879734885634,0.19956494154835747,0.894277058845632
372519993670,0.14191176533282704,0.8813412504522874,0.21447761011623254,0.8920904065423066
372520002014,0.13077054007089456,0.8760242283247035,0.2038363366798694,0.8941540710299867
372520010359,0.13500996102276447,0.8751416984234509,0.20161599635522773,0.8961973979850383
372520018703,0.1380602977606137,0.8695384106472693,0.19915638258626492,0.8978593524478583
372520027048,0.1410759069866851,0.8834748186450604,0.21267302294410287,0.8975210178151216
372520035392,0.14917025938022954,0.8767468583136554,0.20469182361962493,0.892490191327417
372520043736,0.14695942249231483,0.8780625146520469,0.21041218199191467,0.8939830397314971
372520052080,0.14403129817443067,0.8785979588307914,0.20337519795569886,0.8952113251896122
372520060424,0.12858208510872926,0.8766544818100299,0.20136624248535726,0.8982084684231931
372520068768,0.14176166432284087,0.8752035336237747,0.21908144789885586,0.897111904368315
372520077114,0.13950783992674076,0.8713933616439048,0.2112586983979373,0.9003091850249647
372520085456,0.1324967016857356,0.8763771597751785,0.20197286372689902,0.8885860851499424
372520093801,0.1226281375907214,0.88137749746612,0.210580934606692,0.8887299005592433
372520102146,0.1314949328741178,0.8665010124007407,0.21220477884667854,0.8900578784320328
372520110490,0.13504468853454235,0.8755241560508144,0.2103731912561845,0.8955700323593364
372520118834,0.15133233564419019,0.8756299742283284,0.21141510542668618,0.8949700926489775
372520127182,0.1450429256914381,0.8837580914209562,0.20868140188445866,0.8925192449454576
372520135527,0.15396310009140352,0.886912246707213,0.2068346265586347,0.8968509993778745
372520143871,0.13688409203561555,0.8829266153774292,0.20917939973238323,0.8985113961467152
372520152216,0.1293859692752292,0.8784921581554569,0.2168961015374891,0.8940169589554505
372520160560,0.15641214461765135,0.8812103516514889,0.21330398008903886,0.8937748338036592
372520168904,0.1974567773039599,0.8768296086185324,0.29087413925508404,0.8951973059437986
372520177249,0.2563557030852099,0.8763370972862057,0.3665716773000946,0.8940084178918337
372520185592,0.28410360671588514,0.887095582037921,0.3689241775672566,0.8897558608218469
372520193937,0.28516204087920183,0.8771188321354727,0.36531784537229883,0.8905270593590293
372520202282,0.2722384327365578,0.8757178526718115,0.3541356753969914,0.8906667267517787
372520210626,0.3056971024856301,0.8810796978812039,0.35901786617683173,0.8888739434968783
372520218969,0.2867015088117997,0.8756175651830328,0.36757415664903775,0.8884481504729677
372520227315,0.29497820284646936,0.8731471675449639,0.3648485354688864,0.8875089485143565
372520235659,0.2866608305499218,0.8741168407981587,0.3619886227342386,0.8928093610735547
372520244003,0.3034407023917255,0.8845648893913282,0.3597825819732702,0.8888667501010864
372520252346,0.2997324080905759,0.8788183637777705,0.3621706979238668,0.8912015058477006
372520260693,0.29487730654626565,0.8833780140900106,0.3633821640636369,0.8935466578889633
372520269037,0.30341006046956853,0.886902147949617,0.3500764644742706,0.8904374481997716
372520277382,0.2971550227599316,0.8836291878686254,0.3618818645011005,0.8917742296688709
372520285725,0.30450659719695866,0.8864794703136649,0.3549961360980246,0.8901058869105178
372520294069,0.2840649712488177,0.8767117839458521,0.36028200089584544,0.8910207433373855
372520302415,0.29520219973829487,0.8833463351450387,0.3686547951037726,0.8906368680334791
372520310759,0.2969184138305806,0.8822959068354347,0.3634027696460728,0.8896889849938149
372520319102,0.2809530842151575,0.8834884178385649,0.3659072360837002,0.8913704368846451
372520327446,0.30314209908073525,0.8846105525777546,0.3702997778291891,0.8933254128373661
372520335791,0.30670739774515243,0.8873796774162553,0.36551581883458234,0.8913187879528152
372520344136,0.2855440435087584,0.8828642726138988,0.36838390274847205,0.8893788113679622
372520352480,0.29631410183534634,0.8851517549735687,0.37042243433498256,0.8950898425614076
372520360824,0.29943469295124236,0.8806039361346993,0.3720427258883422,0.886974571968564
372520369169,0.3021270076942666,0.8838188589883278,0.3715146190212547,0.8864533045552488
372520377513,0.27513937900174623,0.8810316368961801,0.36864458112972026,0.8878753916474384
372520385857,0.2774967642130202,0.8754947698913624,0.36518186629165456,0.892336242156161
372520394207,0.2847999332947559,0.8826954115856724,0.36945850163594113,0.8895993913367366
372520402551,0.3038872751007258,0.8823393122407002,0.363836641500382,0.8886940910998993
372520410896,0.2976123423459782,0.8831178091867519,0.36406907602294636,0.8891366862161708
372520419240,0.30716356270804535,0.88449365552059,0.35503628145690846,0.8872895586937909
372520427584,0.30273007624918147,0.8824784545680633,0.359601839041127,0.8969206405502742
372520435929,0.30596612968045145,0.8833235998138129,0.3629784012284906,0.895072760434174
372520444273,0.3073975959395918,0.8888767438456051,0.34987600413134823,0.8936177342400854
372520452617,0.2990829769751801,0.8867248158664921,0.3598991989117979,0.8992743511573331
372520460961,0.30376976999054134,0.881226681185002,0.36066231599925425,0.8894193464157827
372520469306,0.3079533249452034,0.8872760820155432,0.35848398619397553,0.905861103904189
372520477651,0.3000821700889934,0.8791366409127513,0.3614526111394063,0.8910339224785809
372520485995,0.30198161399406104,0.8781546811295178,0.3602343948950451,0.8872484985805841
372520494339,0.3038137344875491,0.8722061453596803,0.36283060946481194,0.8873478234494879
372520502683,0.2883417842274356,0.8725848400184419,0.372260683212902,0.8805475441122133
372520511029,0.2928293603401939,0.8411362937379623,0.3732005464600462,0.8667255303599123
372520519372,0.3139258352508367,0.7778592638634936,0.3947335577399684,0.796614739478704
372520527716,0.30702287631762043,0.7100186106820285,0.38988760436372233,0.7270935270175654
372520536062,0.29182208486430444,0.6719393636818617,0.39166279305401447,0.6840816057525685
372520544406,0.2827162825880839,0.6106156820574165,0.3718364924296511,0.6342514304119067
372520552750,0.2829649706519663,0.599938232396983,0.3640036177718459,0.62291873415376
372520561095,0.29643080759103974,0.6017960187467043,0.36689141909651485,0.6322747342543734
372520569439,0.30742690560426367,0.5953841652800169,0.3612182226391971,0.6323711362592936
372520577783,0.31399306984525066,0.5847743090369768,0.35260366810631005,0.6166249153859075
372520586128,0.29999726087861067,0.5828909695051234,0.3621854415733684,0.6155886113351944
372520594472,0.2946186709598279,0.5912565562697841,0.36300620100134606,0.6158794975591911
372520602816,0.30073035776406976,0.6012188318697508,0.36531491440583164,0.6140714874080888
372520611161,0.31239436086314937,0.6007790721065652,0.36553988828647954,0.6158700113778791
372520619505,0.29092094590139334,0.5943408253531277,0.36571201595355246,0.612221717056598
372520627849,0.2989827023951361,0.6067024397422206,0.36989885714334436,0.6170787118970862
372520636195,0.3074783307431879,0.6026017840884833,0.35891110794369363,0.6129704602974274
372520644539,0.30052945333531905,0.5967533257812699,0.3582779303696158,0.6113964542868087
372520652889,0.3021200799553441,0.5929572430559317,0.37147447366237085,0.612585937412878
372520661234,0.2955735443079707,0.6024211965999634,0.3580712528250964,0.6201337873449528
372520669578,0.2943995590121144,0.597811017495384,0.37584436703061336,0.6150675364458541
372520677923,0.3024238346619434,0.5936570852071192,0.36145918360966606,0.611790043300361
372520686267,0.2978914058805206,0.6026936355267224,0.36365056953829855,0.6056371170778259
372520694610,0.29443979318816393,0.6016042998719955,0.3676651054266862,0.605825265507908
372520702956,0.3028459826503838,0.5979919550274947,0.3734155728181388,0.6116914710251775
372520711301,0.2948495955905759,0.5942240858155791,0.3594509386766498,0.6171952764128394
372520719645,0.2936342214955162,0.6031610487335852,0.36151496078970824,0.6168939238854761
372520727989,0.2992695818402576,0.6023032319098468,0.3620805485007094,0.6109971595627254
372520736333,0.2981105178282341,0.5919501676450546,0.361010656923021,0.6148796330462856
372520744679,0.3047415186001619,0.5994654635231802,0.3612316340312136,0.6188476921878087
372520753022,0.30944794020913674,0.5992146922946948,0.35823041318598114,0.6141862316971697
372520761368,0.3025696724479773,0.5953371544257657,0.35806405863467694,0.6198854664216034
372520769712,0.3008836561920202,0.5981475143992687,0.35427662823891337,0.6096954874657885
372520778056,0.3072104581715203,0.59601340363893,0.35201312277175495,0.6123246648766671
372520786403,0.30617138615032014,0.595328648366508,0.36022755597328837,0.5989534547628431
372520794747,0.3013752592040163,0.5869328178355978,0.3676842899344714,0.6137243141746832
372520803092,0.35442353183093533,0.6137173483072252,0.4422532282552841,0.626954211690881
372520811437,0.4005909609988904,0.6175957262807724,0.507938673665554,0.6301483944617515
372520819779,0.44728250026147776,0.6208521818064554,0.5181998984500055,0.6286081676576499
372520828125,0.4481116973201943,0.6168092133364903,0.5045780097508458,0.6234984763489267
372520836470,0.4261975715823723,0.6149815307355821,0.49009104185803803,0.6329908884368947
372520844815,0.4330637602090003,0.6136430690572467,0.4950208386386787,0.6239429967049479
372520853158,0.44209477843172473,0.6124570513627269,0.5032092484106702,0.6306073366137158
372520861502,0.4381517403617033,0.619595175271711,0.49397101974043217,0.626122543123379
372520869848,0.4323510912716458,0.6190509625010155,0.5058815792914181,0.6236550858514733
372520878192,0.44915778589748256,0.6169042151670472,0.5090503093111085,0.6200852362989018
372520886536,0.4291448804080417,0.6119599544593599,0.5130691972406141,0.628513165827093
372520894881,0.4364328617544474,0.6201728172053326,0.5089722390224826,0.6300814311228219
372520903226,0.4406201470300677,0.6247325200241114,0.5101446256093568,0.6259018406393477
372520911570,0.43400646560544603,0.6081132554307848,0.5046368067145209,0.6280306307371055
372520919917,0.4300856318268426,0.6079415590494726,0.5031760307907087,0.6272202098155683
372520928261,0.4297721072320194,0.6049950671234877,0.5068920521852718,0.624613435194504
372520936605,0.4292528820814992,0.6099796178484819,0.4989721367051077,0.6231338709446967
372520944950,0.4186483789517244,0.6064621348171017,0.5023170799814919,0.6203874289308832
372520953294,0.42842430674294235,0.6091624060812821,0.5081918025877201,0.6242130553352891
372520961639,0.4434611417084273,0.61276452965293,0.5068560812331745,0.6170986643817646
372520969984,0.44421724223979553,0.6163276933729163,0.5085304624404285,0.6241896374190612
372520978329,0.43835770736889734,0.6094155926105443,0.5115393215619088,0.6216337241317476
372520986672,0.44131354264247125,0.6193644265366223,0.5092570756727935,0.6275073155687839
372520995018,0.4334717862680988,0.614060461034977,0.5031296682302278,0.6232953810575153
372521003362,0.4295048563805115,0.6113863730313922,0.5081703976507931,0.627054674201455
372521011707,0.4527963587235794,0.6123811619122305,0.5116118851862631,0.6233523331497466
372521020051,0.43866341605314135,0.6109674408618622,0.4987973445230646,0.6243861518909647
372521028396,0.43695732711774227,0.6184593188237599,0.5034497652953107,0.6204556174223808
372521036740,0.4297564754108611,0.61092085005992,0.5133539450737594,0.6212751044729211
372521045088,0.44308944187008875,0.6135140779940184,0.5084235265729591,0.6208543170723596
372521053432,0.4394512243126546,0.6193376131975631,0.5058517367237522,0.6251149076427566
372521061776,0.4311422896468459,0.6175878152956192,0.49650612810021644,0.6262777524515621
372521070121,0.4364681221692193,0.5945747244805341,0.5202420715403085,0.6083716926139098
372521078466,0.47911945738253964,0.5328510480448239,0.5678883953338729,0.538809700074437
372521086810,0.480024859569403,0.46596499873996755,0.5854929345589439,0.4852094852515963
372521095155,0.504333762545247,0.38453925881066875,0.6023468799169183,0.4200574818870955
372521103500,0.5346062941101571,0.30468038400273534,nan,nan
372521111844,0.5308178867255712,0.26226182162858924,0.6242299196467549,0.28184459026641595
372521120189,0.5383096146500291,0.24722226875641218,0.616869641127492,0.28654014500280384
372521128533,0.5309101677607047,0.26869555281970475,0.6045535423980464,0.2930025097596509
372521136878,0.5334171210789708,0.25941099661598394,nan,nan
372521145223,0.5425169726050914,0.25593548381114667,0.6315455231316848,0.28146437291803406
372521153567,0.5328926557156759,0.258908544045677,0.646641066243679,0.2774201092867828
372521161912,0.5431973120941411,0.25592246218956705,0.63573742689992,0.27716975811060646
372521170257,0.5404584571563046,0.2640445936367912,0.6161766896009168,0.27133943206139916
372521178605,0.5510285880429642,0.26194286190860616,0.6323901743772282,0.2748414081617047
372521186948,0.5450649594538981,0.24970246761502488,0.6318849823388842,0.2688382305873354
372521195293,0.548299680627683,0.26184708998214945,0.6235617481094022,0.27472568375056955
372521203638,0.5354846958786561,0.2636323823042056,0.6305107143344368,0.2682009412258329
372521211983,0.5202654304548803,0.2604530763859461,0.6311743561963402,0.2763346941202733
372521220327,0.5326098618601753,0.26651261097844237,0.6186499812133931,0.26560942850532965
372521228672,0.5534851820282941,0.26186256190886503,0.62279916392494,0.27912573168756133
372521237016,0.5484443637905632,0.2666891029569492,0.6271120366728209,0.2780660097206203
372521245357,0.5495083934353172,0.24584449718282428,0.5991607417327561,0.26339295248806377
372521253691,0.5569732985757422,0.26038222756315793,0.6258628232376401,0.2715948238652838
372521262026,0.5531294692797766,0.2627482422024352,0.6201629816306207,0.26515997253467755
372521270362,0.5500484906197705,0.24796121077669775,0.6213848393787744,0.26505754977999463
372521278697,0.5647907190467204,0.2585479991471009,0.6197021093579471,0.2768367266382712
372521287031,0.551872351116851,0.2629464368835748,0.611075919776357,0.277109480604262
372521295367,0.5498059309403194,0.24960725575831352,0.6280953315139788,0.2728872548114223
372521303702,0.5554440446171965,0.2582526323651412,0.6187549631032178,0.2818140664652938
372521312040,0.5459022388746908,0.26111871927830754,0.6170975459746071,0.27610947607392006
372521320374,0.5463300711617343,0.24218794183279913,0.6244760320128329,0.2659799146418859
372521328710,0.5315636844657214,0.2538254210454994,0.62095887225221,0.28067887510016537
372521337045,0.5462460501230082,0.24806468366215317,0.6222417473931806,0.27785738374047336
372521345380,0.5425592495759514,0.25881592251153795,0.6185750195255657,0.27577000379951316
372521353715,0.5292875669610375,0.24335050660673208,0.626388354406923,0.2669151611079205
372521362050,0.6078427084943885,0.22612976211124688,0.708481172466167,0.2419441714761308
372521370386,0.6507736401452452,0.21627393476725792,0.7641976015670474,0.2292771440540208
372521378721,0.634258709908642,0.22261840484270654,0.7405312907848425,0.22859560918263472
372521387055,0.6387597862305824,0.2226175647380885,0.7509820514008385,0.23746942423685147
372521395391,0.652022853580426,0.21763875472798433,0.7461549272637151,0.24352510834984833
372521403725,0.6460375536029358,0.21212465805875147,0.7655080988465421,0.2257447841700294
372521412061,0.6622239491437173,0.21630011802785354,0.7535236434137169,0.22808832601077406
372521420395,0.6510640722769936,0.22072214870235077,0.7534537443043328,0.22999445338039182
372521428731,0.6450513277953107,0.22362246987870232,0.7494797090434917,0.22340054224210307
372521437066,0.6749700117721824,0.20866993784321075,0.7416562490052477,0.2228883584599705
372521445401,0.6689093948382021,0.22500479201897128,0.7619713993094714,0.22540307161664108
372521453736,0.6609514656111303,0.2282886909621769,0.7551422474409287,0.22184102803614555
372521462071,0.6648511609043037,0.21281767435991744,0.7645276461546857,0.22871035347171553
372521470407,0.6408609339188919,0.2086255523158909,0.763091916671593,0.2214747424226795
372521478742,0.6648900628228681,0.20976256390769174,0.7563759178721169,0.22241852995233086
372521487076,0.6622316762371308,0.20220197238891005,0.7603054557329562,0.22805269157322547
372521495411,0.6650229333027139,0.21225053373402133,0.7478036403100898,0.2232032576742997
372521503747,0.6553420398787653,0.20712820585166844,0.7512048048523446,0.21393025290907694
372521512082,0.6598447149096879,0.20869759128688795,0.7402158122123745,0.22670285347818744
372521520416,0.6656840882839785,0.21118402092141778,0.7533857103554278,0.228127810927822
372521528751,0.634396642966931,0.20756912075870385,0.7381269212929278,0.22679022435846374
372521537087,0.6556627586640079,0.21820113476104488,0.756478590515634,0.22656234598082003
372521545423,0.6586162846912744,0.20404103140652083,0.7390882782941647,0.2301113679397359
372521553757,0.6327198636962038,0.21033887567566814,0.7628720053693885,0.23495009050478166
372521562092,0.6599301570230646,0.21191029136371456,0.7464360335930679,0.2259338777178069
372521570432,0.6521816586726481,0.20482099853565408,0.7385600826099116,0.21815198864088944
372521578768,0.660378328441047,0.21270159990519139,0.7406678027684808,0.23367614186024005
372521587102,0.6534251878092259,0.22944187456787507,0.7540128483622399,0.22826873847749843
372521595437,0.661961672053487,0.2125055054855969,0.7466212173834946,0.23802753373810362
372521603773,0.6696753540749599,0.2204725676220743,0.7440055518544456,0.2287527787549266
372521612108,0.6561957504752074,0.22632452636519615,0.7555002694357538,0.22328971844123977
372521620442,0.6737487757441883,0.22574492418746575,0.7871616350202816,0.2285979894790525
372521628778,0.7028109069753165,0.2160642586563384,0.8021294590480391,0.22711065426152838
372521637113,0.7048849654280959,0.2259219062269998,0.7936164225355155,0.2223563622105958
372521645448,0.6923059678882604,0.22204972402501066,0.7851494821319758,0.23251441719092514
372521653782,0.6810017631273192,0.22211952271702629,0.7947042551806698,0.21000626425564192
372521662118,0.6998242521452543,0.22219905262086753,0.8016489581817521,0.22397804415828834
372521670453,0.6863652541279377,0.22251269167826965,0.7979650886011623,0.2229570370124954
372521678789,0.7006559360846096,0.22165452481094036,0.7908599817988758,0.2250537281129722
372521687123,0.6888682994909142,0.2196148908157722,0.7910720771905013,0.2267500393542341
372521695458,0.7151342887123472,0.21946087163579794,0.7919704628212766,0.21955125289095556
372521703798,0.690908074517744,0.2305513027247169,0.7928673385602354,0.23190429121207257
372521712133,0.6929208491262097,0.22438241451443894,0.7874762254210929,0.2234151740642006
372521720467,0.7198261443061518,0.23444763793447473,0.7829835867298912,0.22399540632039455
372521728803,0.7179805236034815,0.2197707302224189,0.7926401442504456,0.22193350955284827
372521737137,0.704349664370589,0.21762391287973226,0.7826997270684026,0.2281121289749519
372521745473,0.7005621451576597,0.20573097185442926,0.7885354589389006,0.2228991398025687
372521753808,0.6897259180426459,0.21825252116018173,0.7956953659324069,0.22927021319092195
372521762143,0.6906391361400884,0.21309623904951633,0.7863677871935026,0.21204015753592015
372521770478,0.7105332930790254,0.22087469769924345,0.789235959924558,0.22222831626506265
372521778813,0.7070787494202015,0.22608796690649932,0.7843846775183716,0.21954845254222877
372521787148,0.6507830547648065,0.21895274835931924,0.775575702209828,0.22034781208629514
372521795483,0.4986098514863304,0.22145338976363763,0.6460424385470478,0.23038307177495412
372521803819,0.3918037458959364,0.21615786031253187,0.520113730735912,0.23454922058453956
372521812154,0.3130349990791436,0.2070746491822683,0.4251531705312318,0.23385676435311895
372521820488,0.26558593821053733,0.20678250280134441,0.3631331207310918,0.23351939234025715
372521828824,0.2977698151807152,0.21110442100885837,0.3646273807263624,0.23230712137642343
372521837161,0.2929766192008786,0.19129811453391443,0.35905339304310063,0.240217056398874
372521845496,0.26278473362239885,0.2047675118749721,0.3472598945164708,0.22973332086161727
372521853831,0.27518032371512113,0.2077355314817942,0.3403031123808571,0.22690622880447164
372521862165,0.27866453230727956,0.20848000419081522,0.3454890578672966,0.23310774107741689
372521870501,0.2855455534005748,0.2071637002717807,0.340727836067102,0.23728243095061907
372521878836,0.29731231796033725,0.1912405673675786,0.344521661298794,0.22123006195267494
372521887171,0.3012202732499181,0.20333926401558358,0.359790486701015,0.230177666195843
372521895506,0.2867700756636987,0.19244296710215034,0.3528870836819703,0.22977742635406445
372521903841,0.28439554873944994,0.20384577709154436,0.3510172158930715,0.2271387277575146
372521912177,0.2841028961785597,0.21150382074601887,0.3450558965503129,0.22819368913162008
372521920511,0.27759650589007023,0.2002412382191196,0.3439831628233229,0.23819198421708523
372521928846,0.29897453121589423,0.20129605957578875,0.35716567300390173,0.23327198153024398
