372526880460,0.20287933171975045,0.15382895850824105,0.27842890036675094,0.20315542112166884
372526888801,0.2102604822729464,0.1414371353572578,0.2583410331894827,0.20792301482905376
372526897144,0.1979286629051768,0.14372453020603,0.2583402338349916,0.2064001851914174
372526905485,0.19853146500859467,0.15068507700137562,0.2626007932722915,0.1894491142783235
372526913828,0.20356242454093604,0.14625716559455212,0.26395507741446267,0.19404357642567371
372526922170,0.21497569678132275,0.12415870367800041,0.27790612252960384,0.18593831707952851
372526930512,0.19817273247644426,0.15297688239939256,0.27150720101157777,0.18167611630861366
372526938853,0.19860180820380713,0.11864908756673044,0.27430458646159234,0.18935789291854785
372526947199,0.1853061449541618,0.12546793671649975,0.28652085469682226,0.18628254994677096
372526955541,0.19516946883640135,0.1329984944951865,0.26680504262655524,0.19174386004250357
372526963883,0.21525360569271138,0.14235277938220472,0.2656869233279067,0.20026427108739756
372526972224,0.2216134476578416,0.14509068033240163,0.2715433495980064,0.19526949908955063
372526980567,0.19359083253374199,0.14271003387102685,0.2771478015690938,0.18718860277732863
372526988909,0.20159228217199324,0.14210158810141035,0.2693762107556024,0.19260069674418762
372526997252,0.20382079367587674,0.1454761483346463,0.26535732282609686,0.1909701936980056
372527005593,0.21804575092995127,0.14205496229510906,0.27456677473465696,0.19120507294746636
372527013935,0.2049733740348061,0.14313666699955552,0.2690782291647719,0.17793106993882146
372527022277,0.1859610827338293,0.14047269525574627,0.27328514303400575,0.1933065946494969
372527030619,0.18895084616469005,0.1553487777709961,0.2646666805458291,0.1896238560388761
372527038962,0.20808668214311699,0.14961401362209104,0.2787518395811354,0.1900235358109093
372527047303,0.20634133602049076,0.1407162555862601,0.2697177127576124,0.18835564810922445
372527055645,0.208907619205426,0.14534103150857797,0.27614390114549986,0.19056946379519987
372527063987,0.20190820483028957,0.1780462342802113,0.26176324740000184,0.188623781499816
372527072328,0.19001549752960384,0.15463391874976104,0.2697802400422457,0.1831026839587661
372527080677,0.19238727112171675,0.13446363694905067,0.2770070263615032,0.18162676016230372
372527089019,0.19221043614486322,0.1552096004392739,0.27212794418246145,0.19686765810793805
372527097362,0.21240026542832327,0.14458864781440373,0.252815539678678,0.1767277600909135
372527105703,0.1942419511752856,0.16364726117929082,0.26261145133217223,0.18319866591137735
372527114045,0.18963855747849062,0.13593066963830547,0.2689702274913144,0.18810921742126566
372527122388,0.21636373144644935,0.15430963836719705,0.2628150202758931,0.19567029900107455
372527130730,0.22005594984061227,0.15862077523211282,0.2772734778585201,0.20050076053737623
372527139071,0.21530245513383112,0.27925944833926625,0.32058836611657815,0.29392802501385984
372527147413,0.2284080496489377,0.35912308374003526,0.3400673028059972,0.41810353856296756
372527155756,0.2510685948470696,0.4182255637587381,0.3545542706988049,0.4528385041005071
372527164099,0.24031052683784743,0.44384700439104635,0.34396628756184516,0.4848940959762399
372527172439,0.2513226119408924,0.4826332344316542,0.3330368024228754,0.5084171652988353
372527180782,0.26371091902602956,0.4711105695167529,0.3212870907589221,0.5080774829982739
372527189124,0.2731125712811045,0.455631151868313,0.3209542040219823,0.5080811934603369
372527197466,0.2615074539628656,0.4656314071978869,0.32431362449637113,0.5083846812536044
372527205808,0.2720116825125964,0.48316369048922914,0.33072897719004657,0.507686974368321
372527214150,0.2657617961985685,0.4840048452380431,0.33216932516575415,0.5048038753366393
372527222491,0.26156101071376603,0.47737130916527004,0.3391801969552623,0.5035416181480321
372527230834,0.25246195854213654,0.4877683739094322,0.32559916415231194,0.5156157417359594
372527239175,0.25384404245716313,0.47686416601084575,0.3233169182631967,0.5106157190842496
372527247518,0.2572326837790581,0.4827561697407609,0.327116338976326,0.5129099047786844
372527255860,0.24491889429592004,0.4868871041651068,0.31207870465635007,0.5053670254655996
372527264202,0.2443958500072759,0.49254870920352406,0.3216711361832891,0.5119582762725979
372527272544,0.25576284850434733,0.4843074929266925,0.3249846381830253,0.5048981770800144
372527280887,0.2607009940985612,0.4696412265397985,0.3312010404255948,0.5106172592760494
372527289228,0.25700850925290125,0.482122030771576,0.33340956806720207,0.5038359347992192
372527297572,0.2690471431567866,0.4661117370132521,0.33598215727090003,0.5011402491060789
372527305913,0.24654442606205434,0.4879919117465494,0.32413670070235195,0.5056623922475594
372527314255,0.2646990988112995,0.4653900171376364,0.3260769116864632,0.506221061818557
372527322597,0.24789968719304786,0.47840211753160683,0.3260620792197959,0.5039043333168715
372527330940,0.2490568860445922,0.48832935376812936,0.3291863118394845,0.5090800778511881
372527339286,0.24254863059562354,0.45711743695506457,0.3349458385818357,0.4854257421820238
372527347627,0.2747945019474407,0.37402688970768044,0.35454663242255713,0.4234272115187777
372527355970,0.26968849191010624,0.32850792124065253,0.35505395607287726,0.3948432119596646
372527364312,0.2739485184444121,0.33474247762857406,0.35201401094341167,0.3882335488597876
372527372654,0.2712953720714494,0.33533804179404725,0.358502282530104,0.42125638118575875
372527380996,0.27322607961883366,0.3294969344022418,0.3439158394117433,0.4183789528602488
372527389338,0.29283149195217006,0.31993976424996656,0.35601398081662905,0.38427406578624035
372527397680,0.27141420943911887,0.32855356692489945,0.34451420065687755,0.38527484041248217
372527406022,0.2849308497969569,0.31781002903451344,0.35831407895604445,0.40036374943096914
372527414364,0.2786968617555843,0.3133712662763736,0.35678624607214965,0.4079624256924354
372527422707,0.28126882923912255,0.31467524866101015,0.357327409062591,0.3704166101203657
372527431049,0.2745188134651939,0.33923696732637737,0.3596689848183753,0.3595179329105147
372527439391,0.28240959691501744,0.3195481354805229,0.3531544233506439,0.3882609222685921
372527447733,0.28073725850257386,0.319127173058166,0.3532387996580326,0.3967333073328214
372527456078,0.28342522120448016,0.33184516682710385,0.35867121277921277,0.39183815774093056
372527464418,0.2873983682936645,0.3210792261469034,0.3513436189769172,0.3946432670605708
372527472775,0.2793464705053114,0.31227520978470225,0.3569698311535943,0.3988983969509504
372527481116,0.28020000346742213,0.32315729492834694,0.3530210199678041,0.3915641436180127
372527489459,0.2827320032264079,0.31911436146274086,0.35850095027261897,0.3867007779841711
372527497802,0.2805727691117488,0.33177487807406103,0.3514754236507749,0.39383319618262436
372527506144,0.2768269051495198,0.33488662557928633,0.35431677359779723,0.3884775292426105
372527514485,0.27870805271845894,0.3312713053642634,0.3534773625650284,0.3854836764187836
372527522828,0.26905247218672695,0.3266526902091445,0.35720794997476174,0.3858151676993191
372527531169,0.2819465930303678,0.32892258287837417,0.3465227120413908,0.3821957169699241
372527539512,0.28049905086424076,0.33830095076444294,0.35269141946599425,0.3599869913222545
372527547855,0.2722453604754802,0.31795592720317994,0.3438889278105446,0.38038333127393614
372527556196,0.2722649890690938,0.3249157739113439,0.34105468323677607,0.3805759252576221
372527564539,0.2884752764274411,0.3280792578592969,0.35392109312472714,0.3683164185839804
372527572881,0.2642171768703616,0.3369493624514507,0.3491559633692429,0.4035820502052494
372527581223,0.27116072524829016,0.3379681293182622,0.34235283493024227,0.3905365556527117
372527589565,0.27684298105650645,0.3382047587856772,0.3479540894833655,0.37613604235999154
372527597907,0.2831259073561645,0.32320259056900297,0.34826734762669165,0.38108943920539995
372527606241,0.27324970498490253,0.31983048064090297,0.3452480968968277,0.3754819509061281
372527614583,0.28720119418587203,0.32487278855838747,0.3427845751725753,0.3875966095418759
372527622926,0.28062561532532376,0.325601019244793,0.3444268933830217,0.3844994938587481
372527631268,0.2707161065169347,0.3299605321339643,0.3444834699175549,0.36137183377637755
372527639610,0.2762306755163617,0.30411254328965753,0.33997635402834875,0.37657317679624575
372527647951,0.2807715419285234,0.33435770971351114,0.3563149821910925,0.36599702975100445
372527656293,0.37784577304187283,0.3017442883713988,0.4697442726428351,0.3104414714296724
372527664636,0.43596053206740215,0.27920071102472155,0.5329361761268554,0.2819876180776375
372527672979,0.4881164586308116,0.2669709580563021,0.598285093296393,0.3021169447782184
372527681320,0.5202526407830235,0.2628270720190947,0.6233858013042055,0.2933384815981493
372527689663,0.5103026313470879,0.27148785054391983,nan,nan
372527698005,0.5338232819775902,0.27903458033650386,0.6093636136393608,0.3017298665754558
372527706348,0.5394377702883986,0.2861828905139817,0.6222347308370926,0.290916880036645
372527714689,0.5376285646236539,0.27850601451431944,0.6343926461944758,0.29797739928153755
372527723031,0.537239367803678,0.285803583278936,0.6380364592333473,0.2918370046195548
372527731372,0.5298440953211402,0.28642526069628665,0.6111542565164799,0.2899833137798465
372527739716,0.5241743627332837,0.27486752141358217,0.6190771917802769,0.2905743273786386
372527748058,0.5374999573677605,0.2707593398226416,0.6294814122014606,0.291217287446313
372527756400,0.5505598998597115,0.26164567489997403,0.6248323664815101,0.2981443000656551
372527764742,0.5376202158100808,0.2765964567175114,0.6220493694123345,0.29753746449655655
372527773084,0.5128467990577706,0.2803013180830739,0.6113565820198814,0.28763277106728485
372527939938,0.6827477309701051,0.2839860169378035,0.7128552402411962,0.045451122240374564
372527948280,0.6421743621648538,0.26793931864603115,0.7554585253678878,0.28626431065321356
372527956622,0.6682203512669165,0.2672197690406787,0.7671769733895245,0.26487405692967075
372527964965,0.66186166392494,0.2550714362114911,0.7668328068725444,0.27590540066045416
372527973307,nan,nan,0.7704219973545274,0.2954813784526184
372527981649,nan,nan,0.7660839893487613,0.2943786011240027
372527989990,0.6491848786856992,0.27367744321340837,0.7468814516789144,0.2968837930950022
372527998338,0.6380654136293564,0.32146679441069315,0.752629521006894,0.28686932599563975
372528006681,0.6476523384920237,0.278696368219024,0.761127280966922,0.33021326360655845
372528015022,0.6468564478704344,0.26628060208642657,0.7548997765786434,0.2872279806588252
372528023364,0.6565614107462802,0.27852218652821675,0.7603511965732774,0.2962283714754935
372528031708,0.6568695174939974,0.2773334384936882,0.754345379830517,0.3015210305691543
372528040048,0.6506467204154995,0.2673357734866866,0.743396710183762,0.2976877032057496
372528048391,nan,nan,0.7647125634936154,0.2987400042485646
372528056733,nan,nan,0.750572959535752,0.2791280419752609
372528065076,0.6382929632078088,0.2871733038499344,0.761822186471142,0.30806929602319616
372528073419,0.6463222126189155,0.2955233836835205,0.7678179668741815,0.2825250750070295
372528081760,0.6156240691961038,0.4013847565767621,0.7549861956808426,0.2879490704559774
372528090103,0.6592525708661506,0.2841040516366383,0.7548646049810371,0.2993807240372575
372528098445,0.6637165216128401,0.25632872278110824,0.7631754936244907,0.2825117733505772
372528106789,nan,nan,0.7642892608820212,0.2946705374787721
372528115130,nan,nan,0.763643204818921,0.2832902002879107
372528123473,nan,nan,0.7587285957736103,0.28850682991363874
372528131819,nan,nan,0.7539693279510604,0.2848095994983567
372528140160,nan,nan,0.7496072504933972,0.3004922524556445
372528148502,0.5997649649108248,0.2865697586905898,0.718792401314892,0.2982049976243086
372528156845,0.6049819075880839,0.29575441245348183,0.7084903206342313,0.30598618661404436
372528165185,nan,nan,0.7065786199603009,0.3152026943437038
372528173528,nan,nan,0.7165169943475335,0.31625373522959177
372528181869,0.5786769276309207,0.31140640159221106,0.717608024410652,0.30742276551089515
372528198557,nan,nan,0.7050713038416764,0.31563191779480476
372528206900,0.6095269484070321,0.29280648534877457,nan,nan
372528215240,0.6019470250370617,0.2945557231809731,0.7200425917388952,0.29920745245978647
372528223584,nan,nan,0.7211164800890388,0.2972682809751924
372528231926,0.612065431819112,0.2703334067812946,0.708638911752401,0.3049539780733441
372528240269,nan,nan,0.7119978881409615,0.29433337549206484
372528248611,0.6081304761111667,0.2909208705335807,0.7143378651877638,0.30697575984537895
372528256952,0.5915635878326452,0.27025723729592555,nan,nan
372528265293,0.4412880521159233,0.26185808135090216,0.5611603173998654,0.27109825202730314
372528273636,0.3225594854743434,0.25713116270877406,nan,nan
372528281978,0.25982952006898463,0.2803837883530783,0.3522992916795511,0.2833058822407808
372528290323,0.21972421772682627,0.27735297092605765,0.2971537793196122,0.2595038281762775
372528298665,0.24597217706362776,0.26651352109177856,0.31050459802914,0.28689515921264447
372528307007,0.20723048466603608,0.2853956424781588,0.30744902107851607,0.2849961727322801
372528315349,0.20799999658942084,0.2636702570207356,0.2735350745382076,0.2789004436324899
372528323692,0.22615786675663016,0.280969691315444,0.2713150006650629,0.2783597663020621
372528332034,0.21082260611448633,0.27865226272657684,0.27779323591203436,0.28556555363715763
372528340377,0.2172085603263242,0.2745182479186315,0.27218176738485883,0.28643471187323966
372528348719,0.21166432639356264,0.283266047280142,0.2740831652675713,0.2813862431885562
372528357062,0.21632456307638787,0.27019247923161815,0.2815302181576961,0.27288312429705025
372528365404,0.20209898410215366,0.27843719594435823,0.27982688255443283,0.2773413494788414
372528373747,0.21316302724711692,0.28098383307651437,0.2816117523157832,0.29066897916560464
372528382089,0.20535502139569994,0.28281260081255416,0.2749648532712002,0.2845698196386241
372528390436,0.20879686419983265,0.2728621916903174,0.2775377977435608,0.28213351624630406
372528398778,0.20968263779308244,0.2785067846102193,0.2769968123874509,0.27586983623162376
372528407120,0.22854358464375363,0.24907609961355687,0.2688928677400138,0.26822894471310094
372528415462,0.22218880525706672,0.27774368958216505,0.2743277677418328,0.2861737893806196
372528423805,0.22407146271782233,0.2897455641729408,0.2755564644117433,0.2790089571456536
372528432148,0.20300660671815884,0.29180746094048704,0.27796314314996545,0.2857368649705199
372528440490,0.21255631718840948,0.2832042295819978,0.27211089128665233,0.2905692167422122
372528448832,0.2126129825401084,0.2912963972978452,0.26880396175717586,0.27858757467098766
372528457175,0.20810480084491415,0.2650119040957477,0.2721976656575142,0.2710005198567376
372528465517,0.20163873354963985,0.27508412838760055,0.2826649462663253,0.27684974825985087
372528473860,0.20281751497244252,0.27466078566882585,0.2764973046477099,0.266330168258891
372528482202,0.21503813524879037,0.283380861577941,0.27540272189796455,0.26004058501848776
372528490544,0.20861327911838803,0.27478414103024157,0.26102890707422327,0.26973686249376705
372528498887,0.21782743833672877,0.2778045971669731,0.27734000191560865,0.28129411171544433
372528507230,0.21259193287184408,0.2779176612468178,0.27288342299366997,0.2838491498937809
372528515572,0.20970661842781396,0.28335642853529963,0.2745601134472315,0.28568834892882805
372528523918,0.22022461363822396,0.26405369477015334,0.2737222123062791,0.2726170911680038
372528532261,0.15595944352421967,0.259709793825134,0.2501678111528212,0.27090089745078155
372528540603,0.06468435160911125,0.2519875521760975,0.19081653954680225,0.2557944162440339
372528548937,0.11318234320430734,0.24844987162952517,0.17498061654176367,0.2507307556675076
372528557288,0.11573139585910215,0.2576536377724777,0.18323501746784962,0.2710715086969621
372528565631,0.14001454185690118,0.2535535771928448,0.19228104579157268,0.27498583614728966
372528573974,0.09700642808907524,0.2662062528277299,0.17544832773619398,0.26074011213044357
372528582315,0.13040763313195758,0.25705205285724186,0.1857126611214439,0.26187152302479083
372528590650,0.1202062711171693,0.2416201011197213,0.1833815657912089,0.2656617250178028
372528599001,0.1326880138605937,0.2544854632404072,0.20459439118888242,0.25113631617186705
372528607343,0.12230155687254439,0.2690151426181513,0.19420162818207035,0.24296377844756034
372528615686,0.12140610220823632,0.26307042232345407,0.18253265132171312,0.2664142487294133
372528624019,0.11621695930383258,0.25069372105559556,0.19134437996239267,0.25065717650471075
372528632371,0.13102269200423822,0.25453993002314357,0.20177338037279904,0.2482644885438107
372528640713,0.1400244893794565,0.23315450690115452,0.18037412774437936,0.2475370979620232
372528649056,0.11215943590725953,0.2674778211758537,0.19940205086651447,0.26341458518197836
372528657391,0.1114696817986485,0.2611066077700641,0.18655162806838438,0.27192484496273767
372528665741,0.13087507787489086,0.25966351806242355,0.18428279357128566,0.2716812146235057
372528674084,0.11264020322504366,0.24877744242184313,0.19188563176999965,0.2613486279087782
372528682426,0.12435190114208927,0.2499647902820083,0.1917405045212911,0.25377879523919805
372528690769,0.11996806347883622,0.23275181675424,0.1905377424637569,0.24530269971290575
372528699112,0.13643725287511824,0.24762432882486315,0.18452952765752328,0.2616043697562537
372528707445,0.11388240010413635,0.2506003294255566,0.1878168285933862,0.2707785922201384
372528715796,0.14139831329807553,0.24257586014017973,0.19024571162302642,0.27194507748228886
372528724139,0.129325040699578,0.2503701407602133,0.19871549417586765,0.2544028529529665
372528732481,0.12522524033214494,0.2515651895793772,0.18872507292955107,0.2771033898457812
372528740825,0.1505151289028394,0.23696018082088202,0.19571986881207254,0.2555024798892645
372528749167,0.11500424972374308,0.26161494107269734,0.1750023767473534,0.2609193344489591
372528757509,0.09291533180387805,0.2591861986219397,0.1670212662400411,0.27435358741349536
372528765851,0.10649414417768663,0.27415189229644726,0.16835343490795984,0.2803149697831171
372528774194,0.09122309834632385,0.24675090005697278,0.1766295960396355,0.2775489253282158
372528782539,0.10065512607205872,0.28314318197975347,0.17167439754961256,0.28800619757000423
372528790882,0.10730602188909706,0.2839173383852786,0.16632112052304643,0.2859071961818278
372528799225,0.10123510216389879,0.2828445947967579,0.18043345761104845,0.2823226798027997
372528807567,0.10952947081453725,0.2659795645982951,0.1779598107299094,0.28013511738613806
372528815909,0.12347012432129474,0.26149991674874384,0.17455340597487995,0.26248668963135163
372528824252,0.10238137650406541,0.2458159336258109,0.17792321805765243,0.29016099590656225
372528832595,0.09384817849493415,0.25844522634882716,0.1577404053302805,0.2734201611741332
372528840938,0.09793945241446267,0.26867735055298053,0.16761172275743053,0.2879756037601639
372528849279,0.11590023729104518,0.26317445527865485,0.17751501436422257,0.2844278419581751
372528857622,0.11520657522714457,0.2760692910696904,0.1690879528680697,0.2931637398375967
372528865966,0.12259172255279577,0.25847056950480474,0.1741301033632858,0.27441799543421186
372528874308,0.11825913239413562,0.2670379563995909,0.17604269220887298,0.26389246469220756
372528882650,0.10216031057870707,0.2810423603649046,0.17335375251814428,0.2804274037844983
372528890990,0.11702812647791763,0.26843974096351114,0.16595261810267206,0.27914505409377627
372528899336,0.08313540724020482,0.26831015482617826,0.17928744972237887,0.3001037740785185
372528907678,0.1113885917263897,0.24246482631316194,0.17031611663498616,0.2803697866094443
372528916023,0.09630530538325816,0.2735408562042585,0.162852632569212,0.28391145765295234
372528924366,0.0988158113881512,0.25006469272283705,0.17159481736917018,0.28284046428238585
372528932709,0.10413134111930661,0.27245649116852155,0.16800340645804532,0.3001186159267706
372528941052,0.10685829455694303,0.2719725909085297,0.1695130318229773,0.30296951094809405
372528949392,0.08642563914253493,0.28926075379961275,0.18067521793600844,0.31504167429191254
372528957736,0.09800917388951542,0.30103573013479906,0.17209947650452015,0.34134030925508035
372528966078,0.08985282711433171,0.3080181196502138,0.16862814640138424,0.3528524028535379
372528974421,0.11720540554059954,0.3025308363200401,0.16918760572795402,0.34455678980268817
372528982764,0.11968526962333564,0.28456330882783426,0.1668875964057043,0.34505847227709524
372528991106,0.13172070610925676,0.3076563846034288,0.161484226497699,0.32606433694164283
372528999447,0.1008875605946231,0.2847260790975798,0.17177369514083418,0.33037638391989477
372529007789,0.1032584460150793,0.31470472233135977,0.17238830992728646,0.33302957432110586
372529016132,0.12394653959796093,0.29322898796293123,0.17000889805892572,0.3446186075008324
372529024475,0.10466735271413889,0.3086122836413236,0.1688375772780395,0.33561751659698236
372529032818,0.10060396738463148,0.31006041397667244,0.18544159113181205,0.33290985941303497
372529041160,0.11261417979550167,0.30220557581542173,0.1800290730557425,0.3341117690865795
372529049506,0.11354809229254584,0.3079583322048965,0.16519403069066502,0.3396888736021655
372529057847,0.12124489905254111,0.29615290207730616,0.1705339851423803,0.3456955516124433
372529066190,0.09804532247594405,0.3107460093537124,0.17775801812950195,0.33307479995304373
372529074532,0.1183614497689901,0.2933535334725559,0.18722166476621616,0.32955168121985084
372529082875,0.1161460832056261,0.29713169396604255,0.1792722619870489,0.3208396563133252
372529091217,0.11039712570598989,0.30580479402526556,0.17734635056661088,0.3408281254729478
372529099559,0.11500478262673712,0.3049824716216394,0.1705952689866942,0.33896554352603186
372529107903,0.12588595122758112,0.3054168057091668,0.16917783583973006,0.34358282851550553
372529116245,0.11581008786788781,0.3068598954168074,0.1834845048862231,0.3280037184523914
372529124588,0.1079191267837329,0.3087224773637233,0.16801930473070067,0.3369927678567161
372529132931,0.12771878225839456,0.30181737747316845,0.17571371342722278,0.3388332970574085
372529141273,0.11717325372662617,0.3000488872434731,0.1659833488419947,0.3241520488048261
372529149616,0.1131513460134877,0.28448832949067404,0.17485085466271647,0.34531680444714297
372529157957,0.13467734073732174,0.2982054876853358,0.16786751619456672,0.3351981643751434
372529166301,0.11497742693971005,0.30102221845219224,0.18380806582076725,0.342553350314814
372529174644,0.1277709179346442,0.28020407597353564,0.16605955397014152,0.33593801650876515
372529182986,0.12745535054501056,0.286787555812817,0.1787469084520973,0.344373156934928
372529191329,0.11738863535338148,0.3034256877556905,0.1633450349356992,0.34769766093467225
372529199671,0.1100342187670529,0.30355975445098626,0.17409812918364378,0.3343427278478227
372529208015,0.12937273551754402,0.2895139053245159,0.17143077206417345,0.32979972210832753
372529216356,0.10872638600252837,0.29266184733703515,0.17899799457945284,0.33104440710867405
372529224699,0.11612689869784087,0.29099430967894113,0.17779363381293656,0.3437245961698
372529233042,0.13100297459345897,0.28629273419279067,0.17703708919573996,0.33132934259162644
372529241384,0.12129881107210419,0.29009735798174563,0.17704712553546093,0.3304384816529117
372529249728,0.12566879325751237,0.28326660734988734,0.1718784993963275,0.3533382633576385
372529258070,0.10856074198854955,0.2927827523933149,0.1758492484220387,0.32589092534673547
372529266413,0.12225643775238286,0.3090376566129252,0.16932438416308934,0.3226320895246347
372529274756,0.11506624410538235,0.3028934114714431,0.17616703624081417,0.3242490108794917
372529283097,0.10906344714625472,0.30010762455801787,0.17238697766980138,0.3376867642799365
372529291440,0.13194647934439574,0.29294720287229653,0.18129152024860848,0.34840439894459957
372529299784,0.11655037894376637,0.29917811880687323,0.1753023123158287,0.3364945858182176
372529308128,0.13452048962274446,0.29636607862413417,0.18495123156013532,0.3437262763790361
372529316471,0.1155116621912289,0.309900164020781,0.1843294225832636,0.32991257616201775
372529324814,0.11299449489891043,0.30768648835224194,0.17667462634263134,0.3497898714771862
372529333157,0.12667704572222424,0.293782406880066,0.1795081603790745,0.3404387369824856
372529341500,0.1290438455530595,0.2931499481201172,0.17442106839802823,0.32203085465298975
372529349842,0.11354134218795474,0.29357322083017373,0.17418481473733993,0.3302894330919275
372529358185,0.11652959572699906,0.2870514886803184,0.18161765688095716,0.33797947073060575
372529366528,0.12488817918841859,0.2762961893252798,0.18976831935753782,0.31179067944624683
372529374870,0.13218006849011388,0.3010557526281957,0.18420818715212092,0.3108530526837945
372529383213,0.13317011343586294,0.28391943864682373,0.17932315422297912,0.34354880427847484
372529391555,0.1332859310198996,0.28904351674713086,0.1835383280886205,0.32958941591894453
372529399898,0.13008424983174477,0.2986396817554269,0.16999726301022264,0.34003471666992585
372529408238,0.13088138389365359,0.290409456847348,0.17628320909351353,0.3186766669567413
372529416584,0.12754052620689027,0.2910977125556784,0.18014657816592694,0.3279358099957664
372529424926,0.12571799796729483,0.28305203062869594,0.17638357249072323,0.3375832213857629
372529433268,0.13105502145254294,0.29642257565969743,0.17487003917050167,0.34511510933009487
372529441614,0.1166224096651266,0.2973311488041092,0.19374786128265062,0.33615560360483787
372529449956,0.1143772005340967,0.28930289904795115,0.18548200294219297,0.3330763401448435
372529458300,0.11391952567938737,0.29293894184355246,0.1869407360711947,0.3156232367137517
372529466642,0.19278561610975697,0.25910337830834446,0.2724111821237904,0.288704884577342
372529474985,0.26837817226494287,0.18442759895013558,0.32804465599193283,0.22307983230416575
372529483327,0.2663026927375127,0.17150734999440428,0.32968857291136133,0.20650225790250942
372529491670,0.2638876651857174,0.1789957625247526,0.3383342134522337,0.2151485446226733
372529500014,0.25822192937031613,0.18718930286451033,0.3395921309696504,0.22232485828741924
372529508356,0.2759732833702434,0.15739401246361787,0.3462509315144336,0.20653124151183186
372529516698,0.2840157665390352,0.18804158899951331,0.3377514840282578,0.21335023067903752
372529525040,0.28843708504620197,0.1680649513132615,0.34817275734525066,0.20432932730794537
372529533383,0.26932522970250655,0.17605973690213425,0.3375878828090894,0.20797076077484578
372529541726,0.27553861216144315,0.16593479604549938,0.3577180269572177,0.20927950375231794
372529550068,0.2689346118078798,0.16974215017446298,0.3381898855580162,0.21411766624761833
372529558411,0.2667334559910234,0.17117130814718773,0.3389660587688264,0.19948080352235578
372529566754,0.262870619821604,0.18212781255824725,0.34739454133963005,0.20233218860470645
372529575101,0.2650574760747872,0.16721889595417563,0.35047925032059446,0.20623321439858167
372529583444,0.28771047181383697,0.16578966797273273,0.34294790994024665,0.2074456953885699
372529591787,0.269916752025884,0.17392587117230912,0.346988824526839,0.2060640033267645
372529600129,0.276020267650884,0.17141087798076587,0.3340576669251128,0.199431097332455
372529608472,0.28791972505616087,0.16160454680052316,0.34528069279662943,0.20682331788403757
372529616815,0.28330336405317774,0.14194000797987374,0.35471058891038815,0.20610467839202135
372529625157,0.2927752706862995,0.16468430032154474,0.3437731990436736,0.20757703174385705
372529633501,0.2839578577470169,0.16704576439414096,0.34775478376359686,0.19927728817863527
372529641842,0.28063014500077305,0.16455142377445786,0.34415537930756146,0.21269648926876497
372529650186,0.28474593245802715,0.17753097011447924,0.35525432759863396,0.2105830660846455
372529658528,0.2734340006036725,0.17915160193139928,0.3481001937208964,0.21759604940990057
372529666872,0.28885745669132895,0.17052722794002265,0.3503393632846606,0.21302258987800138
372529675214,0.28573198063132094,0.1622079519424314,0.34899138516125217,0.2047474193728573
372529683556,0.3022711579541527,0.17228927736764632,0.34866125175644824,0.19802791259417138
372529691900,0.2655250984520518,0.1742341895671303,0.32720542259349533,0.20924989006453198
372529700244,0.28132851437445433,0.17193664345422344,0.3410718249497508,0.21066784664234953
372529708588,0.2859994091171602,0.14163582009942458,0.3341098026013624,0.1828230691383947
372529716930,0.26883700174280595,0.13903856666403144,0.3250157241910106,0.18500251054374856
372529725273,0.27296966446153775,0.14276373055786332,0.3383193809855664,0.1775976184141772
372529733616,0.2628464615525411,0.1560389237147171,0.3309720697724916,0.19675095357474845
372529741957,0.27458666977976753,0.14946874553188802,0.3319321833334091,0.1774361783100769
372529750301,0.263318080702261,0.15230122826033277,0.3351642399922239,0.1790917444773638
372529758644,0.2552641401190974,0.15493467620301984,0.34415733328520626,0.18063991727097778
372529766986,0.2819632906575142,0.13779738209959344,0.3364769577008604,0.1930730455656814
372529775329,0.2741177151450178,0.1450778687369765,0.33395126396063735,0.17720942007192392
372529783672,0.26798009372839965,0.14302633325971942,0.33227794855937137,0.1813381842260065
372529792015,0.2763886812540927,0.17180306681995486,0.3320179807154486,0.18164692267313673
372529800358,0.27194382619802276,0.13096782161594409,0.3308574068116087,0.1788395030657969
372529808700,0.2736033749386096,0.13682041043752946,0.31950266508340003,0.18030569565043364
372529817043,0.2778527434130348,0.15205290733698337,0.34115078341003346,0.18745533599355677
372529825386,0.2717446092954198,0.1509306675847164,0.32563957596269283,0.17273922339932565
372529833734,0.29126999736248543,0.1462290920985659,0.34139698459327705,0.18573858220658918
372529842077,0.2781387346864996,0.14507373822260447,0.32989915841117035,0.18519643469307978
372529850419,0.28248979881561953,0.14031342542190925,0.32683034770286123,0.17154809506837929
372529858762,0.3719388986216713,-0.06654826501843202,0.34788143704184554,0.14139506011763756
372529983908,nan,nan,0.32680157094118345,0.0583499485283458
372530008937,0.3105522040299403,0.1369103016316599,0.2967309207938464,0.17946300070981994
372530017280,nan,nan,0.3277566219236576,0.19054041017715928
372530025622,0.3003545723361103,0.18026446051543144,0.3562854060749236,0.18145992938690433
372530033965,0.29238278763119363,0.16782097093043863,0.33788266698195574,0.1931371735515252
372530042309,0.2934491265222552,0.17085045819181408,0.33832311130652465,0.20705714700272576
372530050651,0.3058668320892298,0.18355655047866298,0.3341990638528631,0.20543721527298744
372530058994,0.2931726386855173,0.18082957088850063,0.3331294387266716,0.21714435316026698
372530067337,0.28443551646400245,0.18508778116247976,0.3339569482592404,0.21679809004019757
372530075680,0.28066833638201216,0.1852064459397781,0.3329939925490214,0.21779326396898577
372530084024,0.28420992086319485,0.1732999932318683,0.34096071467549477,0.21116798892495683
372530092366,0.3017003300303769,0.1701449803388138,0.3398954415904213,0.21548493651348072
372530100712,0.28853194177914,0.20455846584251616,0.3291225411145318,0.20789823174282154
372530109053,0.28310103854977625,0.1808282407228554,0.3299368168894154,0.2045042790946525
372530117399,0.29329787088911524,0.19078285036818238,0.3170145410042564,0.20761294621627832
372530125741,0.28028366923748543,0.19018469588013692,0.3309297928016316,0.21906476230839142
372530134084,0.2757352533662416,0.19773723639632904,0.3280743209252674,0.20579446976180957
372530142427,0.2922484960766971,0.18817670582558163,0.34467318338343095,0.2098261318237902
372530150770,0.2755657902141389,0.21719454941119495,0.33969089565787797,0.23284884883762377
372530159112,0.3088393649899502,0.25137861634545383,0.3779233992446704,0.27241322578069244
372530167455,0.3022505523717168,0.27692752794573783,0.3666544548985012,0.2749713443426285
372530175798,0.30399119118456236,0.282305947719157,0.35822499533887514,0.2819078081389236
372530184141,0.2882627369499873,0.2592847708971232,0.34767333842267534,0.2744005632633875
372530192484,0.30319885324959983,0.265081982822636,0.3587376480191356,0.29375720374152475
372530200827,0.2954856153139552,0.2760554293434927,0.3638942838409033,0.27898046359735834
372530209170,0.31021842912134384,0.2804437858245501,0.3556170569032396,0.2903536598989664
372530217513,0.30018937240795984,0.2736474094733134,0.35141591614977447,0.2976914836765308
372530225855,0.3170688082924822,0.2607700758618204,0.35730644821149227,0.29377498595594
372530234198,0.3220357306483738,0.2542074586205537,0.36043263480882565,0.28664578815852254
372530242542,0.30627654567447615,0.26527282658836776,0.3556921962253984,0.2836963208620155
372530250885,0.3000147578602481,0.2669437946736521,0.35069099044355717,0.28574547604285483
372530259227,0.3045613973881785,0.2687526099250134,0.3516856538819212,0.2888978286046188
372530267571,0.29220311050503855,0.274339445652425,0.35833015486303116,0.2804192127644724
372530275913,0.2980913333204489,0.28019672505812776,0.3525740031729755,0.2801357474646016
372530284258,0.30794479849729883,0.268970967116986,0.34392116844168363,0.2868667356730674
372530292598,0.3090459537173039,0.28436770446926696,0.34343524972829054,0.2817492383922683
372530300944,0.3048342437211238,0.2774491629048234,0.3504502071074196,0.28546446104812
372530309287,0.32999365987544566,0.2632350828285902,0.34148011746034634,0.2890584286041011
372530317630,0.3110243560826543,0.2701386425273453,0.36061275602080906,0.29520701428610974
372530325973,0.3305220331940301,0.24225136973146125,0.3487396773137369,0.2779779387531623
372530334315,0.2964482157555115,0.27694846055247074,0.36343252339657306,0.29645582980082824
372530342658,0.29888793447936374,0.27009138664258053,0.36064126633098986,0.27542591094970703
372530351002,0.2984641877819412,0.2721247198531134,0.35604186940665017,0.28337372068868766
372530359349,0.3090824575723952,0.26068606540001626,0.3467948478370107,0.27795889638182003
372530367692,0.3038822125222824,0.27336583440883316,0.350761777724598,0.295615375139196
372530376034,0.3053528471514843,0.2653394748880657,0.341232761653949,0.28754245982084536
372530384379,0.30740239206653813,0.2726459347598899,0.34834408565783254,0.28712646801747854
372530392721,0.30915759689455397,0.27204392979234504,nan,nan
372530401065,0.29945334455603356,0.2705740267456453,0.3427243571342495,0.2895016537988361
372530409407,0.30164792790263023,0.27142617286321197,0.3535160868492615,0.29117094167488433
372530417750,0.3112594551201888,0.25885491736755867,0.3476192487687809,0.28520213838113656
372530426085,0.3078224972601681,0.2612023796965209,0.3557060517032432,0.29185499686012456
372530434427,0.3104702257860248,0.2751706591632588,0.34831379900433823,0.30246810850855965
372530442770,0.29517377824527974,0.2781671023096579,0.36408817171356594,0.2900145376681504
372530451113,0.2976141186892917,0.2647096064506892,nan,nan
372530459456,0.30018830660197177,0.28242685277543683,0.3425828713893335,0.2947265444533082
372530467801,0.31961386417482174,0.27522442585881346,0.35393068537861977,0.29036878178209113
372530476142,0.307326808658551,0.2523457167782558,0.3473000398753547,0.2836935205132887
372530484486,0.3287037681783869,0.2638645312136577,0.3564925277052714,0.2881107905949504
372530492832,0.29797045315796894,0.26212936513381135,0.35263875088675056,0.2856261111783748
372530501178,0.32330990170710855,0.2657987320792617,0.35683687185658286,0.29491129746055916
372530509519,0.30241415359088514,0.26189287568383274,0.35406719736225806,0.28835687123931836
372530517863,0.3006508664007931,0.2849436661936525,0.35062890724475226,0.2766649952525999
372530526206,0.30391152218695433,0.29050361857328677,0.3619822278983102,0.29530432640436616
372530534549,0.29198835059844297,0.27896499167064276,0.3503279946874545,0.2924636526558955
372530542893,0.3163987715946504,0.26661258342798927,0.35273369643685426,0.28896433688688045
372530551235,0.317586523551186,0.2966886787974621,0.35566244247489814,0.2851473215548094
372530559579,0.31280887057534196,0.2711296859417615,0.3587690892957836,0.2784976834768572
372530567921,0.3196917568291163,0.25898198319103743,nan,nan
372530576265,0.31157280208068067,0.2784661795536807,0.36027551724275136,0.28102989881307033
372530584608,0.3092781217883713,0.29137900758528595,0.34991126454612015,0.2898783707113095
372530592950,0.2969472794094241,0.27779367580693853,0.3479928137675986,0.29097393714195363
372530601293,0.31813177213124816,0.2567539557352735,0.36336511116782777,0.2664776766280755
372530609636,0.3106078923928169,0.266803427193721,0.3629566410229009,0.28164415530629494
372530617979,0.30075380549580727,0.2711112036401646,0.35512731905172257,0.29814542020514584
372530626322,0.3122268516886914,0.27190587260011356,nan,nan
372530634665,0.32320216648514805,0.2729385011931228,0.36165111750468387,0.2859074762167005
372530643009,0.31016016506066285,0.2716828948327418,0.3600995704375546,0.28852818257268065
372530651351,0.30428411019694956,0.28025049175368244,0.35523993921779506,0.31506673741301744
372530659694,0.31030626929819377,0.28112021005950977,0.35340177915704124,0.2881819894613294
372530668038,0.29115417977844876,0.2718379641434886,0.3436074662125291,0.2784106626401718
372530676381,0.3185956641875546,0.2792300446776348,nan,nan
372530684723,0.3055734689910143,0.28149930726840094,0.3567700813479973,0.274458390464596
372530693067,0.31433927915704124,0.26404242336652795,0.3640161409922057,0.2822747938395713
372530701410,0.3096431603392844,0.2618755135217265,0.36073860994456675,0.2988945134895661
372530709752,0.29788669857073996,0.26611587157257227,0.36845326895486213,0.29442207653798635
372530718096,0.30021788271814065,0.2823155389135463,0.36010729753096804,0.2799075890520852
372530726439,0.3137410067290727,0.27571476692087693,nan,nan
372530734782,0.31693202985734686,0.2696779151530678,nan,nan
372530743125,0.32101948463875146,0.27142617286321197,nan,nan
372530751473,0.2984485559607829,0.26820731201918635,0.3633747922388861,0.2860010778728939
372530759816,0.30482855942252074,0.27003909013010746,0.35332441940574066,0.2770107683116421
372530768159,0.3178729589104791,0.2861385049866619,0.3655135095882749,0.28380707465416066
372530776502,0.30381906351748944,0.276592606238012,0.3443543297586674,0.28588626357509495
372530784845,0.31367759127278266,0.2668034972024392,0.3637837064696413,0.27633560423360953
372530793189,0.2954243314696413,0.24084671481009604,0.3609810808068521,0.25917527726190515
372530801531,0.33307748068475335,0.2052112971394525,0.376533144150402,0.2302463447483679
372530809875,0.32409646652630236,0.22516511198358086,0.3624716104811645,0.2261723274118943
372530818218,0.316556333246553,0.1995421311594728,0.36725272732646974,0.21536585168387334
372530826561,0.31413695365363975,0.21429751864459737,0.3589694608215403,0.22338367014102406
372530834903,0.32680530126214163,0.17312602156721554,0.35674920931406434,0.22745866759955202
372530843246,0.3137653426324669,0.20110941633314722,0.3536792439826015,0.21750692831167
372530851590,0.3181752037252619,0.1930491725927854,0.371665785837229,0.2205632289121046
372530859932,0.3076328726114577,0.20764823061023607,0.36176356003642496,0.21363642631891697
372530868277,0.3155911571071922,0.21688175045841088,0.3467823246166509,0.21341659894386278
372530876619,0.305516359553487,0.1929102052872177,0.3624764954252765,0.22168294835051744
372530884967,0.307873744764761,0.18869554043594036,0.3607567286463639,0.21583294985150436
372530893311,0.3137611682256803,0.19759273840202593,0.3667065905747508,0.2144756908323403
372530901653,0.3177701086326306,0.219783541817844,0.35768747385222643,0.21191274166885052
372530909996,0.31437169742251164,0.20699931980151726,0.35905783390138424,0.20800436495956745
372530918340,0.31532799184530524,0.1844884365262254,0.3572018215903303,0.20756688047972238
372530926684,0.3089908870745871,0.20216612792520694,0.36313178847360666,0.20505741797691457
372530935026,0.33230033048512075,0.1928469874147101,0.3655064042150211,0.21685031654395248
372530943371,0.337996974674176,0.19817248059719267,0.36407529322454346,0.20958621194662122
372530951712,0.32099887905631547,0.20515297987721678,0.3672604544198832,0.21768363031633137
372530960056,0.3239121709075324,0.20563821030285387,0.3620648278623854,0.21585829300748194
372530968399,0.3320755342388042,0.1972702082374162,0.36736001846260186,0.2137431896141264
372530976741,0.32082213289662764,0.18341555292026837,0.36808769750095494,0.21377035299677638
372530985086,0.32558823964093425,0.20669695214774053,0.37182832125040927,0.2147558657224571
372530993429,0.31826997164103427,0.20139953246124417,0.36325888583768373,0.21969253048422285
372531001772,0.3161634949227845,0.21426531463423912,0.3536916783857956,0.21311843181317627
372531010115,0.31449817306642897,0.21515407531140873,0.3711074811338129,0.21988848488638102
372531018458,0.31309201969950523,0.21694405821758228,0.36976056881639263,0.2077332211940946
372531026802,0.317539894539208,0.20082791127738517,0.3618987397625782,0.20955869852038037
372531035145,0.3218255004172275,0.20842609747782423,0.36751011947258805,0.2110188003465363
372531043488,0.3015781176104118,0.20830470236051724,0.36220897812227154,0.2035228268746256
372531051832,0.31150849845273393,0.19637290649662983,0.36197716531986684,0.20632086531373067
372531060175,0.318370601489741,0.20335704622999878,0.36497758681060827,0.21940906518435205
372531068517,0.32324648625081853,0.1996773179942593,0.358864923017544,0.20837702136638697
372531076860,0.3253507425399265,0.19519290955187252,0.37041825992819594,0.21436850748482186
372531085204,0.3178983606198614,0.20661679216543574,0.3578556047468441,0.213366472701653
372531093547,0.33153099619606735,0.19122145498751816,0.37245608097738103,0.21005807070708782
372531101891,0.32404131106641987,0.20672411553039052,0.36317637469077413,0.21800329012349612
372531110233,0.3194682040231192,0.22037420537304528,0.3702898303066338,0.21815590912910698
372531118577,0.30304066987753747,0.20907542833885207,0.3722637918137005,0.21772297521594297
372531126919,0.3321027122914999,0.196988633172936,0.3535391793123363,0.21345839414861034
372531135262,0.33446551534987995,0.2005694390899011,0.3583078617544474,0.2155791682481377
372531143607,0.32127598861321305,0.1947815383239049,0.3687937939680497,0.22369548897175376
372531151949,0.3022557925844914,0.20251001074885855,0.35972245275211,0.21438404942025563
372531160294,0.30172955087788306,0.19456535140219558,0.3696317839261678,0.21513993355033836
372531168636,0.30726286029926697,0.2257825188691231,0.3563283047659433,0.2147324828105883
372531176980,0.31979300839798275,0.2001425959352179,0.3718699765011096,0.2174361494976
372531185323,0.3328153812288544,0.20983684315767023,0.35996883156968495,0.2115682287667354
372531193666,0.3235021908707891,0.19686079725355737,0.3779965845891844,0.21907953414792533
372531202009,0.3217994769876855,0.20835321840220913,0.3652549628190028,0.2209448464348499
372531210352,0.3137201346951397,0.19753715147979886,0.37131682319330256,0.21801050102146766
372531218696,0.3145747334632385,0.18203834141642586,0.37130021438332184,0.20493042216215399
372531227038,0.31127704091899194,0.16335854522555726,0.38391678158423675,0.1700700710103718
372531235382,0.3251913157275447,0.15286346827595695,0.36897311582554204,0.17530574300744212
372531243725,0.3266974772230155,0.17390150813838592,0.36444743714871036,0.18006780602609157
372531252067,0.3003849478067702,0.1592880283249922,0.35883525808420946,0.17264443159492332
372531260411,0.313713828676377,0.1549035923321523,0.3660076882980755,0.17221961869306704
372531268753,0.31838712148255605,0.14771642731609003,0.36514500716790055,0.17255664066233797
372531277101,0.3327048038575924,0.16995420658180024,0.35553898661461364,0.16844516866164339
372531285445,0.32466338649478865,0.1466249913998179,0.36035092301640714,0.17529706192638903
372531293788,0.3194479537093459,0.17395359462470447,0.354234173633722,0.17914376095496423
372531302131,0.3077989607112649,0.16161343790773078,0.3584043171963675,0.17060563770437318
372531310474,0.31963544674608013,0.1535525640889054,0.3694268827249618,0.16721840589314846
372531318809,0.3446383670544874,0.16151444558023823,0.3632187404787998,0.17462168782220192
372531327145,0.32917369980195904,0.15924133250997272,0.36237826364004294,0.1782357478802978
372531335481,0.3102456959912053,0.1460390884374522,0.3623499309641935,0.1697688234960858
372531343816,0.31005340682752475,0.16084320199042315,0.34664465800985883,0.17388113560139842
372531352152,0.3296575757205417,0.15457441133931643,0.35717943966458093,0.17240556184852687
372531360488,0.31584846043614484,0.1582750021730706,0.35752804703984464,0.16995322645974587
372531368825,0.2937542134863395,0.16054048429305556,0.3574791975987249,0.16511436387726378
372531377159,0.2917202115752783,0.1558854646044882,0.36414936674071413,0.1805098410726177
372531385495,0.32969940860557334,0.15081753349615348,0.3640751155902121,0.16917766987985733
372531393831,0.32374102022928186,0.15834466084764987,0.35747484555760695,0.16615371330721732
372531402166,0.33627347757430515,0.1601618071364734,0.3514310150679387,0.17624883044991174
372531410507,0.328383404661807,0.15690115108770025,0.35877317488540456,0.16253370250807694
372531418842,0.3263623700569339,0.17033911451429956,0.38174111629392826,0.17756142390688326
372531427178,0.3087247020290672,0.15965536406923078,0.3620412913134822,0.159422515072597
372531435513,0.3311019204687045,0.16728729447182786,0.35828343703388754,0.17271213002539382
372531443848,0.32459544136304935,0.16950692088141137,0.3542276899806279,0.1818475676594123
372531452184,0.3115197782327743,0.14933712914172823,0.3529169262496362,0.179257245087118
372531460520,0.26906837045938226,0.14575898355605357,0.33226773458531905,0.1700616699641914
372531468856,0.2522172672507094,0.15964794314510475,0.3167782873435681,0.17046961076496864
372531477191,0.2763011963459055,0.16820041818292067,0.32033923396686736,0.17437063655884386
372531485528,0.25898904323022776,0.1607629719994002,0.31217897923639404,0.1771644044661405
372531493863,0.2809698706594696,0.13960521722890035,0.3214667678850771,0.1694000175687656
372531502198,0.27831414858870235,0.1659878626538723,0.3196450389999727,0.17842309121012104
372531510534,0.28614631270918217,0.1630449761768733,0.3195047078782105,0.17590095712932444
372531518870,0.2716302127860339,0.158184620917913,0.3085936078925349,0.17679370830342975
372531527206,0.2816510095030104,0.14808488319981936,0.30796167375877653,0.17903027682281047
372531535542,0.28039477951174147,0.1573949225769541,0.3069203813084346,0.17827824317222707
372531543880,0.27613706222374307,0.14305671704340525,0.3183313443025138,0.17995642215548294
372531552215,0.2729979971373872,0.15961993965783672,0.3075803816665454,0.17365948799967182
372531560552,0.2920078903748909,0.14274447816036653,0.3136383340855555,0.16439488428062948
372531568887,0.27717862112558206,0.16030714523539458,0.3044852810771973,0.1826660395835391
372531577222,0.2625470588870598,0.15841032902529345,0.31324585103044966,0.17772398415047427
372531585558,0.2707706402566574,0.15278967908700566,0.3214248461828798,0.16732691940631214
372531593894,0.2635370150156432,0.151825589029085,0.31510710355427823,0.17545661179509872
372531602231,0.26562812636423166,0.17018670553484322,0.30923397965703214,0.1675593483506369
372531610566,0.25979141750491125,0.15095818101095726,0.3013002086990232,0.17241172261572585
372531618902,0.2727763094918692,0.14887794195925041,0.3197346555201361,0.17519876968607817
372531627237,0.2749096978113177,0.15491458370090502,0.3172650942286179,0.1704411872253916
372531635572,0.2827359999988631,0.1638272535937062,0.32344366035861105,0.17673784134633
372531643909,0.2748288741905559,0.149877386419847,0.3166582953527448,0.17433640229565867
372531652245,0.2715390863740541,0.16262177347553497,0.3185000969172912,0.16639783370747652
372531660580,0.2846453026093204,0.1453897575764244,0.32205455988749637,0.1713271475538344
372531668919,0.27854942526056825,0.1431137741487139,0.3179410816765498,0.173220043275718
372531677255,0.23002265690369433,0.13773528436657656,0.30116538424153266,0.1694401325642771
372531685591,0.18530134882721552,0.11312280938053598,0.2367174284005748,0.13763727216113839
372531693926,0.1712427461244452,0.12284583018615623,0.21659145865923313,0.1399572210638597
372531702262,0.18764487856064466,0.11361357049490849,0.2274063696544856,0.15082320420232528
372531710598,0.18800316700696668,0.11759111581774365,0.2200445812434062,0.13773794469786702
372531718934,0.17934313808525537,0.12748803827929847,0.2185893119838657,0.12833073321991215
372531727270,0.18135307054441938,0.1145094020526133,0.20580852184362267,0.13886186465937006
372531735606,0.17201705417477628,0.13066433382267664,0.22007984165817812,0.15378086251885817
372531743941,0.20064566882025794,0.11249161077751421,0.22418106310026192,0.12930854498659416
372531752277,0.17500575179964895,0.14595346777513016,0.21565008552027248,0.1419806130364124
372531760612,0.16971029474793548,0.1160822879237413,0.22495297308711984,0.1388495431249721
372531768948,0.17965737321740397,0.12147099897873148,0.21786758369561263,0.1432325789434486
372531777284,0.18890208554073595,0.14049026744400697,0.21470871238131184,0.13929738889510634
372531785619,0.17099601203820758,0.12785397384917366,0.21145720476321486,0.14689382487759114
372531793956,0.1989987321171966,0.10756831768091896,0.21303255483074432,0.13466659222302585
372531802295,0.1989711987958382,0.10806089902196389,0.21812089025211,0.1300017013051965
372531810631,0.17227222589175276,0.11813536359279814,0.21404391589625474,0.1436589320371046
372531818967,0.19287745305906215,0.12124634100212359,0.2218457933632403,0.13777700956260594
372531827302,0.194443210872699,0.12185835721636674,0.22691636535147156,0.1341642096614371
372531835639,0.1955257144879129,0.11888123647618255,0.21399728688427677,0.13187989519626436
372531843974,0.1765400683366378,0.12791019084986427,0.21549660945799076,0.14779595721993127
372531852310,0.174454463652321,0.126731034009725,0.21467558357851607,0.13950216439575394
372531860646,0.18604945581367324,0.11731794179944385,0.24859246108529176,0.13155309449984626
372531868981,0.24762755139742798,0.11379930362421381,0.31517629212633697,0.13796869343295573
372531877318,0.2815923901736667,0.12083531981774684,0.3039837305426459,0.141640930735851
372531885652,0.2604643851692102,0.11806857527566383,0.29862716728094985,0.1396676650055081
372531893989,0.2549074503817575,0.10055519433822756,0.29054382821594876,0.1398979236795696
372531902324,0.2638382828416036,0.12134778363475208,0.3084459937631876,0.15057488327897586
372531910660,0.25072282962110737,0.11000406100349364,0.3055999365063846,0.14396164973447217
372531918996,0.28985212012969297,0.11611239167255445,0.3076682218433953,0.13955726125695384
372531927331,0.2681082568984648,0.1356696071282491,0.3047481798875873,0.1400021666609249
372531935670,0.2811229914530886,0.12953110270165696,0.3099321713963821,0.13477846615466169
372531944005,0.27121108458122634,0.13269255639678307,0.30988474302991303,0.13284475535008491
372531952341,0.2560758401961765,0.13035741560221886,0.30790847227653884,0.1434092109393918
372531960677,0.2731210089118434,0.12686909120195647,0.29864999329252767,0.1441726560110369
372531969013,0.267332527773483,0.11773946429154612,0.2999913989456763,0.1338886553467195
372531977348,0.2645102735170802,0.12127483455041882,0.3075231834118524,0.140687411994374
372531985685,0.25929031105618816,0.13403014296614132,0.307889731854582,0.1439194344774156
372531994020,0.23950007020108774,0.1242962708092047,0.3002377777632512,0.13956587232928874
372532002355,0.26475301083086256,0.12045244213807446,0.3014630105637005,0.13822205498401338
372532010691,0.2605025765504493,0.12933997890105256,0.30468076765884206,0.13714350067188455
372532019027,0.2781434419962802,0.13500431427947848,0.29843958542704996,0.14928567273387316
372532027363,0.2578922400513406,0.1202808507698395,0.305711490866469,0.1351818563887579
372532035696,0.25468638445639913,0.12723712703337678,0.31050770662993854,0.12311704396034726
372532044035,0.25179591861676004,0.12047197457044392,0.3048194112544565,0.14058631940533636
372532052370,0.26759267325173713,0.13676048297477586,0.3170758248485703,0.13281402152280822
372532060706,0.2599187813204853,0.12213286140031177,0.3023324417984666,0.1352640466238896
372532069043,0.26120814011454996,0.11635994250000398,0.3065189277195958,0.12679677219608673
372532077378,0.2706028646307025,0.13038030845306048,0.2969133512521373,0.13217134149000656
372532085715,0.25546673207399595,0.11380476430423107,0.31816010480709767,0.13737361932850972
372532094050,0.2865425260852463,0.13082549389190426,0.34602595763378563,0.14127954573265686
372532102386,0.32831359436958857,0.12678417062681613,0.4017684989813737,0.13656466859005403
372532110722,0.34445327208122634,0.1381924412962274,0.4020705661618252,0.15290918396892206
372532119056,0.33651363919028304,0.1171184869613772,0.40344012685649194,0.14798106027077307
372532127393,0.3544773550333327,0.12718826094809402,0.3917786994552168,0.12525279992556299
372532135728,0.36085451634576904,0.13734106527456064,0.3962303046158778,0.13565518533230606
372532144065,0.34830278567579487,0.14164926177331325,0.39952151350703036,0.14757668991462247
372532152400,0.3482094388346733,0.12813652903570824,0.3943781114429478,0.13963952150080372
372532160736,0.3574454470757694,0.1475946821551922,0.3981130508937991,0.14600079366861315
372532169072,0.3455181010804715,0.13025968343165337,0.4068706898805843,0.13499808350356135
372532177407,0.3509704980639279,0.14490291695026938,0.406187508242233,0.14010416936329878
372532185744,0.34811120704943976,0.13811158122674091,0.394086702322377,0.14116256116459458
372532194084,0.34913118338002036,0.14289513692186862,0.3964622950526139,0.144671468127999
372532202420,0.36447843433953,0.1328817899619969,0.40634977720391624,0.1452304177338692
372532210756,0.36710644545460747,0.13106030313264683,0.40674829982628785,0.14150861425850947
372532219091,0.3566677639731428,0.12310038188542277,0.40115432828074976,0.15358553819516355
372532227427,0.35267259022687175,0.13073525265418298,0.4051622916988777,0.15345588204911248
372532235763,0.35098790622839965,0.1385618773020111,0.3997502177086365,0.14551346298143097
372532244098,0.36918911917245706,0.13134586869406273,0.40306913755547874,0.13529534052091166
372532252434,0.37398382504411015,0.1351305399983392,0.39397834538025683,0.1346540606624734
372532260770,0.3707333832320012,0.13697092918159523,0.38491855039585454,0.14406568268967296
372532269106,0.36070619167909634,0.12940291673868748,0.3912402897969114,0.14815916244979785
372532277442,0.3720211433170838,0.1396561835757282,0.39073003518012406,0.1457108875666707
372532285777,0.35106118039007933,0.1261176876298366,0.4126320817834146,0.14300729088837716
372532294113,0.357591373678969,0.14703307221803152,0.4206563574332436,0.14189149193818185
372532302449,0.36539023136232174,0.13450697234559797,0.4142180899108247,0.14965286846067544
372532310784,0.358412044289781,0.13489734095811454,0.3881663276929933,0.1412016960380517
372532319121,0.3586335543009677,0.12083777012288278,0.41192509714466313,0.14716503865178218
372532327457,0.3512699007294092,0.13383775900860984,0.41843726054892133,0.14375666420767008
372532335793,0.34908384383071706,0.12345665625219049,0.4016796818157014,0.1431957543576911
372532344128,0.359753627577261,0.1332294532564297,0.4107506677629784,0.14818639584116602
372532352465,0.4078571821397064,0.14743499226904616,0.4323476274021846,0.14816994379239604
372532360801,0.44296154515152064,0.14668470883641702,0.5111139761555042,0.14058022864685557
372532369135,0.43029319754301876,0.14961485372670907,0.49100239479500146,0.1436326787677908
372532377472,0.43580146052368307,0.15450286242934658,0.4693106672400229,0.14712037308958964
372532385807,0.41228089871034634,0.12958066887412142,0.4816648685335419,0.14459032802363983
372532394144,0.41993231989868307,0.13411394340179095,0.47466589824423383,0.1477797151973158
372532402479,0.4287627889613195,0.13508685455820105,0.4726951341551313,0.15046321937349452
372532410815,0.42409038432679713,0.14063315523779218,0.48590446711974317,0.1484440979327502
372532419151,0.42695873469218387,0.1381819399885019,0.468453670408451,0.13784253772281316
372532427486,0.4339944752880803,0.13887985689993979,0.4770049871193794,0.14091249002329093
372532435822,0.4096157620200178,0.13893544382216685,0.4826064193068339,0.14771775748173527
372532444158,0.43011689546915927,0.13872436753688394,0.4794105112344478,0.13995211042743327
372532452494,0.4209217431242724,0.14574876228320074,0.48720439515652286,0.14840230272800264
372532460833,0.42040011991027904,0.1347090875149551,0.47021367136341313,0.14806731101155865
372532469169,0.42929045174257857,0.13243485430519888,0.4688557457174494,0.13141587741223285
372532477505,0.4442366043819121,0.14118559403287256,0.48858079477294636,0.14649372505324895
372532485840,0.42989902696176513,0.13461429571055278,0.464244891378738,0.14748546855484682
372532494176,0.48686360369183823,0.16957489934675457,0.5832779232642425,0.1661144384163239
372532502512,0.5408653285922493,0.20413225276629648,0.6590866604006749,0.21495259022051513
372532510848,0.5568358984204471,0.2413748605799714,0.6670095068473061,0.23508716757495873
372532519184,0.6129684359425022,0.2574485822369574,0.7186121024685772,0.25102332210074046
372532527520,0.6620078569796366,0.2539183926232293,0.7465638414944703,0.27857910361608906
372532535855,0.6467191365323051,0.2633055816077875,0.7147903886468641,0.27124695054469644
372532544191,0.6280558966924203,0.2701420729545357,0.7156641719227481,0.2719789617018832
372532552527,0.6406650920685845,0.26591991717041413,0.7165229450976335,0.27191385359398496
372532560862,0.6448116990823268,0.26058665302021466,0.7323805394910962,0.276497954451046
372532569199,0.6384290311056188,0.26416171822228984,0.7181156145124691,0.2689017985034339
372532577534,0.622206131709746,0.2728568710277364,0.7142254226560226,0.2625685998316107
372532585872,0.6493205913148464,0.2770089480849697,0.724024531727481,0.271338942000372
372532594207,0.6403123102865341,0.27811186543102173,0.7425630722667619,0.26758290426182707
372532602543,0.6444495026807152,0.24857637738325855,0.7266037822186044,0.26630783547779474
372532610879,0.6655558362967476,0.27120088480814053,0.7253745526456999,0.27026129780157937
372532619214,0.6500108783264515,0.27247105298190094,0.7173324247455708,0.2712415598733974
372532627551,0.6651575801258731,0.2736978857591141,0.7183686546174695,0.2689770578754668
372532635886,0.6589110688641407,0.25397306943212017,0.7275363624581636,0.2679304975475417
372532644223,0.6573052545087856,0.2711873731255337,0.7297767754622472,0.27809401320788835
372532652558,0.6498693037643699,0.2687813835081813,0.7177823725068666,0.27901812828773387
372532660893,0.6477389352285543,0.2946459644186944,0.7328491388571832,0.2602049654887512
372532669230,0.6397731012737377,0.25442707596945335,0.7229954960460019,0.27222434225906944
372532677564,0.6444215252735285,0.27973949811975873,0.7215917407425513,0.2740314072924765
372532685901,0.6524556596287471,0.28112224031233674,0.7321849640922857,0.2724556510639035
372532694237,0.6482026496505293,0.25144148417437057,0.7224564646675368,0.268815827797521
372532702572,0.6787797352765298,0.26092360498076744,0.7192044241464457,0.27777099298225144
372532710908,0.6361834667059262,0.26492614341598936,0.7164494044844568,0.27239082299087797
372532719248,0.6316069846103299,0.3147819419475014,0.7304429042047894,0.27164852055212024
372532727584,0.6506161673105082,0.25557262862487096,0.7284920351607974,0.2650396275481431
372532735919,0.6615316193373018,0.2760418476521677,0.7337326032041255,0.26445057419345974
372532744255,0.6395899602781213,0.2740257365863047,0.7277087565767335,0.26270147637869756
372532752591,0.6688866576437901,0.28230944815506553,0.723311773972961,0.2578207485827497
372532760927,0.6454972787841513,0.26660943303567164,0.7194721190837821,0.26005752712828495
372532769263,0.6389842272082363,0.27719531129273856,0.7219517167150211,0.2790034964656363
372532777599,nan,nan,0.7347957446772228,0.29457084506409786
372532785934,0.6527056799501146,0.3030037452112792,0.7200965037584582,0.2870438577300378
372532794269,0.6278954928912162,0.30199449953013885,0.7222743006607428,0.28747399129447504
372532802605,0.6217344237428605,0.3014683840130904,0.7124806094363905,0.2836748981942555
372532810941,0.6349707571258367,0.2940771435835622,0.724858524913144,0.2847562528551111
372532819278,nan,nan,0.7300834611353136,0.30336870065910004
372532827612,0.6565550159103518,0.28623532704389115,0.710080236716931,0.2936837645961643
372532835949,0.6507048068418492,0.2798263089302897,0.738725016086565,0.298459899367166
372532844284,nan,nan,0.7341277507742014,0.28647118641540625
372532852623,0.6369284650915854,0.30347322367532803,0.7197180538155286,0.2830535708204957
372532860959,0.6334889315337602,0.28985456774713164,0.7064695524808553,0.30069870816552813
372532869294,0.6348119520336146,0.28961583801817153,0.7217697303425585,0.28902391430604324
372532877631,0.6487140588904704,0.28747973200936494,0.7349398061199433,0.28771678152908897
372532885966,0.6362475038823759,0.30691240195543495,0.7284872390338512,0.28904176652917657
372532894303,0.6336750923130093,0.2896670843998721,0.7284563306601972,0.2858484588672831
372532902638,0.6520097974570722,0.2821103433605897,0.7271363299439756,0.2970584648468366
372532910973,0.6552337717538107,0.2900314797779475,0.7232731385058935,0.30246978871779573
372532919309,0.6556129322340658,0.29553941567998143,0.7282840253587929,0.27899159498354736
372532927644,0.652844057094232,0.2990511930008308,0.7299694198945904,0.29636635865900685
372532935981,0.646641066243679,0.3032790194911241,0.7249036440333054,0.30114060319461794
372532944317,0.6533877957824779,0.2902290443806236,0.7246695219845932,0.288092518319508
372532952652,0.626966998241278,0.304653500654958,0.7400991064566811,0.2916124166516651
372532960988,nan,nan,0.7328341287561845,0.2823321309797527
372532969323,0.655143711147819,0.28724688301273116,0.7328143225282396,0.2931524684339713
372532977660,nan,nan,0.7245581452588402,0.2900369404579648
372532985999,0.6507990418546274,0.3024121015340236,0.728907344227481,0.29708086763665104
372532994335,nan,nan,0.7285623783560099,0.2900252490020304
372533002671,0.6316807916750037,0.28753041832132015,0.7268674803834855,0.2949744453243486
372533011007,0.6273992713866051,0.28316733498752217,0.7344790226644354,0.2836303726494993
372533019342,0.6430194574962256,0.29427400809905657,0.7257339957151757,0.30545545052159667
372533027678,nan,nan,0.7300986488706436,0.2999543754739435
372533036013,0.6313034963552278,0.29677906005261967,0.7248420937374945,0.3040265725837446
372533044349,0.6408214102801677,0.291029244029308,0.7380313540226644,0.2811505238344774
372533052685,0.6462190958895699,0.31953329363227084,0.7217527662639152,0.2907605505689711
372533061021,nan,nan,0.7169501556645173,0.28572797386331233
372533069357,nan,nan,0.7395721542127474,0.2998109276104129
372533077692,0.6454897293250691,0.29611089684640407,0.7374219794489868,0.283631072736681
372533086028,nan,nan,0.7189431240450378,0.2853708593919266
372533094364,0.6410141435296766,0.3129744568617853,0.7224844420747235,0.28176471031898387
372533102700,0.6311743561963402,0.2828747685542892,0.7298282894183371,0.30068463641317594
372533111036,0.6377356354932152,0.3022452707586242,0.7224877283098534,0.2911141646044484
372533119371,0.6319955597101462,0.2839164282719424,0.7248350771814064,0.29410185666107624
372533127708,0.6297052314589549,0.28518596636723925,0.7247982180576524,0.2884167286933538
372533136042,0.6282358402700724,0.3102794712558267,0.728800319542846,0.29243018848861024
372533144379,0.6596886631496016,0.23993422117746674,0.749670133046693,0.23645051735260358
372533152715,0.65257032258963,0.2023721635827816,0.7422769921761314,0.21049891560540504
372533161049,0.6397146595787253,0.1796720467422759,0.7251283514624564,0.17649379095478898
372533169386,0.6313684217033342,0.17839284744387154,0.7359793222269718,0.17671634866985178
372533177721,0.6469566336333127,0.1962211976043552,0.7284052607899356,0.19426879447202697
372533186058,0.6490621333627401,0.17771866348789334,0.7300709379149538,0.18490106791112007
372533194393,0.6424115928143644,0.18525874245225118,0.7204721115520863,0.17522943350463668
372533202729,0.6349204866100662,0.18357916329463192,0.7234153347881348,0.18169753897637372
372533211065,0.6105956853615668,0.1823099752429259,0.7239395336999327,0.1762173265267352
372533219400,0.6578029859052131,0.1848009554441368,0.7180330145483939,0.18069970471629504
372533227737,0.6447384249206471,0.18274991002790691,0.7300651647991852,0.17859188222962918
372533236072,0.6449153487146664,0.17638863786009745,0.7370680430437827,0.17970096034288016
372533244411,0.6467175378233229,0.18894526153365318,0.7368878330146337,0.18745939649921062
372533252746,0.6371649852037707,0.18109553400882888,0.720708009944112,0.18321910845708303
372533261081,0.6413052861987504,0.1793848709803421,0.7480123606494198,0.1751630652398114
372533269417,0.6300157362701452,0.180272511518021,0.7347854418860048,0.18143843671042612
372533277754,0.6458161324089148,0.18427301970041596,0.7318359126311936,0.18678115203757853
372533286089,0.6462121681506475,0.17766524683592955,0.7427986153901248,0.18240259677706497
372533294424,0.651302191098161,0.1816226296479317,0.7448684106189519,0.18345153740140782
372533302760,0.6353896188791472,0.17601731161892317,0.7313180197381585,0.17943331701331583
372533311096,0.6246852852551568,0.18818342666252597,0.7428483530029013,0.1820194390625199
372533319433,0.6516018602151393,0.1957545194890332,0.7355275981223625,0.17496333036687206
372533327768,0.6189651045171984,0.17729315049885536,0.7266246542525374,0.1778386584308369
372533336104,0.6372287559287234,0.1895655387766404,0.7323847138978827,0.18295993618241727
372533344439,0.6360878106184972,0.1716535281979435,0.7395800589404922,0.17257407283316234
372533352775,0.6287409434912508,0.18495665483334714,0.72790051283742,0.18490981900089135
372533361112,0.6395336501950851,0.17851347246527866,0.7299127545428914,0.1781392758666594
372533369447,0.6407763799771719,0.1908175046836766,0.7261870520772701,0.18521778735212166
372533377787,0.6330145590519045,0.16989910972060038,0.7265407220309772,0.1804821876289405
372533386122,0.6159553572240614,0.18498710862575113,0.735478659864077,0.18583939476075415
372533394458,0.6585553561156232,0.18941740032899243,0.7439092740468568,0.1780007986221189
372533402794,0.6481589516050186,0.18312186634754474,0.720913976951306,0.18329079738448922
372533411129,0.5752245155840731,0.18373675291923286,0.6841521079937154,0.18561487680158256
372533419466,0.5954083941174331,0.1737082840762364,0.6936345838695521,0.18327196503930146
372533427801,0.5999120461371781,0.17033680422659994,0.7073221084541437,0.17735300795289083
372533436138,0.6026787896650356,0.16957230902418227,0.7049911907582399,0.18227476085768632
372533444473,0.6018035853145008,0.18293809346234818,0.6998670620191083,0.1705704933278518
372533452808,0.5868390475218732,0.16680066387182738,0.6835482400843095,0.17758270655720695
372533461145,0.6116987057420511,0.16631109290566373,0.6907617038287162,0.17786148127296036
372533469480,0.6113261177320558,0.16953226403738897,0.7104316862414963,0.17269182749712447
372533477816,0.5885505543043783,0.1771382212055449,0.6935646847601681,0.18029393418578105
372533486152,0.5930392850402904,0.16543941435572762,0.7080852255415999,0.17149614859949705
372533494488,0.6241568231194067,0.1874683576151364,0.6870542088820576,0.1809586669648063
372533502823,0.6029936465173439,0.178764243693764,0.6826279166136132,0.1889714447942488
372533511161,0.5932325511927932,0.1694808776382521,0.697504614229391,0.17160627231317865
372533519497,0.5927350862478628,0.19277249813857708,0.6922239896443448,0.18479458465078333
372533527832,0.5997400961044365,0.176307777790611,0.6988321644046948,0.181151961035674
372533536168,0.6062391145681753,0.17944542852155926,0.6945101434887496,0.1779377207670476
372533544504,0.596870058212902,0.1867658201282993,0.691499774475453,0.18307895100330646
372533552840,0.6034146398826306,0.17872643898595217,0.6875140153487431,0.1827764433320934
372533561176,0.5971070224109156,0.17561350133251794,0.6833304603940811,0.18348780191741992
372533569512,0.6054053878340094,0.16610414713475288,0.7070703117894627,0.17655476854831514
372533577847,0.6108770581424167,0.17647677883627363,0.6973749411675094,0.1870473251840613
372533586183,0.5319533253715257,0.15768363853068765,0.6525347957233611,0.16078719501588706
372533594518,0.5192473192847789,0.13625284975932433,0.6107330855168619,0.14306210771470435
372533602854,0.47304338626173237,0.12293460124079594,0.5808446881934844,0.1341600091383469
372533611191,0.4955232773448869,0.1286461925039867,0.5746933889333528,0.14325351155018146
372533619526,0.48765576399246946,0.14090219874171994,0.5669450682172675,0.14293567196968912
372533627862,0.4919241393403485,0.13171194428137425,0.569699377341931,0.13638411610589332
372533636200,0.4837456770909124,0.12999575056415202,0.5580873322847697,0.14193531739575632
372533644536,0.5003615036277194,0.14343602427845095,0.5691069668468969,0.14168720649856145
372533652872,0.4925936431351863,0.14154249847810382,0.5675916571833618,0.1371570123544914
372533661207,0.5060579701824433,0.15388440541303178,0.576727923747408,0.13947353083002237
372533669545,0.49390502858633767,0.1323821377404168,0.5817057706146773,0.13946204940024245
372533677879,0.49417636502746654,0.1327417025169385,0.5669158473697613,0.14131230981276047
372533686216,0.510958723749909,0.14069623309286344,0.5770327442599953,0.13679275699385227
372533694550,0.4956611215860103,0.1454946306362432,0.5666924721980955,0.1410919923766791
372533702886,0.4954238909364996,0.13021081734637063,0.5589668886764224,0.1443183441535489
372533711222,0.5039183646613977,0.13361513128482888,0.5537837853392844,0.14168769655958863
372533719559,0.49473564671970494,0.136455595007145,0.560390716659315,0.13550550669285835
372533727896,0.5063023062052078,0.14516425949519843,0.5673351532089003,0.13832601793049598
372533736231,0.5034896442026976,0.1287389540555621,0.5595608090632731,0.14330552802778185
372533744567,0.4860573214618652,0.12542789172970645,0.554825166606792,0.13853324373627954
372533752901,0.48924576889233484,0.1345603889975618,0.5562437543769099,0.1427480486049932
372533761236,0.49645683457326834,0.13944139682838227,0.5672963401075014,0.14080208627473667
372533769579,0.4950926917257076,0.13499311288457128,0.5530671196294746,0.1411213260295924
372533777914,0.4970130964818739,0.12787861691796953,0.557686944501919,0.13360273974171277
372533786250,0.49920528176499745,0.13561563040653996,0.5716558418673603,0.13902057442346172
372533794585,0.5301434091694558,0.14067187005894025,0.5805129560796984,0.14103752559394275
372533802922,0.47181424550599355,0.13250465299721448,0.5724489791568139,0.14729623498963298
372533811258,0.49335045420387985,0.13851434138237362,0.5703522723267881,0.14654028085083207
372533819592,0.48047685012550934,0.13235266407006716,0.560942804161134,0.1388535336219078
372533827929,0.4792066758392298,0.12549937063095815,0.5502848330976244,0.13856012708405685
372533836264,0.4994375386532305,0.1319121692153408,0.5884724840157524,0.13984765741992347
372533844600,0.4863361185449105,0.1318413904012708,0.5680972933075342,0.14163350981172496
372533852936,0.5018507898617124,0.1168012774593484,0.5582759799446577,0.1476058835500994
372533861272,0.48718538828306895,0.13694908646152615,0.5831441646127401,0.13987272054102837
372533869607,0.518633681487149,0.15390281770591052,0.5727540661208982,0.14796929880612048
372533877944,0.5508656085439555,0.12802290488611814,0.6461841907434608,0.15785466982917723
372533886279,0.5445050560414999,0.14472985539895286,0.6475358103706618,0.14503495339273823
372533894615,0.5470747142787307,0.14397880187042386,0.626592722705135,0.1486191197281755
372533902952,0.5474275848779467,0.1420930470377936,0.6387460195699032,0.14590243141958414
372533911287,0.5595103609131712,0.1534057558069027,0.6665560063993834,0.1500353260880388
372533919623,0.5467866802104555,0.15132495668545048,0.6439945811581418,0.14567658329476735
372533927959,0.5433178369879584,0.1484673408271827,0.6419922869752256,0.1482026378637815
372533936295,0.5598227308848407,0.14702103071850625,0.6485201710178078,0.14585461546507394
372533944630,0.5547118359033942,0.15264987167681995,0.646303116928296,0.15447464891592402
372533952966,0.5538320130602444,0.1375641830593688,0.6379980014006111,0.1501299778750048
372533961302,0.5500081676265552,0.1448185564448744,0.6382461565614995,0.1447686402288191
372533969637,0.5615728731344132,0.14509376071600114,0.6507386461819703,0.15036590725523807
372533977974,0.555566434671493,0.14528089401966984,0.6559953789494507,0.14822910115924978
372533986309,0.5441165697588494,0.15602527201467392,0.6592777949412016,0.14493393081241876
372533994645,0.5636873433975735,0.14573070003391284,0.6391588417559481,0.14538702723641575
372534002981,0.5644114697492997,0.1411112447741759,0.6689950145859103,0.1439152339543254
372534011316,0.5639114291065647,0.1526401404649943,0.6461906743965549,0.14797076898920206
372534019653,0.5725857575919492,0.1444765638566134,0.642862695198814,0.14775990273007367
372534027988,0.5678501151354682,0.14759811258238253,0.6298556877376037,0.15261500733517122
372534036324,0.5704886954932606,0.12996823713791117,0.6326961495129693,0.14741910029002153
372534044659,0.5489450261534579,0.14769360447396657,0.6327506832526921,0.1457905574879483
372534052996,0.5482626438695977,0.1442579966384863,0.6511206488115269,0.14435530875674274
372534061331,0.5622199061863359,0.14556358922364077,0.6454254256971224,0.15499439363961898
372534069666,0.5621243389160725,0.1337627096627315,0.6451436088304442,0.15022869016762463
372534078003,0.5632111945724043,0.14581100003365396,0.6616441506862085,0.1393778289122838
372534086338,0.5918558851248726,0.1559189987804917,0.7241894652041345,0.14816189278980646
372534094674,0.627707999854482,0.1454475847776329,0.7639201367414872,0.14965125826015752
372534103010,0.632096988913344,0.14415431372687634,0.7612298647932735,0.1601643974590457
372534111346,0.6292273062904722,0.14901032844531012,0.748227209373181,0.15658695196055278
372534119681,0.6471334686101663,0.14807858241518404,0.7518589432775211,0.14439423360404532
372534128017,0.6426997156998053,0.15532546486784546,0.7459555327267807,0.14658991703201468
372534136353,0.6345060657150393,0.16061959414458782,0.7455983989036125,0.14697265469425072
372534144689,0.6709377124506603,0.1581935120251206,0.7389419964223024,0.15615506817816133
372534153025,0.6808724453341003,0.15340729599870243,0.7601739175105955,0.15490198213163442
372534161365,0.6238047518746817,0.15110393916218742,0.7318653111130311,0.15256621125860664
372534169701,0.6543903639485866,0.14598350151522513,0.7383652177484266,0.15478737785998994
372534178036,0.6682069398749,0.15252714639386772,0.7631548880420547,0.14891140612653572
372534186372,0.6504650004945339,0.1517323374164824,0.7415013518683152,0.1504726705504475
372534194708,0.6579643666952397,0.14961982434569915,0.7615883308739269,0.1462694171202319
372534203043,0.6424758964423112,0.1612319604024218,0.7569164591423985,0.14572068878721453
372534211380,0.6612489142989668,0.15438552781769346,0.7459304862860612,0.14686064074517852
372534219715,0.640515612778758,0.1526063962628363,0.7502101414139807,0.14630862200240716
372534228052,0.6436899382798857,0.14489262566869837,0.7524949630009004,0.14213771259998614
372534236387,0.6342627954982629,0.14146709908863458,0.7437160078943539,0.14990468981993335
372534244723,0.6428814356207709,0.15889997000017525,0.7471550085491852,0.14523832871902242
372534253058,0.6391529798230137,0.14753720499757453,0.7389832075871744,0.15334330803029494
372534261394,0.6493700624761259,0.16055112561821744,0.7506899317429424,0.15098695459412517
372534269731,0.6598567940442193,0.15287887019395438,0.7478303742769572,0.1534844456061259
372534278065,0.6465327981187245,0.14418924807724323,0.7420433142132477,0.14661252984798362
372534286402,0.6414715519328889,0.1544453852717289,0.769693607778849,0.14592308399144432
372534294737,0.648898176874909,0.14390298242864563,0.7627798131514206,0.1512511674964992
372534303073,0.6688838154944885,0.15816599859887975,0.7417881424962711,0.14582304153317924
372534311409,0.6511403662223061,0.1420110668288164,0.7492365276438809,0.14352710562079027
372534319744,0.6456803309626019,0.150699638814755,0.7472311248601663,0.1460054142440124
372534328081,0.6586307618892789,0.1588053882219274,0.7685792188011586,0.1386935637008891
372534336416,0.6944084478340549,0.15239517996011706,0.8020280298448413,0.15076348676572615
372534344752,0.7230804940735502,0.1521191355843723,0.8219095747462529,0.15522514237470766
372534353088,0.7323808059425931,0.14845760961535703,0.8301574920192447,0.14651031711945525
372534361424,0.6979463908114449,0.1671995035392425,0.8085976579552896,0.14642840691919623
372534369759,0.7176614923443866,0.15025697368976537,0.8089518608119907,0.154017421977555
372534378094,0.7035035920503947,0.14449217580076532,0.8014308232228609,0.15745940060638874
372534386431,0.698892826528849,0.1469277090971855,0.8058047133635586,0.15567704865049578
372534394766,0.7156803366469005,0.1468135948865682,0.8154840080785252,0.1434769093698623
372534403102,0.7192895109911598,0.15912511803781032,0.8096725232942557,0.14512491459558682
372534411438,0.701667030698623,0.15546695248726725,0.8119137356528303,0.14889817447880158
372534419774,0.7051890754033578,0.1606683202124342,0.8065532644358447,0.15412649556046404
372534428115,0.708274406104482,0.1514875169290415,0.8080455704534706,0.14743009165877424
372534436451,0.7017395943229773,0.15167093977064722,0.806252884781541,0.1531450433404372
372534444787,0.6974377349036398,0.1569476368765652,0.8218909231414617,0.14133527267232027
372534453122,0.7127816996280195,0.14936772295156855,0.8163378963092986,0.15513294089287763
372534461459,0.7291938684039398,0.15070894997427164,0.8289904344623108,0.14408913561025996
372534469794,0.7182126028573832,0.15931183128917004,0.8056951129811191,0.14336965601362567
372534478131,0.7078858310046656,0.14761218433473472,0.8187665128874418,0.1457748755350782
372534486466,0.7051549696117396,0.14475218818004912,0.8081528615896028,0.14631121232497946
372534494801,0.7186585538462238,0.14654658163546738,0.8104049096423894,0.1464097145914448
372534503137,0.6922449504954434,0.16155316040138631,0.8214526992460346,0.1486851379494099
372534511473,0.7053251433011678,0.1630271939624581,0.8263678411943394,0.1477682337675359
372534519810,0.7198111342051532,0.14799093150003506,0.8259745587847425,0.14143909560136655
372534528144,0.701497656363686,0.15213264726697912,0.8228675566951943,0.14320282523822628
372534536481,0.7131454059214476,0.14655435260318425,0.8151553845655377,0.15566927768277888
372534544816,0.6912809289792364,0.149938294004655,0.8347980112912907,0.1471134422264908
372534553152,0.6907011305217277,0.14955604640344616,0.8092550826155959,0.15347359425480953
372534561489,0.708422109050995,0.14767981275648706,0.8171141583372744,0.14488730500611746
372534569824,0.7077919512605501,0.14966175956788305,0.8205709224252401,0.14576038373041697
372534578160,0.7287104365711856,0.16471468410523057,0.8046218463511351,0.1435225550541092
372534586496,0.7057601697786307,0.155878393723953,0.8121203243801841,0.15423514909106406
372534594832,0.7219101502814864,0.1611389888246919,0.8136344794205653,0.14306623822907638
372534603168,0.7159540711515024,0.15899168142097808,0.812829085362249,0.15167226993629243
372534611503,0.7067415994593095,0.1416664139092649,0.8108521928887151,0.13676475350658424
372534619839,0.7145316642432606,0.1557550383625373,0.8114952291681825,0.14807809235415684
372534628174,0.7158140064812373,0.16544032446906384,0.8113072920456199,0.15622542693992228
372534636511,0.7271669718661324,0.1538599723703904,0.8242825917786852,0.1430579772003323
372534644847,0.7713668343629493,0.1563521427198102,0.875547326901739,0.14564122889209144
372534653182,0.7672202273492069,0.15544139930513515,0.8634092177723006,0.14336993604849835
372534661518,0.7883715912682352,0.16354693868615305,0.8664236723752182,0.14543687344375286
372534669854,0.7591642439712329,0.16925299926060836,0.8528348236616887,0.1480215253098754
372534678189,0.7542154403171384,0.14980233707396864,0.8553352045096951,0.13705781000084433
372534686529,0.7687938898905886,0.1496548287047842,0.8467707428582473,0.14733663002001715
372534694865,0.7595903887321286,0.15662545675554634,0.8711352453798021,0.12899301569380145
372534703200,0.7637938387319012,0.15284827638411405,0.8671960264479045,0.14889215372903897
372534711536,0.7608744184962529,0.16798185096479357,0.848862031841167,0.1386769016259646
372534719872,0.7671202192206599,0.15564036408217463,0.8669489370930042,0.1383182469627791
372534728209,0.7719921072092822,0.1497874252169984,0.8803754280276848,0.1327300110610041
372534736545,0.7787895513496799,0.1617077396511059,0.8636518662689173,0.15022820010659746
372534744879,0.7571127450785343,0.1455642193021043,0.8721459847251528,0.14347725941345316
372534753215,0.7685140270015552,0.14753664492782917,0.8686597333381839,0.13612067329941915
372534761552,0.7751309946613067,0.15586103156184683,0.8576819316610885,0.13561745063321237
372534769889,0.759812786914972,0.16097166798826532,0.8566772318830035,0.15238096819032854
372534778224,0.7858328414046584,0.15236808658618523,0.8566798963979737,0.14009387808172777
372534786561,0.7705992764172094,0.15167465023271023,0.854790755284124,0.14196290083071536
372534794896,0.77180026213143,0.15871787732421477,0.8586932039094332,0.1481370396948561
372534803231,0.7780271447995489,0.15401308143702844,0.8651823636677823,0.13981811374085568
372534811568,0.7634544683418674,0.15085393802960195,0.8529417595291582,0.15060554709753438
372534819906,0.7678113944039218,0.15403037359041646,0.8645290245970969,0.1407335477396481
372534828242,0.7740320598704434,0.15296407080396743,0.8509145965398538,0.1373587074715395
372534836577,0.7742803926656632,0.15366583819490467,0.8837755267639515,0.14252045026222215
372534844914,0.8192022499022301,0.15934473538670998,0.9028816978090439,0.13721911008750828
372534853250,0.8080361558339093,0.14947693655191394,0.899557804200924,0.1300530176956152
372534861584,0.7916123520092859,0.16160461680924135,0.8835916752310099,0.14030614451521956
372534869921,0.8096103512782851,0.15461487637841875,0.8841682762705544,0.13931944164132995
372534878256,0.7714297169162453,0.16415503441217869,0.8850669283528267,0.1394118531493145
372534886592,0.7860841051663453,0.15730461133051463,0.8812874026848079,0.13442940268586548
372534894928,0.8070890095791801,0.16284951183574234,0.8990282762591858,0.13671427722078358
372534903264,0.7945603713722806,0.15161164238635713,0.8880719683361831,0.1457566032596358
372534911599,0.8256070333531905,0.14837870978997933,0.8754254697504366,0.14165549254923038
372534919937,0.8176410217640425,0.15498718274164744,0.895431181049458,0.13941010293136025
372534928273,0.8271023591544492,0.15422562790539293,0.892037654783451,0.13092735657684176
372534936609,0.8210489364108884,0.1681483316966021,0.8933516159324069,0.13359524880886856
372534944945,0.8065841728094987,0.16284958184446052,0.8797473130320503,0.13888006692609428
372534953282,0.7490335804203198,0.16051738141605942,0.8421767637810136,0.13122867409984595
372534961618,0.5671079588991105,0.14870109993715272,0.7125176461944758,0.12512538405849338
372534969954,0.45159981386764225,0.13571322255966908,0.557781268331863,0.1277262079385132
372534978289,0.3301834621584873,0.12188447046824419,0.44781558088984286,0.10904837199175338
372534986625,0.22507003411147591,0.11968220622076685,0.32504156998622125,0.09676023175238008
372534994961,0.14017236996030086,0.10329624568074212,0.21301745591258003,0.08644094669410494
372535003297,0.16837555038221225,0.10056891604698891,0.21174852506661998,0.09645674395911262
372535011635,0.18401349992496727,0.099187434011338,0.24001263406418255,0.10424605396015608
372535019969,0.18042066793919165,0.09934950419390182,0.21731203232433244,0.0918353284552669
372535028306,0.16593219015456745,0.1052236557006836,0.19476170922879985,0.08793339254805548
372535036643,0.17717386763087528,0.09997944263999653,0.2035526546527121,0.0933667691652382
372535044978,0.1821832445919583,0.10816150154997435,0.20507515850666655,0.10354722693538199
372535053313,0.19543831839689138,0.10263921386071559,0.2011371830150884,0.10095053356973421
372535061641,0.16247809058157195,0.10149163095247103,0.21717525388919712,0.09100614519726005
372535069976,0.16390786931456452,0.10255240305018463,0.19727061652471078,0.09785901858406004
372535078316,0.1780486278955817,0.09518216523610748,0.2076775902780304,0.08920678112285173
372535086652,0.1654431628403758,0.1109131242089326,0.19336568101876273,0.09490087020649995
372535094989,0.17403737824232393,0.10748241698372422,0.19390826508385478,0.09539919226243485
372535103323,0.19305464330457836,0.08974157772095324,0.2003463549719423,0.09906029817914107
372535111659,0.17358343370857282,0.09567390647253438,0.19656132263965184,0.09908690149204571
372535119995,0.17809250357542383,0.10127117349895334,0.1943258833968459,0.10062982363179691
372535128330,0.15912737418941902,0.1304535375722664,0.2056458976132767,0.09535872722333251
372535136674,0.1721259440198905,0.11434257127721391,0.203840511086656,0.08870453857869931
372535145010,0.15426969694730427,0.11669164380669399,0.20656604344964166,0.09628655276524106
372535153346,0.16350330712492725,0.10486472100262541,0.19267290712651886,0.09759781605656734
372535161681,0.1259354223888606,0.12261487142491302,0.15628193865277576,0.09943428475160583
372535170015,0.14284372385222643,0.10431753286140778,0.18007623497071448,0.10262388195143633
372535178351,0.1453239432036252,0.11638962619650811,0.16152064153562465,0.1060185346867871
372535186686,0.1398775857874345,0.10823928123586135,0.16437780093813664,0.09660915293856896
372535195023,0.13750119370270664,0.133644814981333,0.16984645146291108,0.10514846633736889
372535203358,0.1309942705112231,0.12204360028464487,0.17421296977885806,0.10099701935859917
372535211699,0.14004429560740142,0.10284825989317155,0.16343909231414616,0.09957745258026372
372535220033,0.13174282158350917,0.11129516178398692,0.1533220177895809,0.09110555757706161
372535228369,0.14410919082872525,0.12087956532763035,0.17223225816720023,0.10876973729343632
372535236705,0.14393697434448668,0.12041246715999933,0.16813538876623435,0.0904915811187097
372535245038,0.1347787699405195,0.12053176201576121,0.15435798120998254,0.08833531259907011
372535253375,0.13506485003114996,0.11765888425693231,0.15823485049157815,0.0970921430852246
372535261711,0.13149733093759094,0.1184041270618532,0.16006288539544528,0.0974339256473311
372535270047,0.13266518784901593,0.12985678325858435,0.16446981552177314,0.08839075950386084
372535278381,0.1268672920910943,0.10766716999097516,0.1603619327922639,0.10654766057871683
372535286718,0.1340991409887951,0.1120690381546394,0.16011049139624564,0.09111640892837798
372535295053,0.15784920635822905,0.10984717146607441,0.16147871983342732,0.09636209217214663
372535303388,0.14278439398555734,0.12116296061878298,0.1437025858442775,0.08898324328573454
372535311725,0.12190125790685935,0.1286207093305728,0.152097495526457,0.08155258794787658
372535320058,0.13673763252942192,0.13912873789303454,0.17896459932516007,0.10135945449256586
372535328394,0.14577868709186736,0.12584864412590885,nan,nan
372535336738,0.11170380384736067,0.12323647883354548,0.16637387791945576,0.1046911693902817
372535345073,0.11807066236857902,0.11886583455818513,0.15459618884831564,0.08832859176212578
372535353409,0.14365728908978465,0.12082404841412145,0.1607398498321995,0.09326511650645519
372535361745,0.11543083857046711,0.10099778945449904,0.15631382401525212,0.09401862034012015
372535370082,0.1339337634263133,0.12252778057950939,0.15837686913948815,0.08838529882384358
372535378415,0.12370753260513678,0.12413994134153084,0.1621913887707818,0.08677544834952175
372535386751,0.12484918845268844,0.11669241390259387,0.16347124412811953,0.09653137325268196
372535395086,0.1369909390859193,0.14676857928078482,0.15714355397696267,0.0906708034372252
372535403422,0.13111266379306424,0.1297624815152092,0.17641341505838912,0.10318521185372433
372535411758,0.12271233626377874,0.1254971303519767,0.15504595897528012,0.10035895990119673
372535420091,0.1160046862778758,0.13567422770364834,0.16324920121393882,0.09416696881392263
372535428428,0.13269201063304897,0.11978245870518646,0.17029178073159196,0.09658226959079164
372535436763,0.13186530045497127,0.12514841692677137,0.17051337955994433,0.09415737761953333
372535445099,0.12668477281563773,0.12166289287523578,0.16903848170679023,0.10504716372217673
372535453435,0.12431060116005166,0.12775421142578125,0.16436163621398428,0.09057412139743226
372535461771,0.10350615709013933,0.12290253724787402,0.17120730807534196,0.09346863185017572
372535470108,0.1422434086294474,0.10596196764250564,0.16083941387491815,0.08763669560045052
372535478444,0.1321007547611685,0.15552645989771186,0.16363750986225808,0.10328826468687073
372535486779,0.11984931492833237,0.13452706484771282,0.14925081654949432,0.09174711747037256
372535495115,0.1328479735759695,0.11348013387807625,0.17107994425976789,0.0985980306130638
372535503452,0.1151564823457054,0.12849679389941168,0.16221883327497452,0.09326616663722774
372535511786,0.11532985345309772,0.13236442553471975,0.1617355790765516,0.09162558233562924
372535520122,0.1094812430935772,0.1279684381033818,0.17458227155372344,0.1050952597115596
372535528458,0.13925240175826725,0.11037258689594114,0.16383370698122818,0.10300984001470818
372535536793,0.12847825784205835,0.145067367429251,0.15622083244279322,0.08853364729764605
372535545129,0.13721804457854336,0.10796302683396207,0.1575358593977372,0.09081061084741092
372535553464,0.11373007866500837,0.12722095501947947,0.15945750759422295,0.09539618188755353
372535561801,0.1109503678309626,0.13118624881663485,0.15849925919378455,0.09858500899148415
372535570136,0.11027704489800094,0.13397315586955086,0.15894263448482066,0.09268635443334283
372535578472,0.13132618025934045,0.1345856621448212,0.1561129195865014,0.08798155854615652
372535586805,0.12506066212415418,0.12562846670726385,0.18500541003119544,0.09736377691172464
372535595141,0.1765195515713675,0.12492739940350829,0.2643932124927241,0.08970195278646895
372535603481,0.21430415019167454,0.1382954941293738,0.29934241191610883,0.09099949436903389
372535611816,0.22042107720869106,0.1330157866485745,0.2624418105457381,0.09095902932993156
372535620152,0.20463746751423348,0.13966192429061816,0.27926324882107645,0.09861056217361625
372535628488,0.21878906178946267,0.1331842276244918,0.27461269320930953,0.09843624046537265
372535636824,0.22623087446681278,0.13550732691953077,0.2867056832185863,0.1050420530857503
372535645159,0.22074064137077998,0.11770551006323361,0.26281120113776923,0.09488021763463977
372535653494,0.22618522244365724,0.11802832026271602,0.272795049913826,0.10898431401462773
372535661830,0.2060508150715767,0.13816492786998655,0.2745163265845551,0.10777778376568395
372535670166,0.22138145722110558,0.1228100557311713,0.2715882910838366,0.10442975683663448
372535678503,0.21566909239372636,0.13986487956459331,0.2893830766777776,0.10216854524845789
372535686838,0.2051920418966913,0.14320415540387152,0.2600136380534233,0.09166373708703195
372535695174,0.2095624681679278,0.1326007049585439,0.28195307668346187,0.10086428282894863
372535703509,0.2207348682550113,0.10992495115196141,0.28284604446713113,0.09452744370378055
372535711845,0.22551420875700307,0.1135629541916715,0.26671746890120235,0.10358671185242993
372535720181,0.21849934019503967,0.1355939277039072,0.27863122587015243,0.10909170738830068
372535728517,0.2120830993297075,0.12078554361912788,0.28264567294137444,0.09162292200433877
372535736855,0.21756436189200742,0.1270489435989355,0.2721103583836583,0.08684006639639277
372535745191,0.19765777054987632,0.12466724700678815,0.2747891729175004,0.1034487946776348
372535753528,0.22029717726257822,0.1220125864224955,nan,nan
372535761862,0.20216444235325415,0.12693377925754565,0.2724333864152085,0.09965096173434235
372535770198,0.23036584643185207,0.12565983061300406,0.2738233750579798,0.09914143828350024
372535778534,0.22927605980905305,0.13452125412410468,0.2702431551097297,0.09991356443619845
372535786870,0.2380163794485321,0.12841936425711553,0.2799488285229009,0.09445995529946456
372535795206,0.22055288188254873,0.1389629572484077,0.2861417830337329,0.1005680059336527
372535803541,0.2251916248112813,0.12964339668560185,0.2793282629863486,0.09690150934564737
372535811878,0.236831203189801,0.1268634204957847,0.2796533338127092,0.08560518261659009
372535820213,0.2116113025456563,0.13488088890934458,0.2775691502030431,0.09605300368142555
372535828549,0.21940838388569558,0.13231527941456434,0.27641612575828545,0.09460879383429423
372535836885,0.22643710792550387,0.11648147763474731,0.2871231238972461,0.10470258081134341
372535845220,0.21869562613117544,0.12914549468197598,0.279034899888133,0.09777752843611003
372535853556,0.22244486514569994,0.11883930125399865,0.2829825564507694,0.09683066052285921
372535861892,0.20485942161124854,0.11278109682714764,0.2733011301238268,0.10042448806140396
372535870232,0.2186497964736885,0.11381561565554744,0.28606149231596517,0.1051540670348225
372535878570,0.21379078697408868,0.12886791011443147,0.2671009814225753,0.09104387989635374
372535886903,0.2123489291065647,0.135393842787377,0.2783235632082636,0.10315937863671955
372535895241,0.20971523369288417,0.13664776893852196,0.2748127094664035,0.09659389103800788
372535903575,0.21691715120575342,0.1263020905934967,0.2717127239329435,0.08660784747822249
372535911912,0.21598972236180333,0.14604384903028778,0.27916714864781905,0.1053152271040501
372535920248,0.21524463515897846,0.13654373598332117,0.2828241066272101,0.11381302533297516
372535928584,0.2226149500179624,0.14369015592540846,0.27985574813327635,0.09887057455290006
372535936919,0.2291739200685299,0.1219659606161942,0.31731465420706306,0.10372119860003473
372535945256,0.2828582124188282,0.13945644870278887,0.3743535709048039,0.10716716772580419
372535953591,0.30514705777862156,0.1506614840633523,0.3796254025904486,0.1001282811748262
372535961927,0.3008841002778485,0.13269983730347276,0.36631632794878677,0.09757968379856129
372535970263,0.29191179020163344,0.1361943924796523,0.36046549716012444,0.11322026151622878
372535978598,0.3021747913293983,0.14277353177840713,0.373676517650884,0.11018188314764574
372535986935,0.30602226212915634,0.13624416867827124,0.3730319714796002,0.10215811394945054
372535995272,0.30603007803973553,0.1305491694812868,0.37744858267698633,0.10378014594073397
372536003609,0.2854963486907923,0.1412534324807794,0.3691072297457072,0.10354470662152787
372536011944,0.3099211580678387,0.14518246176192268,0.36842760079398285,0.11180391513892916
372536020279,0.3090594539264861,0.1521476991413857,0.38448583316469914,0.10936047085735576
372536028616,0.30015384554169094,0.12239105355292315,0.37782800960873836,0.11064051026037816
372536036951,0.3174437055487849,0.14915762678834005,0.36042055567429426,0.10644936833840599
372536045288,0.3189321924282869,0.1420103667416347,0.3706097497373854,0.11188715550483343
372536053623,0.30361469521927753,0.13762754094931273,0.3744989646050095,0.10674928568704677
372536061959,0.3073572729463766,0.14100126107793065,0.37355110781295475,0.10137170601824563
372536070295,0.3127391491002892,0.14576577440171606,0.3575260042450342,0.10423779293141201
372536078630,0.3192370129408742,0.15480410994363258,0.362674202436063,0.10345789581099692
372536086969,0.31340678773464786,0.1357550877731348,0.3794482123449323,0.1097068739948615
372536095304,0.30721427730964423,0.14621922086930392,0.38727087302868524,0.11208584024700022
372536103640,0.3153267484049858,0.14069777328466318,0.37945629470700853,0.11503271722093492
372536111976,0.2922212292068357,0.12936805239703877,0.37274526966881005,0.10160336486667054
372536120311,0.3222557307677441,0.13437003529285724,0.371413189818057,0.11215766919184275
372536128649,0.3126805297709455,0.1258959000106737,0.375922792587902,0.11158835829568337
372536136984,0.3105747635900211,0.1367238684151729,0.3711344815521773,0.10415035204241754
372536145320,0.330078657902994,0.13916269212134705,0.37124079569948704,0.11197641662050033
372536153656,0.3097357966430806,0.12131578965054834,0.3732832352412871,0.10698493503240737
372536161992,0.3074486658098534,0.1481355695117745,0.37542737043778196,0.10363809825156681
372536170328,0.3208727586810608,0.14453642131064884,0.3783713042111558,0.09182363699933249
372536178664,0.3048584019901866,0.1317231456762815,0.37124372666595423,0.11022073798623015
372536187001,0.31627709207767934,0.1345090726071431,0.37775473544705873,0.11039926021756395
372536195338,0.32311530329712057,0.14014834486446412,0.373112795100362,0.11368371923051494
372536203673,0.3207889152766662,0.15263628998549494,0.37768670149815375,0.10645279876559632
372536212009,0.3239823364684135,0.14496046411660524,0.38735489406741125,0.10251550845570899
372536220344,0.3424032830803441,0.12712889355508578,0.40004331435535506,0.106750615852692
372536228680,0.3906981498176477,0.13504988995500725,0.4609312117446704,0.11165864704872616
372536237017,0.38110527420488033,0.14400393500024694,0.448149711067102,0.11361518069542641
372536245352,0.38520898252760294,0.1397417342293321,0.42171337052190955,0.11034598358303649
372536253680,0.37478211372917275,0.133938641571493,0.433790462258531,0.11708908329974574
372536262027,0.36939597435130783,0.13141839772608696,0.4447337140581799,0.10626034479934668
372536270354,0.3949987657966658,0.15101838850858357,0.445950065142062,0.12184491554247807
372536278691,0.3961555205623818,0.14592651441863466,0.4488529653848952,0.11369870109620335
372536287026,0.387219714341258,0.14206714381207067,0.45406591128969914,0.10648031219183718
372536295364,0.3717326651629802,0.14919095093818902,0.45039136751150505,0.11660567310078108
372536303699,0.3870873767644063,0.14262763360974062,0.4352474190442193,0.1099591854151466
372536312035,0.38496926499745343,0.15023520097841447,0.43493860175917676,0.11012678628644586
372536320371,0.37921355739322615,0.1446372338648138,0.43100293551390606,0.10935613031682921
372536328707,0.3960079952502001,0.14738171563451868,0.43850967353936265,0.1167553517402288
372536337043,0.39882722972297,0.14124090092022695,0.41125559334982537,0.0932112097934642
372536345378,0.388719036914972,0.11329685105390688,nan,nan
372536545519,0.5112090105227736,0.07937818717023093,nan,nan
372536553858,0.4835542760988886,0.10213823147349023,nan,nan
372536562199,0.48350382794878677,0.13387794401283948,nan,nan
372536570538,0.47203122584173096,0.13093428743994062,nan,nan
372536578878,0.47576669819557627,0.13845336378884743,nan,nan
372536587218,0.45460130116437175,0.13275290391184572,0.44134054306083564,0.07348611343159761
372536595557,0.46806296369665856,0.11709188364847255,0.49768997210146243,0.10506284567504684
372536603897,0.44316715689005204,0.11941939349275624,0.4944039146059189,0.10783967147254633
