372536612238,0.46125574966803695,0.14572789968518604,0.5032617393555824,0.11346333178571542
372536620579,0.44723542716367143,0.1302242590202593,0.5190893135470478,0.11417623056284172
372536628918,0.4489805956519663,0.13240965116665765,0.5044661889392644,0.11947624057191036
372536637257,0.45330732387769207,0.13058466390139906,0.5144017211771955,0.11221892682024161
372536645598,0.44507308444821375,0.1450076499926519,0.5213647205144063,0.12095776506582637
372536653944,0.4490075960703307,0.14774870133516643,0.5291958188288981,0.11460916447600572
372536662284,0.44381623273678517,0.14475183813645828,0.5087003696783596,0.1131712554135097
372536670623,0.4411214311131221,0.1416580128630845,0.5115601047786762,0.11356547450552562
372536678963,0.4446446304410106,0.1377880709400768,0.5326170560505948,0.11915868102629072
372536687303,0.4418414718752274,0.1273682533625094,0.5182311620923221,0.12149501196906384
372536695642,0.43574985775042746,0.14413282105039812,0.5170707658228136,0.12032537631459571
372536703982,0.45276394045810897,0.15080507194431922,0.5127381756641535,0.1162052932415662
372536712321,0.4608330687766025,0.14665509514863106,0.5149482131975771,0.11912003621386082
372536720662,0.4666552116207527,0.141356555322644,0.4982605335737413,0.10686038952278275
372536729001,0.4520582880768426,0.13254798839376178,0.51049447642494,0.11739880186893034
372536737342,0.4467851241337129,0.14372270997935757,0.5014416091794601,0.12146063768844231
372536745681,0.4368932011241269,0.1467559777115142,0.5019734463675058,0.12251552905382962
372536754020,0.44647248771054643,0.136587281406023,0.4937454241396246,0.11996700168628288
372536762360,0.4357507459220842,0.14664739418963235,0.5050280463293073,0.1260087540643639
372536770700,0.4537441266984684,0.1445133184336527,0.5126691647264261,0.12743203130476238
372536779040,0.4567870916115669,0.15387768457608744,0.5100720619850025,0.13015908090364292
372536787380,0.43740230111776046,0.14212371085635211,0.5275030524683498,0.12722473549026067
372536795721,0.4409485929087238,0.14994760516417163,0.5238293968618124,0.1264984650479639
372536804060,0.4514287520065574,0.1321276560498684,0.5116529187168037,0.12035421990648179
372536812399,0.43272607734511426,0.14912332251643667,0.5314814397703088,0.11944844711079683
372536820740,0.4376481470323414,0.15021881893836267,0.5127904889747344,0.13375087818936074
372536829079,0.4643769625040927,0.143271433782033,0.5190148847622145,0.12059042932158777
372536837420,0.4509626395211092,0.14896762312722633,0.5098058769394826,0.12848713269630418
372536845759,0.44032554049153266,0.15172729678877414,0.5176304916008804,0.1215192349855507
372536854100,0.4330216608724716,0.14668141842666302,0.5137303522218787,0.13289593172306727
372536862439,0.44068427302368307,0.15405809704281184,0.5229611202502001,0.12883675623484575
372536870778,0.46084568081412797,0.1531304815270578,0.5136576997803587,0.1376538642273447
372536879119,0.4466273848474789,0.14221997284383603,0.5138548738881512,0.12927571089777237
372536887459,0.44061845950391987,0.135802903727645,0.5120433589770991,0.1219462881663884
372536895798,0.46366216195476206,0.14962871545290674,0.497082729139761,0.13175534968663974
372536904138,0.4466152168957818,0.14812016759377708,0.502858864692093,0.12557652023838162
372536912479,0.44282947402616596,0.20907409817320682,0.5510954673687154,0.19132387774220105
372536920818,0.4509364384572359,0.32281684253188564,0.5701724175663017,0.27876217641410395
372536929158,0.47489708932647884,0.31989880914983704,0.5941951516343495,0.2981519310159357
372536937498,0.5032314527020881,0.3405589419515837,0.5945686278160015,0.3099276774470219
372536945836,0.5063984951956308,0.3282717118255466,0.5837164136111667,0.3003477544613413
372536954177,0.5054960239752346,0.3482689320749404,0.5778042989781905,0.3286982749453571
372536962516,0.48876642264920145,0.3253268651044388,0.5932059948602572,0.33279854555114446
372536970857,0.5099150332360939,0.3261699100886434,nan,nan
372536979196,0.5010270994672675,0.3096940583544882,0.5817365013539999,0.3204910829055562
372536987537,0.5103196842428969,0.3170332122976978,0.5860588775386077,0.3322325250647391
372536995876,0.4933881126821249,0.35590513300934584,0.5821576723536179,0.3084980294132699
372537004218,0.48095442002532923,0.3396011526782983,0.5851900680240014,0.3325780880976268
372537012558,0.4880976293916891,0.34270463915477956,0.5776200921765862,0.33993236392396114
372537020896,0.490848030561063,0.3711758546689206,0.5892763681822523,0.31830107018375864
372537029238,0.5010058721646719,0.3432357252908181,0.5910434745104682,0.3272346026745745
372537037577,0.5006522910281305,0.3284269911624479,0.5913781375907214,0.32565240564392983
372537045922,0.49357871431965766,0.3340672435418233,0.5741589760475025,0.3240751792322753
372537054262,0.48563552874208743,0.3635044393492756,0.5771869308596024,0.3180380474295935
372537062601,0.4941633977212784,0.3505335040815892,0.5882935174269227,0.31810238544159186
372537070942,0.5073552337042527,0.3357113982880485,0.5740245956758404,0.3286781124345241
372537079281,0.49720050070144245,0.34765537566889754,0.5888698520149702,0.3221396482010261
372537087621,0.4900364193011496,0.3376467192931432,0.577828812515916,0.34771033251266104
372537095961,0.5003310393398938,0.34016241257186813,0.5794718412636878,0.3261160033756524
372537104301,0.5005134697981847,0.33866989670919945,0.5906845643439864,0.3615827000355059
372537112641,0.4923932716094296,0.3251831372060356,0.5954331741066556,0.30999852626981006
372537120980,0.5068202879154086,0.33389243177255257,0.5824261666454453,0.3299614422473005
372537129321,0.49978659011432264,0.3822221802653924,0.6026960201951761,0.29612545865978346
372537137660,0.5956522860543692,0.33218099864816586,0.7244989042093368,0.3076532342111111
372537146000,0.6626783377632968,0.3087942362998477,0.7617679191829162,0.2870085733360801
372537154340,0.6575880483642862,0.3483775155968223,0.7919721503474243,0.29855714147670426
372537162681,nan,nan,0.7480389169819558,0.30224317049707905
372537171020,0.6497382984450033,0.32963646177755485,0.7574823133048967,0.3041308155650999
372537179364,0.6483067433686972,0.33204497170876135,0.765785119586274,0.2908041660003911
372537187704,0.6536729877014515,0.3161840065462943,0.7774890904099061,0.2845434963605921
372537196043,nan,nan,0.7717350703318266,0.30198112786496834
372537204384,0.6580265387112103,0.3728129385346106,0.7702164744331618,0.30931517117175156
372537212725,nan,nan,0.7756649634613286,0.29991832098408583
372537221064,0.6574242695107865,0.31465830655121296,0.7686024888985649,0.2971482160235307
372537229403,nan,nan,0.7636188689155268,0.30024561174153114
372537237744,0.6708158552993579,0.34310886949349384,0.783842271087611,0.29220322022430273
372537246085,0.6673692163682788,0.319959716734645,0.7641260149315156,0.30178601356742824
372537254424,0.6356912419737704,0.39970923792479673,0.7605660452970388,0.28571103175351514
372537262766,nan,nan,0.7665192822777211,0.29982184897044745
372537271105,0.6579310602581127,0.4102617920320147,0.7699845728135913,0.288721756678421
372537287784,0.6657548755650193,0.32478870808786514,0.7613193924962711,0.2784766808614062
372537296121,nan,nan,0.7707498215130238,0.32317752744789807
372537304462,nan,nan,0.7735076833243143,0.2857942021107012
372537312805,0.6622123140950142,0.3244679981499278,0.792988573991378,0.27579303666779115
372537321146,0.7072809861064373,0.3382121797098032,0.8391532498271973,0.284398158261671
372537329486,0.7025775842810954,0.36236210709489386,0.8282841603608847,0.29495253259556137
372537337826,nan,nan,0.8005486911334037,0.28960855711148187
372537346166,nan,nan,0.8105155758308171,0.29721129387860196
372537354506,0.7136186237801495,0.3221172454112117,0.8072190379097243,0.3065865113723531
372537362845,0.7157386895247472,0.31597426042665666,0.8099848044487594,0.2970336117518862
372537371184,0.7153477163614578,0.33204119123798015,0.8019209163430406,0.29483302771364495
372537379525,nan,nan,0.8157879404194558,0.2961118069597403
372537387865,nan,nan,0.8070264822945468,0.2940134356500274
372537396205,nan,nan,0.8113330490236649,0.29841579387471884
372537404545,0.7063875742369398,0.39590601431020517,0.8018253490727772,0.28931886103569393
372537412885,0.6955847423762187,0.3151527081189303,0.8177806423484794,0.2966981999831332
372537421224,0.6977725756182244,0.3483894170789112,0.8002408508371835,0.29832219221852535
372537429565,0.7029135796188337,0.3552557321395998,0.8068385451719842,0.3006270892468401
372537437905,nan,nan,0.806766780902121,0.280139597944101
372537446246,nan,nan,0.8105434644208381,0.29281810679599085
372537454585,nan,nan,0.8136938092872344,0.2915214753267621
372537462925,nan,nan,0.8142684563491341,0.29078337341109456
372537471266,nan,nan,0.8182916963197577,0.2824051500728041
372537479604,0.6906410901177332,0.3988553415892758,0.8187233477449251,0.29494595177605337
372537487945,nan,nan,0.8221165187422693,0.30099876553160526
372537496285,0.7085973453188664,0.31900528787983184,0.8137890212888351,0.29003294996102913
372537504625,0.7049122322979573,0.30724424327956135,0.8134619964848298,0.2881812893741477
372537512965,0.6974681103742997,0.3144726434306258,0.8131818671442993,0.24347477208148402
372537521304,nan,nan,0.8050113984397738,0.2691280666805597
372537529645,0.7003321975157342,0.27432852429239046,0.8153983883308171,0.2626261469979465
372537537985,0.704444521103527,0.28316726497880396,0.8053513905499673,0.2590647334959145
372537546325,nan,nan,0.8161739398214676,0.2550896384782153
372537554665,0.7028074431058553,0.28338681231898544,0.8154047831667455,0.261834978473906
372537563004,nan,nan,0.816902062945649,0.26438882650403367
372537571349,nan,nan,0.8226551060349061,0.2579976606135656
372537579688,nan,nan,0.8142954567674986,0.26021140629082284
372537588028,nan,nan,0.818660465191629,0.2587639760426557
372537596368,0.7009214105928041,0.28735091596793194,0.8095268631425531,0.2569272973214627
372537604707,0.6987371300374254,0.29138838875352074,0.8111223747066902,0.2598758545046335
372537613048,0.6983196893587656,0.2883677925993529,0.8187029197968204,0.25796937709142487
372537621387,nan,nan,0.8054531750218277,0.2633271442929839
372537629729,nan,nan,0.8096572467417601,0.25505631432836634
372537638059,0.7050808072784033,0.2820863303702574,0.8066690820198814,0.2604755491844787
372537646399,nan,nan,0.805657454502874,0.2637005707957033
372537654748,0.69838896674799,0.28635245162938977,0.809026822499818,0.2599569946089927
372537663078,0.6847305741937391,0.333207816517567,0.8078547911816065,0.2551277232208999
372537671418,nan,nan,0.8094511909174004,0.260332871416848
372537679759,0.692390610647146,0.29572864924519526,0.812892500818539,0.27286744234418014
372537688108,nan,nan,0.808882938691429,0.26849742814728333
372537696448,nan,nan,0.815903047466167,0.2831493427469524
372537704788,0.7017903089245762,0.2947751305037183,0.813161616830526,0.26068487525180734
372537713129,0.684060626313073,0.2920272883155412,0.7961864360414089,0.2583151501504671
372537721469,0.5728381759767899,0.2955056714778234,0.712630621629211,0.2768261553218275
372537729808,0.4381510298243779,0.289868289455893,0.584068129587229,0.30309013596950113
372537738148,0.3762461758881148,0.3129492537232441,0.48160642683852956,0.2916911064508883
372537746488,0.2793619246921384,0.31418952817434587,0.3731319796081472,0.29955868619884596
372537754829,0.2438211141282105,0.3114297144953617,0.31645117372239706,0.29438812230967387
372537763160,0.26698187760340875,0.32914241025342833,0.32840747411370413,0.30766961625116296
372537771508,0.2733602823561645,0.2991648871591391,0.33037166573254695,0.29887050049923375
372537779840,0.24294244590821448,0.3314541681361237,0.3231549157530104,0.3181756145607978
372537788180,0.241677156566047,0.32798621627284885,0.3151507127826233,0.31610335650296234
372537796519,0.25445750262046163,0.31801242423874326,0.32226683291345315,0.3151671299148734
372537804861,0.26023745731091746,0.3274337074690503,0.31251017844718604,0.31299272913722775
372537813200,0.25862640274278775,0.317730009069645,0.3195028427177314,0.29468754959728743
372537821541,0.26166288400279214,0.31521032529398435,0.3173410329052678,0.2997866345852079
372537829880,0.25820105733638316,0.31689564516649354,0.3147903815414908,0.314642274554752
372537838225,0.26777075166891007,0.3222862464568743,0.3203153421493015,0.29216905596983567
372537846564,0.24762142301299658,0.32900967372377776,0.3203224475225553,0.3209083348658501
372537854904,0.25941643143144283,0.3084473431013148,0.319944441665454,0.3033701708421816
372537863244,0.2640096111541855,0.3079317288919919,0.31305382831826617,0.3102234642812906
372537871584,0.2616023995129693,0.31350855337270517,0.3100631767157487,0.29526687174014515
372537879924,0.2611084872546657,0.3102506276639406,0.3179316670569885,0.30473807118650753
372537888264,0.25156064194489414,0.3117531547733077,0.31103643521718566,0.30758497571089527
372537896604,0.25432001364800094,0.3160416788222545,0.3137000620156978,0.3010792055487827
372537904944,0.262965476554542,0.32832351827699247,0.3169038748158287,0.3068302117203033
372537913283,0.24928852121266554,0.31646012093075726,0.3165101483204035,0.29514512657924735
372537921623,0.2506513318027412,0.3089752788450356,0.31177521640124783,0.295012880110624
372537929964,0.2634661389174367,0.2962065987641426,0.3184022204007203,0.2954459540412243
372537938304,0.2627493843904613,0.3209458595387893,0.32846973494684045,0.31145190725902167
372537946644,0.2611362870275211,0.320622699295716,0.31919882155963514,0.30598240614326316
372537954984,0.2566017266341222,0.302055477123665,0.3280713011416345,0.2953298095777801
372537963328,0.26073865257680623,0.31921559406921485,0.3177150419899138,0.31034345922423423
372537971667,0.2622018265640916,0.3111673218196601,0.31730195335237193,0.29804257739815393
372537980008,0.2521213447117833,0.3248654376429796,0.31502938853431495,0.30344830057165945
372537988348,0.18697786164644573,0.30520432924952046,0.26889206838552276,0.3079628127628594
372537996687,0.14558160180124055,0.3049072822583247,0.21449981440765062,0.2838252769208849
372538005028,0.15033873801181424,0.3105235916560859,0.21420298743997382,0.2905221708836019
372538013369,0.18454595883317265,0.30510575697433695,0.21702728449118705,0.29104226565088764
372538021707,0.1526863533348643,0.30394795279323955,0.22275954436367687,0.27990093822385903
372538030048,0.16005240496989595,0.30818670064356746,0.21428487686672365,0.2892073371476489
372538038388,0.1547354541640898,0.3122803904298468,0.21148669206221807,0.28369583080098837
372538046727,0.1673809757610139,0.29955616588499184,0.2206363700182807,0.2905368727144176
372538055069,0.15657112734420475,0.29435675840393366,0.2123344519085601,0.2911682113348757
372538063408,0.14252460377596587,0.30885871432928236,0.2116641487592313,0.29239756442594295
372538071750,0.1730273494342986,0.2956701919655232,0.22462132979049948,0.26593489903610257
372538080089,0.1572203808252692,0.30623450753739373,0.21679946846123763,0.28457051972580577
372538088428,0.1525485090937409,0.3052959706616052,0.2159286161518208,0.29060114071769777
372538096768,0.16812330963170294,0.28831563610431615,0.2189492879563355,0.2989799241257336
372538105108,0.16361868062313556,0.30520887981620154,0.21630919770672657,0.28196500526166857
372538113448,0.1770456156436445,0.27405261993408203,0.22458846743920075,0.29442613704364023
372538121789,0.1635069486287198,0.28971020977026485,0.22556323583245416,0.2862586399470418
372538130128,0.16190593040031104,0.29264896573289184,0.2127137012059808,0.27572967877784715
372538138469,0.16148191725139152,0.276396301792263,0.22718104050517499,0.2770961089390915
372538146811,0.16309687977481083,0.30903303603752597,0.21279159386027538,0.28557605494488314
372538155149,0.1598800996684917,0.2799946098887707,0.20885628288366742,0.2685578456710641
372538163490,0.1623529471951397,0.30446881765642525,0.22383583077729372,0.28404839470569304
372538171830,0.15474877673894064,0.3150288626964874,0.22921699639388096,0.2841608987157924
372538180169,0.167445723474789,0.2957995680767016,0.22055758919232937,0.28264156951406455
372538188510,0.17393053119202015,0.29891796641015306,0.2154657010843368,0.27950895941082454
372538196850,0.17843222923412033,0.299149205206269,0.21164514188577743,0.2891187761191637
372538205191,0.15594603213220315,0.3028395047584521,0.21827170179942157,0.2856275813614564
372538213530,0.14298139045901848,0.28143391912563004,0.20186113173248327,0.2671685926676963
372538221869,0.14588011629506512,0.2526008985559859,0.21286717726826251,0.26072211988987387
372538230216,0.16928983428564282,0.2686332450605333,0.21276086312095277,0.255645087648177
372538238555,0.15926903756866634,0.26706736006122234,0.2063175330200906,0.2700794851604916
372538246896,0.14382586407023065,0.2922871606773887,0.2033157792718641,0.25834427377722585
372538255234,0.14597719345714494,0.27346524678863476,0.20397302629783906,0.2645307341757645
372538263576,0.147751582792946,0.2680304699970886,0.21474193000127328,0.26685278334003093
372538271916,0.1586546004165454,0.2701189000688214,0.19976158275315592,0.26393678021080924
372538280256,0.16165777523942265,0.2757043356218696,0.2149050871346133,0.27182564260909065
372538288596,0.14249644873444775,0.28106266289317394,0.2074683370357065,0.2662606496017481
372538296937,0.15932215023373836,0.2939223543076881,0.20877981130402357,0.2628412137801651
372538305276,0.14674714946635806,0.28620914378329554,0.19917805397468896,0.26272086879363066
372538313616,0.16146779532204963,0.27076977112164896,0.21379416202638424,0.2681675470672657
372538321957,0.15038847562459073,0.27569894495057046,0.2110137406550131,0.265115727024794
372538330296,0.15314917958518262,0.2781122854833307,0.210570365363977,0.26321008971620347
372538338636,0.15980842421579416,0.2877973615637028,0.20923242358028957,0.27831377057422435
372538346976,0.1492127139854209,0.27473989552035805,0.21216729800276485,0.2611439224168488
372538355317,0.15813777332949833,0.3007765578601333,0.2085610546249727,0.26622935570472606
372538363657,0.15707347723324724,0.28659160141065887,0.2157997424444303,0.2578086370745063
372538371996,0.16234957214284415,0.2759454456472475,0.20897938347528922,0.2607950689742071
372538380336,0.17068008937991122,0.25542337003773224,0.21926156911083927,0.2568968435290587
372538388676,0.15369034257562392,0.2776297153889841,0.21731753898860412,0.26417179947770636
372538397017,0.1697634074130075,0.2807575648993886,0.21169798809935245,0.2643503917177583
372538405356,0.17233439790772337,0.2571367634062277,0.22147942255484213,0.2713822073882011
372538413696,0.1625776546242906,0.2692115170726185,0.21394630583118088,0.2519743205283633
372538422037,0.14661765403880783,0.2889347932078127,0.2202840323220587,0.265821904964976
372538430377,0.15871703888401303,0.28541181449205605,0.2103498323416127,0.25394149550022543
372538438718,0.16743080219095605,0.2809439281071574,0.2302167224106883,0.25977966252586776
372538447057,0.2363696203798021,0.2745017958698615,0.31647879586092115,0.24407159640388426
372538455396,0.3027157766855082,0.2915431080206767,0.3592741036997963,0.2637376754163335
372538463738,0.31621589705053116,0.2781862146897184,0.3860975982701543,0.2697363024240217
372538472078,0.295157169435299,0.29241919711985753,0.3542892402764388,0.27106170747641833
372538480419,0.3039449174412471,0.27344697451319233,0.34933546286106665,0.2654491085407201
372538488762,0.3193171260243106,0.27930019341324125,0.352655714965394,0.2610467503160287
372538497103,0.30587793423493886,0.28101141651147343,0.35913608182434154,0.25745355285594745
372538505442,0.31056037520918217,0.2826794442305946,0.35445070988363103,0.27083039867158426
372538513783,0.3013553641589057,0.2731457269989063,0.3553352400365614,0.2698220631037801
372538522123,0.3029740570032832,0.25326157082935724,0.3618071692647701,0.26771578080891395
372538530462,0.3055237313782378,0.28000301093495106,0.3642651843247508,0.2682669594470673
372538538803,0.2931377335394081,0.29321582632391524,0.35688465549171455,0.26773727348539217
372538547142,0.3045353739586365,0.28216950072744346,0.35090654970464386,0.26082643287994733
372538555482,0.31851714981310025,0.2897176306943909,0.35789672709455034,0.2626017139553051
372540423752,0.43676228462192596,0.40292305814111407,0.51210490927291,0.4256322061062637
372540432093,0.46123265720496215,0.4137153921080647,0.551462282262942,0.43253254540398306
372540440433,0.4626730051806697,0.440122050523369,0.5478658087733739,0.38147917773945295
372540448774,0.4802345568975553,0.3925254333272066,0.5434501745648102,0.3815995227259874
372540457120,0.4687691489809189,0.40631792090261937,0.5425143969072869,0.3878761543535292
372540465461,0.4803169792272992,0.39928869555474883,0.5418883247064629,0.40491088568483635
372540473801,0.47475054100311953,0.4073726022418522,0.5365526334786997,0.4129013307331826
372540482141,0.46927593972824505,0.4030504039994655,0.5332957968306624,0.4189740269646948
372540490482,0.48081799685885657,0.3889260050912082,0.5467297484072595,0.43305586057230466
372540498822,0.47178617928164107,0.4278917374852042,0.5521499935767425,0.43170413224187604
372540507164,0.4746590593224771,0.38668019542102905,0.5443071713963821,0.4088714188891562
372540515504,0.4536589510365887,0.40860391557702813,0.5464530829361903,0.40865432185411066
372540523844,0.4603284984584182,0.4023354749695123,0.5430732345136969,0.39052031363009626
372540532185,0.4732116059735157,0.3673085030684852,0.5359458346028267,0.4115640942074152
372540540524,0.47601876131175425,0.39268617334412514,0.5415206216405796,0.3843921704937933
372540548865,0.468191038049558,0.37754237749059283,0.5488610939318975,0.41866934902321845
372540557206,0.46649640652853064,0.4162933231372429,0.5492088131355046,0.39634972956596737
372540565545,0.46954230240809625,0.4082603127882492,0.5428478165472206,0.389181466903811
372540573888,0.45806916739804643,0.4331085771370867,0.5361286203297803,0.3778359240458801
372540582227,0.47733103493456236,0.3819375948260309,0.5381721256775684,0.37267306111570675
372540590569,0.48686138326269646,0.41071593858678423,0.5403877586924294,0.37920004391942486
372540598909,0.48745352730623365,0.3672303733390074,0.5350909693832309,0.37865362587410706
372540607250,0.47768461607110374,0.4088151318797474,0.536992189631612,0.40631680076312865
372540615591,nan,nan,0.5487770728931716,0.3969429834437409
372540623931,0.4810262731123581,0.42019777935830843,0.5421493583563737,0.3826590346667739
372540632272,0.4583711457613322,0.42783517044092273,0.5361881278307807,0.3823095511456687
372540640613,0.47074071242451254,0.4039010099252324,0.5323204955344151,0.3931035653218554
372540648953,0.4917338041543128,0.4105917431207504,0.5404670724213748,0.37015449747953677
372540657292,0.48805961564478134,0.38427343570777683,0.5466970636902921,0.40022695239566475
372540665633,0.47429055690210276,0.41122077145350894,0.5413047959279959,0.3862872364859402
372540673975,0.4745748606494197,0.38875609393220933,0.5586551404249127,0.37953727591485026
372540682315,0.4659300194630384,0.394600561742487,0.5376918024456127,0.3981511238932026
372540690655,0.4827900932054442,0.40066436686679163,0.5511283297200142,0.40096232397132364
372540698997,0.4592856961162598,0.4298167672087279,0.5488724625291036,0.3811415256917185
372540707336,0.4602784943941447,0.40445568899929424,0.5411634878174112,0.37829203084475843
372540715678,0.47862225888910614,0.4333790908240961,0.545032185919765,0.39439116566644017
372540724022,0.4807129261518663,0.3915745049083019,0.5542157032159488,0.3934405172824082
372540732362,0.47921537992146573,0.3915070165039859,0.5455029168978281,0.40526365961569555
372540740704,0.4563567724438846,0.4261979465577964,0.5375318427302368,0.38464161155663346
372540749044,0.5051350710139424,0.4008693523935937,0.6000393211355864,0.37229935457811464
372540757385,0.6163883409067138,0.35969211460132194,0.7366449180665199,0.31517049033334554
372540765727,0.6339506031609248,0.3608537692619187,nan,nan
372540774067,0.6432357272946376,0.3353262803293947,0.7306292426183698,0.30815309645884575
372540782406,0.6375377508480974,0.32288741131980114,0.7112081259038034,0.31066619941499846
372540790747,0.6487820928393754,0.31253396200705896,0.7389344469632203,0.309994815807747
372540799088,0.6497425616689555,0.3274190756469527,0.7388653472083273,0.3020878211514596
372540807429,0.6464778202931734,0.3206614141168641,0.7326016942336201,0.3192470979923914
372540815769,0.6543556364368088,0.3531895648402452,0.7381408655879383,0.3122757698544476
372540824110,0.6451392567893263,0.355461977823329,0.7358089709032123,0.31028857238918883
372540832450,0.6549259314575906,0.3170148000048191,0.7402413915560881,0.2998579734690232
372540840792,0.6575759692297548,0.3305101705803179,0.7368121607894809,0.3083620024738654
372540849133,0.6580765427754839,0.32459296371186147,0.7347715864081599,0.3133955593015786
372540857473,0.6461687365566338,0.34965055412802765,0.7378305384110794,0.3385980677643569
372540865815,0.6450770847733557,0.4026423231812519,0.7419535200587529,0.2981906458370837
372540874154,0.6542386642296184,0.32766053571592146,nan,nan
372540882495,nan,nan,0.7559425789208019,0.3007082293511993
372540890845,0.6498417704430115,0.3343840329915431,0.7429769602587948,0.30801727954559577
372540899177,0.6540042757294092,0.3243097084381452,0.7486799104666128,0.30128930171201124
372540907526,0.642214685158069,0.3293322038883875,0.7464936759335892,0.31338911849950696
372540915858,0.6656017547714003,0.3385338697697949,0.7408854048243779,0.30257032123708805
372540924198,0.6444221469936882,0.3334226032649129,0.7523314505988977,0.299854192998242
372540932538,nan,nan,0.7439602550999527,0.3087791844254411
372540940879,0.6655312339418564,0.3331336772850248,nan,nan
372540949220,0.6574174305890298,0.3245086032064665,nan,nan
372540957560,nan,nan,0.7347762049007749,0.3004073318805041
372540965902,0.6599518284114887,0.33822492129651016,0.7327670717961019,0.30292211504589284
372540974242,0.650928714916509,0.33549108085196716,0.732335331553769,0.30656193831227535
372540982586,0.655428014895136,0.3250982166308952,0.7291499927240978,0.3021315766003159
372540990928,nan,nan,0.7480564139635932,0.3143168740326973
372540999268,nan,nan,0.742566536136223,0.30404015427506964
372541007609,0.673621234294283,0.33643332818981875,0.7518960688527722,0.31447838414551577
372541015950,0.6539891768112449,0.3179394051456918,0.7387857670278849,0.2980373267442912
372541024290,0.6574309307982119,0.3294301460851075,0.7383356416322577,0.3064212907974716
372541032630,0.6744076214791455,0.339763152852144,0.7380466305751601,0.29082418849378777
372541040970,nan,nan,0.7285979052222789,0.3064745674319991
372541049311,0.5295323470696304,0.2943748906619397,0.640730283868188,0.2964076638027272
372541057652,0.4787248427154577,0.31566104142156354,0.5662495409928878,0.29624174314066404
372541065992,0.4215738387546384,0.3256972812322769,0.49544112146664,0.29859025560039876
372541074334,0.44370325730204996,0.3136482907741727,0.4933346447483902,0.300712639900444
372541082674,0.44195275978381476,0.3178928493481087,0.5184307342635878,0.2983975916079946
372541091015,0.42418914901502475,0.3240969519436262,0.4938513830182716,0.3014849760792967
372541099356,0.4377613001014079,0.2994974985791653,nan,nan
372541107696,0.42159915164685496,0.3076784373496524,0.4901689345123327,0.2924756941554208
372541116039,0.43399021206412797,0.3096664749195292,0.47425822745379803,0.3073872010820647
372541124379,0.4298411181697468,0.30781285408853903,0.4840110627819412,0.29714828603224885
372541132720,0.4373819619868215,0.3277982428645621,0.483071199534797,0.30294367773108927
372541141060,0.443713293641771,0.3344476009076416,0.503003281403476,0.29429375055758056
372541149400,0.4451983166518117,0.2967573573499869,0.5028850657559663,0.2911171749793297
372541157741,0.44106343350393806,0.31653419015458123,0.4880293289912871,0.2963780501149412
372541166082,0.43651288602071814,0.32374970870150244,0.4962553084243579,0.2921448329533488
372541174423,0.4291541173932716,0.3195890205719343,0.49560188053650683,0.3028400648281975
372541182765,0.44835718796611246,0.3211887897908396,0.48295467141343495,0.34101679896841625
372541191104,0.4522861929239577,0.29637482971390544,0.48663250142675896,0.3011132297858134
372541199446,0.43671565560994796,0.3245510284896776,0.4909082485993888,0.30211204416794646
372541207787,0.4371887846514843,0.32676218384436256,0.48807773434657853,0.2885190114306003
372541216126,0.44804313046829525,0.3223948299787562,0.4870063328770736,0.29761755447014315
372541224468,0.38604022238112995,0.3015694766021281,nan,nan
372541232808,0.21076958226657996,0.23144062347163188,0.3197375864866032,0.22490691983096947
372541241148,0.10149009624654394,0.17851816304939605,0.19082035868492614,0.17233212270316642
372541249490,-0.011089435972628965,0.10517247932770124,0.055551104828697975,0.09191653856834424
372541516332,-0.07899242396682189,0.15728227854941837,0.04594437373808571,0.13219850487265658
372541524668,0.057287835686254,0.20918884246228764,0.15393423451256003,0.19605548696844652
372541533005,0.18313953901475188,0.25667841632836796,0.29539457771914107,0.25397327945827464
372541541340,0.26856282315237556,0.3049007014388167,0.37427807631398247,0.26662777531983217
372541549677,0.36357338742132933,0.30354246229759824,0.43497164174480685,0.2923418374862795
372541558013,0.36900393538203036,0.31933096843675923,0.39105386256616526,0.30426817267014966
372541566349,0.33809618344823195,0.32047561097884064,0.3860057613208491,0.3070400278486591
372541574686,0.3614909801549767,0.3173817857054668,0.42647796737439975,0.315334870803609
372541583021,0.3688389130882112,0.32583911889528955,0.42293380719541257,0.30387122323812515
372541591358,0.37730176790213005,0.3301891806075079,0.4122673096839985,0.2974552742614248
372541599694,0.3678275520227008,0.32630026632187614,0.4142733341878729,0.30546392157649527
372541608029,0.367040987203507,0.31644345885583275,0.4041885891116123,0.31647622293593636
372541616366,0.3677481494765898,0.28200778058847054,0.4085984502044074,0.3130630178902705
372541624702,0.380085209057134,0.3205932256253664,0.4107829972112831,0.3033420973461954
372541633040,0.37161915682525104,0.3087539112781817,0.414228303884877,0.3044935307339393
372541641378,0.3815656135745598,0.3067614631590602,0.4137219572233793,0.29724328786280574
372541649713,0.36035518624035945,0.3206173786331351,0.42041033388433136,0.303869543028889
372541658050,0.37400691750718495,0.3273991931709924,0.4200228245905031,0.30299772446151657
372541666386,0.36144994662443614,0.3139570992300211,0.40773141703311444,0.30560904964926194
372541674722,0.3679955941001528,0.32156109615406825,0.4080246024969987,0.3053956630762794
372541683058,0.36746544443825485,0.31432366487835983,0.41613591896918656,0.3043408417196103
372541691394,0.37178639954821197,0.31262343314888036,0.41347504550281033,0.29488273390354575
372541699730,0.3792346070614905,0.3287647832276187,0.4185865622044165,0.2981515809723448
372541708066,0.371103395544192,0.3210489123719357,0.41661197897719005,0.30232641086298334
372541716403,0.37964183376609795,0.30188038531952155,0.41471093636314027,0.300370647312183
372541724740,0.3694758209832472,0.31652312877711036,0.4134308145543055,0.29412222919806374
372541733076,0.3875220479732065,0.2981097857675972,0.42431633519626744,0.30612389376268495
372541741413,0.4179622663469059,0.3170379028818152,0.5046612314350808,0.30231793980808475
372541749749,0.46816554752301004,0.31554888745505505,0.5443930575955872,0.3071405603679514
372541758086,0.44179670802372856,0.31586252651245716,0.4860426666295293,0.31209808772773184
372541766424,0.4476861742794583,0.30920042688267074,0.4832745020270209,0.30710016533756723
372541774760,0.4376855390590894,0.3284778174918394,0.48066647477421964,0.3127646407334295
372541783097,0.44064457175062755,0.33846869165317855,0.49398833908773826,0.31032525695750995
372541791432,0.44008884274501603,0.33973458929513056,0.48878951511227625,0.3132849455268698
372541799768,0.4404346967881439,0.35497058663049297,0.49534697527102733,0.31493897150235695
372541808105,0.4432505562086183,0.3337400928018144,0.49641509050540233,0.31129606785237496
372541816441,0.43737263618442596,0.3171576877986043,0.48663649819921423,0.30896610770295535
372541824777,0.45702263473492977,0.326222416627271,0.49871989595459837,0.32373542692299573
372541833113,0.4491482824607556,0.33475969977324394,0.48843469053541544,0.30480842994826846
372541841449,0.45704572719800457,0.33602027675261503,0.49457595345582617,0.3140029549404225
372541849785,0.441077821884777,0.351156091612276,0.4945062319807734,0.31315290908440097
372541858121,0.44884967914976537,0.334886905614159,0.5048144410458655,0.31127506523692394
372541866458,0.4433830714198014,0.326964439031156,0.49393398298234686,0.3014426208048038
372541874794,0.4456512841967404,0.328161588111865,0.49298479393280703,0.3252502055580425
372541883131,0.4499989732735648,0.31807102153585165,0.4989161818907341,0.3106510775318737
372541891467,0.4534922412166218,0.33193512802995245,0.4842440302074996,0.3104040167654514
372541899806,0.4502882507821595,0.32841284940137755,0.49236058689246215,0.31217439723053725
372541908143,0.434553668163153,0.31955184594258595,0.4794685976607974,0.3028545566328587
372541916478,0.40607160184103064,0.3315469996964173,0.4531207190126146,0.3091155063075304
372541924815,0.41836922660001635,0.3293672782561907,0.4577611494674949,0.3207174210914002
372541933160,0.42832882828984464,0.3307176764209741,0.47047488264765536,0.3087164566139607
372541941496,0.4233486721762678,0.3456369543153349,0.46933002938213947,0.31451975929795434
372541949833,0.4210692684364541,0.3317159307333618,0.46439756808652866,0.31476422974180435
372541958169,0.4106618505973061,0.3395877810131278,0.46922327114900136,0.3270918548982256
372541966505,0.41794325947345207,0.34416887149530756,0.46884348894858663,0.3058991657773589
372541974842,0.42082004746957763,0.33492457030453454,0.4640557996330217,0.316343136362695
372541983178,0.40369272287566393,0.3039214194890531,0.4631928520513497,0.3089864102312247
372541991515,0.4188645599329707,0.32573193554777113,0.4694084549394281,0.3211032391372357
372541999850,0.4275669546427077,0.34076007699888644,0.4668522969113795,0.3086736812871588
372542008186,0.41673925397559847,0.32322611349830815,0.4542660163639588,0.30719614729017847
372542016522,0.4480289197217877,0.3239388022492799,0.45113521127401046,0.301145573813608
372542024858,nan,nan,0.427512953805979,0.21009615544977234
372542233271,nan,nan,0.342648329640434,0.32965655427966967
372542241607,nan,nan,0.3647447970193812,0.27560975384362174
372542249943,0.4450316068318448,0.2776089928084058,0.4216381423825851,0.2853324946143693
372542258280,0.4288441454850753,0.29946711479547944,0.4396938728092713,0.2987953811446372
372542266616,0.4370551148171475,0.3132702436960541,0.46315172970364343,0.31869430915372016
372542274952,0.44129338114586364,0.3183174522238104,0.477409194040354,0.3027700561100274
372542283287,0.44305933285092586,0.32808695881829564,0.47795684068388933,0.30960570735215753
372542291625,0.4256783464318521,0.28434782199330666,0.45999374656099934,0.3074705814654053
372542299959,0.42338322205371437,0.3095319881719244,0.48098426259299515,0.2985250074750642
372542308296,0.4161658503540181,0.29069089189439185,0.45751574763874236,0.3072956996874164
372542316632,0.41730244362312646,0.3137633851068444,0.4674776585748781,0.3125390026347672
372542324968,0.4176423469161543,0.3191480356561807,0.46915861225239197,0.3155611389807348
372542333304,0.41457762179746616,0.31188904169527587,0.463651059809053,0.31527564342803704
372542341640,0.4213398055230919,0.32022343957599186,0.4619566947395227,0.3084716361265198
372542349976,0.4262934941212984,0.3065218233167639,0.46851548715575886,0.31629819076562976
372542358313,0.4183502197265625,0.32563133301976066,0.4729736647866796,0.3156880647867772
372542366649,0.4198205879042673,0.31200994675155563,0.4699873652252801,0.3170901993942883
372542374986,0.4256636027823505,0.33343989541830094,0.46769943503756184,0.32039286067396355
372542383321,0.4238526207742924,0.33324653133871507,0.46922176125718495,0.31895530165505837
372542391658,0.4173720762810135,0.3475244593659194,0.4732848801351954,0.31698203592471547
372542399994,0.41266450004888494,0.3406629749067845,0.4710202200448832,0.3119962250427943
372542408330,0.4259599856641989,0.3272778680624036,0.4727151180174076,0.316492114914961
372542416667,0.42271735976266916,0.3330274040508426,0.4579354087465439,0.3231819379971428
372542425004,0.42578492703065884,0.3264047893381041,0.46298830611880637,0.32054113913904786
372542433340,0.41880682877528375,0.32376006999179163,0.47284408054196375,0.31470850280214097
372542441677,0.43047118714302607,0.3180483387111645,0.4561964574598461,0.31931962702441563
372542450012,0.42483396163780557,0.3226736747032278,0.46861291958650136,0.3089143012515094
372542458349,0.41156236784005745,0.3322828613331034,0.4689943004958982,0.32112543190089565
372542466685,0.4241107234577361,0.33046760527967045,0.47070980405085855,0.31917834943114837
372542475021,0.4204341368847315,0.33554162714648594,0.4696556331114941,0.3214448816819059
372542483358,0.4152227896889097,0.3312077374481649,0.4690103764028849,0.31277927255552707
372542491694,0.41295146831117213,0.33393219672447316,0.46973370340012005,0.3246144563883397
372542500030,0.4209446579530159,0.3385486416093288,0.46849816780845277,0.31990952048371707
372542508367,0.41037106319689504,0.34186642477212875,0.4657094864406741,0.3173938272049921
372542516703,0.41966320388669603,0.3379052614893454,0.4723034504545165,0.32077020766490044
372542525040,0.425713340395127,0.3300136687510554,0.4643736762689628,0.30801727954559577
372542533376,0.4233180302541109,0.3268648866339181,0.46560299465903304,0.31731443731858716
372542541712,0.42941994717012877,0.3336254185214517,0.46640483603072247,0.32055521089140004
372542550046,0.42526907693243415,0.33370900893094685,0.4601983813107083,0.3232637781886837
372542558387,0.4246477120413908,0.3323781431985329,0.46865821634099425,0.31843849729752655
372542566725,0.4189620811808789,0.32408729074051873,0.4817422282848425,0.3078951843411071
372542575059,0.4244237151495653,0.31873582432359504,0.45115235298698525,0.31230657369044246
372542583395,0.41888756357887985,0.33117385322857057,0.45728890859761534,0.3117956500652369
372542591732,0.4198039790942866,0.3376859941840366,0.45741494015570433,0.3166924798663639
372542600068,0.42764102815887844,0.3230954772302027,0.47906758815778705,0.311243001244002
372542608404,0.4186669417393499,0.3254862749557122,0.4598082963190756,0.3116472315827163
372542616741,0.4151881509942975,0.32937637938955283,0.4623897672393408,0.31167187465151214
372542625077,0.4294847837010696,0.32878809613076937,0.4665112389951979,0.3189277882288175
372542633413,0.41231296170715404,0.3223014383487173,0.46741131215212095,0.3101085799747735
372542641750,0.41090956167236614,0.3286622904642177,0.4654382388167109,0.31734328091047326
372542650086,0.4280675281884368,0.3262346681529507,0.4553566023412489,0.31081335774059204
372542658422,0.4054064500873108,0.31970663521846004,0.45695175863672327,0.31538569713300046
372542666757,0.41271006325487486,0.3267012062508364,0.45342838167450344,0.3051079972533184
372542675094,0.4040891138860594,0.33012183222062824,0.470048915521091,0.3209583910993417
372542683430,0.4149807629124527,0.3366682074392795,0.453953468757958,0.32223002945618373
372542691769,0.41622899935881114,0.31498097673325903,0.45849726613658687,0.3143135836229433
372542700105,0.43393159273478427,0.33202396909331033,0.46285952122858154,0.31425267603813534
372542708441,0.4103207926811245,0.3262304676298605,0.4543042965623636,0.35030086511110986
372542716778,0.41168777767798675,0.33090529978567,0.4732808833627401,0.3141211296566937
372542725116,0.4180271028778467,0.32657344034017594,0.4721486421347497,0.3148108555481057
372542733452,0.41150019582408687,0.3203486851727982,0.4634911000936772,0.3075685236621253
372542741786,0.43052438862526377,0.3356181466754459,0.4566247338327179,0.3119798430027425
372542750123,0.40843422726507933,0.3382394131011714,0.45935381888233046,0.32059497584332064
372542758462,0.41935252144117435,0.33404022017660967,0.4687893992946922,0.31749912031711996
372542766798,0.40992573392821413,0.31549260044564625,0.4752281109029395,0.3064735873099447
372542775133,0.42912995912420876,0.33563886925602426,0.467612394215203,0.31529321561629775
372542783469,0.42070565096019175,0.3298191145232607,0.45994951561249453,0.3096413417897061
372542791804,0.40724834046902286,0.3387657386443743,0.4649196353863504,0.2989496803594841
372542800140,0.4195529817840967,0.32691774321613654,0.47943298197736284,0.31723840785065444
372542808476,0.4032741275738504,0.3383174728219311,0.4710988232365032,0.31406379251651234
372542816815,0.42023429826196884,0.3228598978935603,0.4630219678245962,0.3006720348439053
372542825154,0.4203386584316338,0.33360994659473614,0.46287710702738466,0.3150686976571262
372542833490,0.40678569185303587,0.33333537240207295,0.46092250766243453,0.30761689968638084
372542841825,0.42151211082449613,0.3368562508562844,0.4665119495325233,0.31839264158712516
372542850161,0.4198921745397992,0.31909587916114396,0.46237502358983923,0.3079965569650174
372542858499,0.41459582931642897,0.3329020184365999,0.46857046498131005,0.31672762424288525
372542866836,0.4200337491018808,0.31772104795371925,0.4621779382992124,0.31556519948638867
372542875170,0.43183524117342115,0.3422058270378175,0.4665132817900084,0.3141506033270433
372542883506,0.4106836108028958,0.34276029608572484,0.4576666480032196,0.3161252692317496
372542891843,0.4173298881273192,0.33145017763918805,0.4796200309282687,0.323412896758386
372542900180,0.41834684467426697,0.3490673114969524,0.4582106531429624,0.3145273202395167
372542908515,0.4123702487790127,0.33883182687432695,0.4647797483504165,0.3080574645498254
372542916850,0.42078842855859827,0.32500860547163746,0.46294807194275683,0.3072839382227638
372542925187,0.3998505811058462,0.33932048772715434,0.47203335745370706,0.352360241564802
372542933523,0.4311054305230919,0.33924669853820305,0.4918751122648974,0.30332858566358856
372542941861,0.4564259610159433,0.32865045899084694,0.5281337431617887,0.30389530623717564
372542950202,0.45449027970728134,0.34296689181304485,0.5227259323954998,0.31300260036648975
372542958536,0.4405904820967331,0.33968194273906666,0.5034984371020991,0.3108359005478428
372542966873,0.4504356872771755,0.333008641714373,0.5214524718740905,0.3136609623521615
372542975209,0.4422892880245471,0.33979066627838483,0.5192346184300877,0.30454792750795745
372542983545,0.4580269792443521,0.3272133200242508,0.5148921695660379,0.3107147154566903
372542991883,0.4429932528796657,0.3485703196066628,0.5236818715496308,0.3082515987253111
372543000217,0.4485112857485539,0.33626957779801886,0.5011416736109848,0.3184920539669267
372543008553,0.45128442411233993,0.3273874317063398,0.5126803556893008,0.3178930593742632
372543016889,0.4518013400165527,0.34013643933742704,0.5108669756177696,0.30568941965772123
372543025226,0.44037145896618524,0.3335113043108344,0.5206299361027994,0.3002195684983719
372543033563,0.4439660672952743,0.33909645982900993,0.515066961748081,0.3055327401464565
372543041898,0.44411332615595894,0.3317020690071641,0.5022112987371762,0.3145261300913078
372543050235,0.4400118382623781,0.32816991914932725,0.512267799954753,0.3050068346555626
372543058571,0.4366508190790072,0.33639510342969786,0.5167742053066338,0.3127407677605335
372543066907,0.44113120100134606,0.3288194600365096,0.5106078959455035,0.3105896798860385
372543075244,0.4446322848549822,0.33695398302684987,0.5069370824882676,0.3012610181898705
372543083582,0.43387705899506146,0.33849627508813757,0.5200075942229336,0.31380728057313706
372543091919,0.4418173136061645,0.3374024588754477,0.5037711946178787,0.30375080824287254
372543100254,0.45003254616218896,0.3297506459968903,0.5193738837458618,0.310832680146807
372543108590,0.40020238589907414,0.3248073304068984,0.48461795047497996,0.3120735146676541
372543116927,0.39938908711301296,0.339896099407949,0.4688763512998854,0.31955457628259454
372543125263,0.40096488126637075,0.3362863798903797,0.46802272952060897,0.31899121612747966
372543133599,0.41244467756384606,0.33422182279154294,0.46886400571385695,0.316752617355272
372543141935,0.39594759957754294,0.3476902400105462,0.4613298231842077,0.3167164228479781
372543150272,0.40396254942497634,0.3333616256713867,0.4778914712499545,0.32689078985964104
372543158608,0.39436363424494325,0.3498346770568151,0.46505286113485883,0.31746187567905343
372543166944,0.40213824484206745,0.3438670639112762,0.45793896143317087,0.32089048264271675
372543175281,0.3964041198090985,0.35440428610921487,0.46398758804978535,0.3139911934757699
372543183617,0.40522552952083635,0.3413123057678123,0.4764117772698541,0.3279166976157059
372543191953,0.41671740495284304,0.32664099875321007,0.46116462325605717,0.3286622204554995
372543200289,0.4000469558591476,0.34602130217808885,0.4732705805715221,0.31461644133774724
372543208627,0.4005689343418037,0.34264478170074414,0.4636511486262187,0.3156765133482791
372543216964,0.4130790985782432,0.32570981279282935,0.46989277494383913,0.31147080961292756
372543225299,0.395822633825442,0.347279008800015,0.4617918500800349,0.31431799417218803
372543233636,0.4029452376093659,0.33169380797842,0.4700396785358611,0.31789908012402585
372543241972,0.41580409803823487,0.33593430604670216,0.4672113847121926,0.3174507442928644
372543250308,0.40344643287525467,0.33374191302848677,0.46227172922616233,0.3094213043884974
372543258645,0.40346179824491596,0.3270933250813072,0.46882368272064173,0.31026490944244733
372543266981,0.4070731042011514,0.3284270611711661,0.47581261667022884,0.3170787879732266
372543275317,0.40610268784901593,0.34188196670756255,0.4728869792329835,0.3176758223217813
372543283654,0.404777358102854,0.3618121886136676,0.4707158436181243,0.31677936068561297
372543291990,0.40119926976657994,0.33605276079784596,0.46226879825969514,0.31097584797546485
372543300326,0.3993382836942484,0.3306861724977976,0.4776227105066302,0.33490286760190185
372543308663,0.4041177130134059,0.33328643630807203,0.47137913021136496,0.31943962196735926
372543316998,0.41179231548198303,0.3450598024427405,0.4733286669978718,0.32676260389667156
372543325334,0.4113369498735812,0.33564005940423314,0.4733005119563537,0.3205015142045636
372543333673,0.41805854415449467,0.34656078936030776,0.46223860042336656,0.32905405925109765
372543342016,0.4163293627560208,0.33622988285481636,0.44317896957308645,0.30501502567558847
372543350352,0.43524306700310134,0.34700149424118865,0.4725135030513315,0.2937905278913738
372543550420,0.49546599027302823,0.18770400696049702,0.46785291109984356,0.3329013183494182
372543558755,0.4660223893153376,0.26139756400277914,nan,nan
372543567091,0.477988903680697,0.310349970035024,0.44589988344345716,0.26591151612423375
372543575430,0.45050603047238796,0.34417055170454364,0.4906621362333109,0.27134419265423476
372543583766,0.44910387387791945,0.35089082857912945,0.5076937159226299,0.2920987672167929
372543592102,0.4683865246312027,0.31228319077857364,0.5255253606403248,0.3107444691619126
372543600439,0.45133025376982683,0.32348381558989237,0.5220872481571504,0.3090666402222476
372543608780,0.4467511071592604,0.3014458412058396,0.5235873700853554,0.3109869093529357
372543617116,0.4589863822679442,0.31148537142630695,0.5346916474063682,0.3040185915898732
372543625452,0.45979044406877545,0.3180985349620925,0.5320305963056606,0.3099032444043805
372543633789,0.45188642686126673,0.3076822178204336,0.5300395819027849,0.3209945856066357
372543642124,0.44610318593568105,0.3213946854309779,0.5267774162248072,0.3139226549406814
372543650460,0.45474101056597427,0.3178054084591142,0.5317494899763079,0.31827803731548066
372543658797,0.4604915667745926,0.32278722884409966,0.5247121506714294,0.305311932649348
372543667134,0.4556328237264897,0.3221921547396537,0.5230547335428187,0.30975790630545935
372543675470,0.44779186670660837,0.3325936300330605,0.5199040334077597,0.3241127739139327
372543683806,0.4492295501673457,0.3214422213506154,0.5191155146109211,0.33193869847457913
372543692142,0.45821074196012807,0.330481817049459,0.5260300197756749,0.3170549850090487
372543700479,0.45774178732537835,0.3330101819061727,0.5163978869756803,0.31783390200740946
372543708815,0.4661355423844041,0.32646793720189354,0.520202370267253,0.32078308926904375
372543717151,0.4530713366685008,0.33391770491981193,0.5302053147339294,0.3132313188487515
372543725488,0.4539786040158433,0.3312426717985318,0.5344273275213275,0.3232793201241174
372543733826,0.4608638883330908,0.3275346600406516,0.5323002452206418,0.3254301979724579
372543742162,0.4753888699728063,0.3377422811934454,0.5280673967390316,0.3176021031415482
372543750499,0.45418457102303733,0.33694208154476096,0.5264664673277885,0.32277938786766464
372543758834,0.4503219124879493,0.33574493246405196,0.5331957887021155,0.3163569280801745
372543767170,0.4572389933505075,0.3334021607192072,0.5224817740070667,0.32635949369744804
372543775507,0.458425146598061,0.33735646314760986,0.5183198904408287,0.31762779634111665
372543783843,0.45304042829484686,0.3336802353477789,0.5270089625757148,0.3235516540377992
372543792179,0.46084719070594443,0.33198896473422523,0.5254866363560917,0.3129311914739562
372543800516,0.4640612174801277,0.3286763622165699,0.5373624683952998,0.31784517341103485
372543808851,0.4642940072713548,0.3375143328070835,0.5143413255045384,0.3212076221360273
372543817188,0.4661817273105537,0.3363779512937462,0.53104694619584,0.3156004838803464
372543825525,0.4700252901550222,0.3303660926383238,0.5186205365466294,0.3138828199800426
372543833860,0.4693470822779486,0.3272416035463915,0.5259688247485266,0.3210108976379693
372543842197,0.4649683071931388,0.3330302744082876,0.5360812807804769,0.316250934880865
372543850534,0.4733536246214257,0.32820863397047534,0.5233345964318521,0.3196732410598929
372543858870,0.45624344174048675,0.3364568511191239,0.5268913686483647,0.31568946496114064
372543867207,0.4720349561626892,0.3395519365494247,0.5346401334502783,0.32845009403944403
372543875544,0.4761089107349116,0.3359950736140738,0.5689912380800258,0.31354677813282605
372543883880,0.47624337992373944,0.3336717642928803,0.5476305321015079,0.3170351725418066
372543892216,0.47447263209173096,0.343085906633934,0.545679130154522,0.31541188039359613
372543900552,0.4683030364954707,0.3297061204521341,0.5390153558484612,0.32118164890158624
372543908889,0.48012833156741125,0.34120022181002196,0.5352346755572887,0.3198658350435789
372543917225,0.47963122189114343,0.3336513917558928,0.5409475732876619,0.31850577567568805
372543925561,0.4870148593249782,0.34090016444394483,0.545911387042755,0.33325591250694986
372543933898,0.4874995345980519,0.33489152618955825,0.539169897716731,0.31887598177737164
372543942234,0.4824872266705017,0.333323050867675,0.5479727446408432,0.31564977001793815
372543950570,0.48122158205967147,0.31752131308077985,0.5434453784378638,0.3275007058123391
372543958907,0.48083966824728064,0.3398954693294855,0.5322024575212365,0.31809251421232987
372543967243,0.48130151750877653,0.34122598501830853,0.5480226598879511,0.31612659939739485
372543975578,0.4772367111046184,0.34209465319336335,nan,nan
372543983914,0.4716207129019936,0.33069863404963185,0.5504607799028213,0.318593006538528
372543992251,0.47758842708068067,0.32525433607241455,0.5419346872669437,0.3219386531711597
372544000591,0.4748195519408469,0.3266037541151436,0.5469156427350116,0.31969893425946133
372544008927,0.46656674972374307,0.339239697666386,0.5417843198054606,0.30701111424805483
372544017264,0.47791394199286963,0.331303229339749,0.532910774417473,0.31662324124409363
372544025601,0.4746428945983247,0.3337360322961605,0.5513570339216204,0.3174578151733996
372544033937,0.4726227481651084,0.33788061842054956,0.5390937814057498,0.31574043130796847
372544042273,0.46763628603276886,0.3364114154610315,0.5480016990368525,0.31882424533464393
372544050609,0.48004946192429426,0.33234887955433784,0.5373161946519845,0.3087188369103785
372544058945,0.49583618021955034,0.3323751328236516,0.5417630036856992,0.323406735991187
372544067282,0.4766530935089857,0.3400364668878801,0.5457725658128092,0.31828622833550657
372544075618,0.4759301217804133,0.3347079633305162,0.5509556691499472,0.3162771181414606
372544083953,0.47957944148355647,0.3411629071632373,0.5338025875779886,0.31744108308975694
372544092290,0.4755706787109375,0.32799153693542976,0.5359233638599116,0.305993047468425
372544100626,0.47649792992055623,0.32858507084807603,0.5477200598045056,0.3145221395943721
372544108963,0.47412962019790456,0.3293669282125999,0.5278786602619779,0.3115846437886722
372544117299,0.4894199393542182,0.33234558914458384,0.5252745409644664,0.31037636332177415
372544125635,0.4839980066585874,0.33590343220198915,0.5457494733497344,0.3171269539713276
372544133973,0.4820064593527176,0.33457389663522047,0.5470923000775338,0.31464577499066054
372544142309,0.4829199439016571,0.3341587449364717,0.5361581964459491,0.3152655621726206
372544150645,0.4934373173919074,0.33155281042002543,0.5445846362219423,0.3139836325342076
372544158981,0.45079450862649156,0.3230493414849286,0.5314362318329816,0.31009065774292194
372544167318,0.4105317334495962,0.32596184417824176,0.49185122044733154,0.28753902939365505
372544175654,0.41094828595659927,0.3194307308601516,0.4708965865502674,0.3067963975094271
372544183991,0.42999574885518227,0.3127470685451688,0.4805444399885859,0.3084697458911292
372544192326,0.42979502206076287,0.34084282730376353,0.4850243778250964,0.30052935707627465
372544200662,0.43689577682193137,0.31495311326342734,0.48768791580644283,0.30531984363450115
372544208999,0.42549502780190446,0.31246752373351555,0.48719080613017496,0.30373330606333
372544217335,0.4248090928314173,0.32599586841527245,0.4860544793125637,0.3079443304612625
372544225671,0.42119796450951325,0.32191141977979154,0.4803480652352845,0.30681305958435157
372544234008,0.42012185573022776,0.3170616358372749,0.4733498054833018,0.3095317081370517
372544242344,0.4257552620973243,0.31724050811219956,0.4835091569787271,0.31168916680490016
372544250682,0.42630583970732683,0.32048072161526703,nan,nan
372544259022,0.4322189313291254,0.32027573608846494,0.47991774606760224,0.31418700786049175
372544267358,0.42592277127178224,0.33717262025369515,0.4847313699955435,0.3078435879158157
372544275692,0.422635559153085,0.3198744461159138,0.48396425613563193,0.3095689527751182
372544284029,0.4446299756086747,0.31170813916752427,0.47767751069784997,0.30906467997813886
372544292364,0.41989954636454996,0.31640271378185775,0.48536463638678695,0.30851378137485824
372544300700,0.42764795589780086,0.3194175692211356,0.49023856717021974,0.29938772490907456
372544309036,0.42859741139883767,0.32176797191626094,0.48878400844800457,0.2989573813184828
372544317375,0.43330942848924986,0.32270720887923127,0.4874942055681115,0.2993168760862864
372544325711,0.4337362837874709,0.32532280459878493,0.47351882454957617,0.30499150274628334
372544334047,0.42112708841130675,0.32063467078652313,0.4945580123883604,0.30724627353238826
372544342382,0.418121870793619,0.33704030377635363,0.4947721505747963,0.3037695705793421
372544350718,0.4364472501352863,0.3237807225636518,0.4873773221780868,0.30752434816095997
372544359057,0.4253190809967077,0.3213019238794025,0.47308486387810134,0.31393168606532534
372544367391,0.4210559458616032,0.3287549820070749,0.4932032841603609,0.30424625994136245
372544375727,0.41640610078716167,0.3198768264123316,0.48414739713124816,0.29949413816069315
372544384064,0.4300578320539872,0.3110174331540579,0.48568402291454454,0.3084210198232828
372544392401,0.4195778505904849,0.3068671763234971,0.47967207778735266,0.3038924358797307
372544400740,0.42559548001627984,0.31716433862683047,0.48494986022309733,0.3022946269049341
372544409076,0.4237463066269827,0.32317829754379795,0.4871624734543255,0.304677793680163
372544417412,0.43605512234884314,0.31252941144037794,0.4941931514717786,0.30417996168525535
372544425746,0.42274240620338877,0.32176146110547116,0.4904887651259186,0.30682839149363084
372544434083,0.43853836148387476,0.3171071415040855,0.49081499057543293,0.29871865158952277
372544442418,0.4716928324405195,0.31675996827067987,0.5449431911197613,0.29698292543993104
372544450755,0.46065188175863103,0.3053498773745962,0.5265400079409651,0.29813666911537456
372544459092,0.4589453487374036,0.30208537084632364,0.5117957367192048,0.29267829938580514
372544467428,0.4428209475782614,0.3187305736697323,0.5137077038446322,0.2967742294510659
372544475766,0.45741884811099387,0.3018975374554732,0.5177572336962948,0.291674514384682
372544484103,0.46009109017457617,0.31327311405349906,0.5221126498665327,0.29207797462749635
372544492438,0.4537747686206254,0.30410617249630406,0.5168958848236048,0.29589505996828563
372544500775,0.45552864119115616,0.31093937343329825,0.5222010229463766,0.29596541873004656
372544509109,0.46704813876168694,0.3077707788489188,0.5160135750998163,0.29776821323164526
372544517446,0.4614726411866087,0.30060755681447066,0.5139243289117069,0.2961085865587045
372544525787,0.4561606641420802,0.3157811063732253,0.5094125945298857,0.29633723503224807
372544534123,0.4531732987746926,0.3087088256636802,0.5174467288851045,0.2990266199407531
372544542460,0.4704382011582327,0.30552125871667657,0.5228746123308353,0.295675862671695
372544550796,0.4720400187411325,0.3125674261743443,0.5058787371421165,0.2913181000004779
372544559130,0.4659521349372908,0.3049142831301417,0.5100121992153395,0.30023644059945087
372544567467,0.468207025139379,0.31433528632557606,0.5073225489872853,0.28718149486996025
372544575803,0.44595121976521573,0.30382858792875955,0.5131446918314355,0.2885183813521368
372544584139,0.4498952348240596,0.31055271528284467,0.5072739659976626,0.29482224637104676
372544592475,0.45444187435198996,0.3165297796053365,0.51393001321031,0.2966062785361758
372544600812,0.44959263474061406,0.3027869982198245,0.513267348337229,0.29504928464407243
372544609151,0.4505936930149065,0.29971473563164713,0.5090438256580144,0.2873663878946475
372544617486,0.45926313655617906,0.3273025111311995,0.5120238192006512,0.2911521093296966
372544625822,0.4579176453134095,0.3116314096124098,0.5178863738551822,0.28550842652313085
372544634158,0.43845709377728465,0.3254131858539426,0.5285805823222861,0.2921166194399263
372544642494,0.46375817331085384,0.3157295099479339,0.517167665350562,0.30026150372055577
372544650833,0.45364216459227663,0.31123558031987597,0.525827783089439,0.28591888763776224
372544659169,0.45450289174480685,0.3086857927954022,0.5010597841842349,0.28762500009956793
372544667506,0.46281173759344985,0.30629569515707444,0.5188478196735848,0.28666826095705517
372544675842,0.4618589958572832,0.31029018258970675,0.5246852390702307,0.2893125602510586
372544684178,0.4683005496148319,0.3037599793849528,0.5062896941676822,0.28515355233072653
372544692514,0.46331026834436845,0.3155163334011059,0.5101978270915946,0.29087571491036096
372544700851,0.4402933886775593,0.32155577549148734,0.5149871151161416,0.29748243764407484
372544709188,0.456663191665454,0.31115114980576286,0.5230727634274501,0.2875455402044449
372544717524,0.46759694002837604,0.3002656342349278,0.506228499140534,0.2905064889307318
372544725860,0.45971743635859286,0.2910939320848972,0.5178228695817265,0.2875794944327574
372544734195,0.4566828202590676,0.3089268328120619,0.5147551246794055,0.2906626083722511
372544742531,0.45323147401820796,0.3015942596883603,0.5088033087733739,0.2902977229331485
372544750868,0.4598428461965221,0.30997388320101416,0.5097072898855864,0.28573861518847415
372544759204,0.4586909763749181,0.311956180056001,0.507458705702261,0.28632969879598447
372544767541,0.46591962785465474,0.31377227621405196,0.5164708058686972,0.29348402972322496
372544775877,0.468012160277894,0.30710989654939286,0.5188718003083164,0.28756815302041383
372544784216,0.45501048184662396,0.31100287134067855,0.513661963004311,0.28877013270267654
372544792553,0.46226870944252946,0.30466582218935595,0.5179590262967022,0.29086332336724485
372544800889,0.49305202852722096,0.30088290110303373,0.544427518655868,0.2929084180424303
372544809225,0.5750308941629074,0.27665848444181007,0.6898809039967441,0.26873860818137935
372544817561,0.6465553576788053,0.2784574984726276,0.7513031254547439,0.26092129469306785
372544825897,0.7101031515456745,0.2894722501372046,0.8069667971592149,0.2690948125394289
372544834234,0.7018911164076143,0.28328529967763877,0.7723395599613923,0.2574893973196506
372544842570,0.6898583444366633,0.2818468305453974,0.7524735580639734,0.26801331786113697
372544850906,0.7207996692590858,0.28816532738640493,0.7700224977433334,0.25962242294485766
372544859242,0.7092036112917455,0.28518785660262985,0.7723042995466204,0.263911997124577
372544867578,0.712016717380084,0.2932288479454949,0.786646584276548,0.24850104800250752
372544875915,0.7114981139497235,0.28904722720919385,0.763470277797357,0.2526380731853342
372544884251,0.7149113576265097,0.28205510648195353,0.7687094247660343,0.258329921990001
372544892588,0.7211805172654886,0.2811129291528201,0.7709256795010551,0.2638626409782671
372544900924,0.7235763603094987,0.2758701862752146,0.779255663835128,0.2654830627690326
372544909260,0.7321268776659361,0.2808718191274422,0.7675192747460255,0.26295644813027313
372544917602,0.7207994028075888,0.2693408931837969,0.7678291578370562,0.2583141700284127
372544925938,0.7189570683400484,0.28056553098544795,0.7721866168021045,0.26342494647226755
372544934274,0.704819063091167,0.2755220329197546,0.7620754930276393,0.26915635020270046
372544942610,0.735281663390616,0.2900017960814434,0.7688862597428878,0.2657187821231114
372544950946,0.7170262719754984,0.28418337151432504,0.7730123499913598,0.25868157578136947
372544959282,0.713256960281532,0.2742878492271336,0.7782681945871835,0.26034918344818164
372544967619,0.7287995201883549,0.2892762957350465,0.7720147555865287,0.2517286599363044
372544975955,0.7090573294198832,0.28280777021100045,0.7832399130700215,0.25934644857783107
372544984291,0.7055903513578653,0.27823081024319274,0.7669257096278376,0.2658521487312255
372544992627,0.7254757153974006,0.27667353631621666,0.7746854877582945,0.2630248466479253
372545000964,0.7062960925562973,0.29011367001307925,0.7740011514967895,0.25961430193354995
372545009300,0.7286557251971315,0.278364666912334,0.7788994181836165,0.26500042266596785
372545017637,0.7204198870586711,0.27486451103870085,0.7825260006923476,0.2542180299369974
372545025972,0.7206684863053878,0.2899675618182582,0.7694439427261441,0.2521144779821399
372545034309,0.7284597945296584,0.27289971636325655,0.7624285412611868,0.2575989609635868
372545042646,0.7191307058989377,0.2849251138833374,0.7769274994713602,0.2587515844995396
372545050984,0.7189611539296693,0.2810298288043522,0.7674722016482193,0.25505890465093867
372545059319,0.7278005935260387,0.284243438994515,0.78715284212088,0.26069369635029677
372545067655,0.6428088719964166,0.28041165182291,0.7273106780401902,0.2668455724420594
372545075991,0.4994497066049276,0.29411130783802925,0.6100789470916854,0.28668562311916135
372545084328,0.4526324022357483,0.3196421571890254,0.5358816197920456,0.291640770182524
372545092665,0.43687419425067303,0.31341810210882937,0.5009008014576816,0.2881709280838585
372545101001,0.45631369611853356,0.2981314184615118,0.4976468069589457,0.28670599565614885
372545109337,0.452969108110812,0.30508776473376725,0.5126093907739286,0.29095230444803905
372545117673,0.4341001677152303,0.30978766001068164,0.4980064276627528,0.28604581344380464
372545126010,0.43647602689696413,0.29242549790449285,0.4792013468092895,0.29193536686858385
372545134346,0.4411147698256967,0.3146590066383947,0.4788720127589766,0.2883222869325423
372545142682,0.4517102136045729,0.3000017013674265,0.4935001999452034,0.3007594757328998
372545151018,0.44124062374945433,0.3135197547676124,0.4884496118192484,0.2939003015614645
372545159355,0.43877274998408394,0.2966115291900386,0.4866298369117888,0.2929945987744977
372545167691,0.4419275357087638,0.30099127459876107,0.4829671946337947,0.29106221813556615
372545176027,0.4414476565626364,0.2975345241303934,0.4858778219700415,0.30297651181991103
372545184363,0.44528668973165564,0.30200479081170983,0.4859796952590676,0.2905574552775596
372545192699,0.43517485541986506,0.316488404452898,0.48265331477030887,0.293825602259177
372545201036,0.43665366122830873,0.30944909784961094,0.48362763907773393,0.28736477769412966
372545209372,0.43395885960464564,0.3034297482613444,0.48782176327511095,0.2924983769801079
372545217711,0.45001442746039183,0.3048582761556056,0.4906563631175422,0.2831360410905001
372545226047,0.44440899850048204,0.3086133337720961,0.48634118112335384,0.2934872501242608
372545234383,0.43446325228849864,0.3157976984394316,0.4810308916049731,0.295686994057884
372545242720,0.4273268818438955,0.30527020745331856,0.48827277684239484,0.2859620830168732
372545251056,0.44751049392575853,0.2977579219500742,0.4797338945346606,0.29368789511053633
372545259392,0.4462595041472643,0.3033659703190914,0.4770077404515152,0.2876765265161412
372545267728,0.44023068375859464,0.3159127227633851,0.4839640785013006,0.30019359526393075
372545276063,0.43811061801399703,0.30859968207205296,0.4778925370559426,0.28969487786098563
372545284400,0.44716392934530524,0.32997719420888877,0.4856468973392935,0.28233269104949804
372545292736,0.4616547163762369,0.3070775525215983,0.4880671651038635,0.2969118665909884
372545301073,0.451217189517926,0.3086481281050267,0.4912468196349316,0.2927516685224474
372545309414,0.45071057640493123,0.30064732176639125,0.502270717421011,0.29484618935266094
372545317750,0.4549708693907341,0.29835264601092937,0.49033759830994433,0.29773103860229694
372545326087,0.4505713110891571,0.30657208957641,0.48665905775929497,0.2926472155149376
372545334423,0.43746287442474896,0.3129299313170291,0.47954169418814574,0.2921844578878331
372545342759,0.44990571524960893,0.3108172082200914,0.48745024107110374,0.2884919880653867
372545351096,0.4394300858272246,0.3029360467808087,0.5015336237630966,0.2968174248301769
372545359432,0.4350323926861267,0.3120724645368816,0.49186631936549585,0.2773726433758634
372545367768,0.45117215921493015,0.30493304546661126,0.4747127937077088,0.2934901204817058
372545376105,0.44518685923743995,0.30585162985772135,0.49106696487444523,0.2944736029545596
372545384441,0.4449165886022992,0.3146903705441349,0.4779107445749054,0.29572605892262294
372545392776,0.4461723745077397,0.30779073133359725,0.4914530530936227,0.2882660699318517
372545401112,0.44275220309203106,0.3098051621902242,0.4916416119363449,0.29015581526141765
372545409449,0.45773601420960963,0.29823398123363104,0.49567755276165965,0.2852931497147577
372545417777,0.45090641825523864,0.301936532311494,0.47703296452656613,0.289895452838543
372545426122,0.43138786910992977,0.30835969218616577,0.47998959915463113,0.29366773259970336
372545434458,0.44656192659637844,0.3040554161756307,0.48275687558548275,0.289050167575357
372545442787,0.46290730486371323,0.3087018948005813,0.48072651517821413,0.2911464386235248
372545451124,0.45038559439573633,0.30643312227084235,0.5026434830653376,0.290708254056498
