372547568709,0.29417245351949034,0.54850545248433,0.3843379525838548,0.5418880884254542
372547577047,0.2925725010970696,0.5429435048562279,0.39562315047134206,0.5455158351879524
372547585384,0.30757665134558715,0.5397310498099148,0.37878208360239013,0.5437778687593793
372547593721,0.30538082455867105,0.5385966635450453,0.3867238481053096,0.5412662359863082
372547602059,0.303053814818057,0.5453532399400023,0.38446211898146465,0.5520664109296939
372547610396,0.31008671326465187,0.5546913178087642,0.38652045679592006,0.5383017868241128
372547618734,0.30197006776252366,0.5491891576259793,0.3820888354975353,0.5417698086961058
372547627071,0.3010223886048003,0.5649665323789512,0.37271764753028597,0.5462769349675388
372547635408,0.29445791188996107,0.5503633788514877,0.38110234323841313,0.537998194017768
372547643745,0.31617379771400245,0.5366507362191478,0.38586711772523463,0.5438911078610195
372547652083,0.31432391378737995,0.5380242372609274,0.3752200711731028,0.5443759182343475
372547660421,0.3081378870154704,0.537203070001151,0.38623224509331344,0.5429458501482866
372547668761,0.3136734168659961,0.5437944258212265,0.39371873280499675,0.5427596269579541
372547677099,0.29699426369006476,0.5357948096308001,0.3856896610282214,0.5506652914485962
372547685435,0.30557187028203214,0.5452976180134161,0.3804888830751146,0.5503767505166581
372547693772,0.3116310661413617,0.5410649959259282,0.3802404614627292,0.5424904434365899
372547702110,0.2954906778923985,0.558201204894223,0.38426565541099755,0.5424321611787133
372547710447,0.2961326483658778,0.5542285951860189,0.3821401718192939,0.5494820741028031
372547718784,0.31086270884113065,0.5573451032840797,0.38476924874035945,0.5421280783113415
372547727122,0.3013536766327579,0.5423769243000771,0.3739785848313355,0.5447384933857505
372547735458,0.30486595144926876,0.5541416793624107,0.3928305611482738,0.5444754006228673
372547743796,0.3134813053366469,0.5538766263554186,0.3864946110007094,0.5427071204193264
372547752134,0.30666396615113867,0.5552203386876167,0.3848479407491451,0.5384420842953257
372547760472,0.29113108731537396,0.5498035891409994,0.38129392186476824,0.5515042759271469
372547768809,0.31070559127505637,0.566755780193584,0.38445217145890936,0.541962052636201
372547777146,0.3065492143730901,0.5497674296380645,0.38806472085546423,0.5395959679882055
372547785483,0.3200574171001892,0.540328679232574,0.3844908069259768,0.5410202953593766
372547793820,0.32003707796925024,0.5506654664703917,0.37567108474038674,0.5413046357682245
372547802163,0.3149164130995798,0.550649959539317,0.37889656892894175,0.5406125645847538
372547810500,0.31298268576856264,0.5412692813655486,0.38643545876837165,0.5405112619695617
372547818837,0.3099240002171402,0.5429599569049979,0.38255761249795367,0.5446672945193716
372547827175,0.30620824527407414,0.5404931647159147,0.3815844428136823,0.5407046260491475
372547835512,0.30917633731651084,0.5515655335555458,0.3844686914517244,0.5524888085307733
372547843849,0.31619280458745636,0.5348961077156502,0.393628405747508,0.5421719037689159
372547852188,0.31030102908541907,0.5402223009853145,0.3815486494959164,0.5368102860878575
372547860524,0.30180788761800603,0.5461236858834645,0.394707356676095,0.5504436088425105
372547868862,0.31318776460409997,0.5609958129061376,0.3951412285304042,0.5434116881589905
372547877200,0.3074749556908924,0.5512488491189033,0.3889757185237649,0.5364154019130191
372547885537,0.2945748840971515,0.5612948901501604,0.3770605404801641,0.546269584052131
372547893873,0.30890571141270734,0.5518526043044023,0.39115129499690776,0.532554771149528
372547902211,0.3177313843483975,0.5566735446550328,0.3800068723170111,0.54126655102554
372547910549,0.30713594056952126,0.5564069514562411,0.38350431466685464,0.5384349434060723
372547918886,0.3091447184055315,0.5508179104542071,0.38525481218508983,0.5386078999443117
372547927225,0.285879950029331,0.550162313812903,0.38892180650420183,0.54090156057336
372547935563,0.2589806055994889,0.5573278461350508,0.35937571053732537,0.5611702396274585
372547943900,0.2554369783234957,0.5647727832514154,0.3451701154253674,0.5545786037725103
372547952238,0.2667749336073923,0.552108871217264,0.34537848049603465,0.5420102886430203
372547960575,0.26714965322936374,0.5629092211824451,0.34836922091571776,0.5493439118974944
372547968912,0.2567897525738504,0.5418028528110822,0.34696146883981194,0.5463687163970599
372547977250,0.2663601574437027,0.5551066795336675,0.3487529110714221,0.5459093191884276
372547985586,0.2602514904230937,0.5512306818565381,0.3418068758128547,0.5500287371786344
372547993925,0.2679822253403758,0.5589590492684144,0.34014182040799623,0.5452265941688326
372548002262,0.2600528064234848,0.5573212653155428,0.3494956890279395,0.5490988463795399
372548010599,0.2737492127246435,0.560286834617229,0.33951823508781104,0.5507418109775561
372548018936,0.2610207358949814,0.5691767166722657,0.35228143942925094,0.5503022962448842
372548027273,0.2687564445735412,0.5492772285934373,0.3446148305055843,0.5487604592402646
372548035611,0.2736240693382112,0.5466128367973191,0.33989561922475264,0.5555251916508884
372548043948,0.26190748647705364,0.545539533139053,0.34055135635891115,0.5441171310076317
372548052285,0.2549674019685863,0.5584347539780385,0.34827223257080364,0.557294171941611
372548060626,0.25796187270922766,0.5577000474852022,0.34922124398601206,0.5546605489771285
372548068963,0.2624148101273738,0.5615823459469669,0.35272863385841097,0.549010810416441
372548077300,0.2695334171388424,0.5613583880575407,0.34615927219945974,0.5464063810874354
372548085638,0.2678192458413671,0.5612056990432117,0.34527412032636967,0.5499797310759154
372548093975,0.26863858419469405,0.553374698850498,0.34132966118169744,0.5479979592863148
372548102312,0.26802334768808206,0.5544520980187769,0.3492166254933971,0.5526978195588701
372548110648,0.2642249039637751,0.5635804297679011,0.33478001693352555,0.5521658933182136
372548118985,0.2617482372990032,0.5647250373056234,0.34317323908955727,0.5547744881659503
372548127325,0.2530122697006421,0.5626265259784742,0.3478671374781723,0.5400210609249345
372548135662,0.2687510267264352,0.5457357325717248,0.34317235091790055,0.5471123139971038
372548143999,0.2695277328402394,0.5528119687738465,0.35027177342158394,0.5525621076586974
372548152336,0.26351374491823704,0.5482231773326681,0.35387588518739993,0.5503814060964164
372548160674,0.262686590654331,0.554336093572769,0.35386682583650136,0.5460719144363777
372548169011,0.2701748547093277,0.5547067197267617,0.33297844954502875,0.55611470006224
372548177350,0.2635060178248236,0.5608468343538717,0.347456890989932,0.5486812443756551
372548185687,0.27818811703061336,0.5538950036439382,0.36621054670447106,0.5519625529962885
372548194028,0.26997146339993816,0.5388102601441823,0.3401248563293528,0.5459636459537276
372548202365,0.2829201179833018,0.557564545611184,0.34467797951037726,0.5566470463552055
372548210703,0.27810604996953214,0.5522634504669837,0.35540105355632456,0.5420828176750444
372548219039,0.2605851765145245,0.5524645505099274,0.3526685046372508,0.5491958784629237
372548227377,0.2705167119800004,0.565701413893583,0.35347754019935973,0.5506630861739739
372548235714,0.280444250673021,0.5623841557961693,0.3547382998660779,0.5458361600779398
372548244052,0.25280532570462566,0.5567541596940058,0.3427798678627947,0.5504994757996103
372548252389,0.26596678621694014,0.5598715078966847,0.354913092048121,0.5474212974747475
372548260727,0.2681416521527576,0.5559465741255544,0.33832648635882023,0.5499046117213189
372548269064,0.2726647551317848,0.540083403688465,0.3454898572217877,0.5493042869630101
372548277401,0.27980254665103865,0.5436388314450934,0.34528389021459366,0.5536829122322419
372548285739,0.2834452938839221,0.5594196016208967,0.36180379421247455,0.5477870580228273
372548294076,0.29277953391025174,0.5333419491766328,0.38029055434416836,0.5422998096970127
372548302413,0.28664590926608885,0.5453058440378011,0.361773596376146,0.5481186193120811
372548310751,0.274035559266771,0.5389906376065476,0.3680488843995562,0.5490751484284393
372548319088,0.28802950307293185,0.5420784421301588,0.371171429493097,0.5455792630866145
372548327425,0.29329538400847643,0.5449468743353839,0.3719545304428296,0.5419069907793602
372548335763,0.3009554204618834,0.5509095518662918,0.3723725040244834,0.5585199195836924
372548344100,0.28780319693479883,0.5491758909738861,0.36846366056324575,0.5522612101880022
372548352437,0.2763367232121744,0.5450029513186382,0.3624145898608029,0.5442204288712917
372548360775,0.29090229429660214,0.5429835848473803,0.3747401032098097,0.5465618704504912
372548369113,0.2918667598986376,0.5514596803736725,0.36822580819357537,0.5509039161644791
372548377450,0.28875034318952814,0.5640241450236633,0.36617013489409017,0.5544976386899466
372548385788,0.2889210497819503,0.5598836894136463,0.3641488338377201,0.5466136769019371
372548394125,0.28636400358224495,0.5570854409483867,0.3639340739311245,0.5483872777680588
372548402463,0.292883538811254,0.5458768351431966,0.3605421463740996,0.5473368669606344
372548410801,0.2837160974220569,0.559614855935873,0.357549363159606,0.5490358735375459
372548419137,0.288337609820649,0.5578847654880941,0.369072591051095,0.5538378065211932
372548427475,0.268958681259777,0.5461785027097916,0.35777780090971517,0.5477803721902421
372548435811,0.2867460950289672,0.5475570093749204,0.360253668219996,0.550807584168277
372548444148,0.2844178418480337,0.5627958070590096,0.3593076765884204,0.5410873637113836
372548452487,0.2880562370397992,0.5492888850450127,0.37918113912775575,0.545549019320365
372548460831,0.21961985755716132,0.49461690675570563,0.31407442636900645,0.5172642370227111
372548469168,0.06740597601680734,0.4125153026611926,0.1902185335703307,0.44409308503541434
372548477504,-0.02077707950116869,0.3183667383614022,0.11374944080712493,0.311363976309
372548794332,0.06016213680174076,0.022358256490934536,0.23692534938541362,0.000894003552285921
372548802669,0.21369148938286706,0.05013113504132867,0.4242824070389806,0.028646509565692545
372548811006,0.39116674918373473,0.08612492734028504,0.6101130528833036,0.06514275443495585
372548819345,0.5503953216517208,0.11858117911010543,0.8152534387164398,0.08874591373113784
372548827682,0.7585061975907669,0.14760875390754438,1.0020506817747745,0.10536990391294096
372548836019,0.9390334816556315,0.1591533315512329,1.1190639224957255,0.11568302820401713
