439243359764,0.443354942279155,0.6005464107432263,0.5498732241838338,0.5113312538633955
439243368097,0.4319172438296526,0.5875765719312303,0.524329030979945,0.5484240815994588
439243376431,0.4077314238308528,0.5546753863070873,0.5105603180784087,0.5140760097097843
439243384764,0.3930503802592528,0.605659728354596,0.5146791255673883,0.5406018926742229
439243393097,0.3811745244031512,0.5907403458940222,0.5041772000616489,0.4983993996965124
439243401430,0.36779814991871074,0.6156933358375062,0.483680554608393,0.5210376090191781
439243409763,0.40161064616794695,0.6133885079241813,0.48078308957915067,0.5146195736337216
439243418096,0.37205867660778197,0.6258900216285218,0.5236219267605403,0.5321086721217378
439243426429,0.38460370282221107,0.6288115521694752,0.4968244243600515,0.525567095330421
439243434762,0.3862459406506416,0.6226311034344613,0.446754285077143,0.4974168209319419
439243443096,0.3554954315697015,0.6275216264927641,0.48908676914662624,0.5224981003619255
439243451429,0.3907583652261915,0.5841032596344643,0.49321303554087376,0.514765851041104
439243459761,0.37037978358774876,0.603380375720085,0.46640658245406336,0.5370519719225295
439243468095,0.36679034526121684,0.6147068307754842,0.46799660794561804,0.4886785263710834
439243476428,0.3811050500283694,0.5506260953050979,0.4642773846674232,0.5108462191642599
439243484762,0.3699827567159131,0.6291411785369224,0.47985925088381637,0.5446493574913512
439243493095,0.3815549285718183,0.5901530448426592,0.47964209018472853,0.5248461175472179
439243501427,0.36380465203823326,0.5478298410456232,0.4827978464478221,0.5452095396975254
439243509761,0.3525353117362081,0.6067634744847075,0.4769364255766629,0.5269949892733959
439243518095,0.38930941959999127,0.5951525911371759,0.4763686963299799,0.5156160314032372
439243526427,0.3806745646386173,0.5939015631980085,0.5026212724227479,0.5434325705183313
439243534760,0.38063790944701464,0.6025866244701629,0.5034364242127488,0.5196350990457738
439243543093,0.3517404055462203,0.592738466059908,0.49086220171198497,0.5003504042929792
439243551427,0.3842895763546395,0.5659274243293925,0.4987773788707882,0.5498438490198013
439243559759,0.3780699149190381,0.591171051593537,0.4992266180794998,0.5892510008304677
439243568092,0.3613694260240267,0.6350748183879447,0.49091484027201904,0.5242881267628772
439243576426,0.3737524874383511,0.6125251790310474,0.5029524478166463,0.5176386224462631
439243584759,0.36948620673664456,0.5678663761057752,0.50084562674581,0.5641773913769011
439243593091,0.3766137234991489,0.5820553759311108,0.511178980992493,0.5209682139944523
439243601425,0.33741270097274356,0.5911170878308885,0.47456151013933745,0.5401336588758103
439243609756,0.38297403857694656,0.5532639280278632,0.5000726710484681,0.5115279339729472
439243618091,0.36531902291921264,0.6173521508561804,0.5075707888470016,0.5432719575597885
439243626424,0.3200330254751877,0.5702001490491502,0.4988406730097765,0.4977259027197006
439243634757,0.34278012920358325,0.6562537233880226,0.4929195808964735,0.5173021478855864
439243643090,0.36740453283214036,0.5931334698453863,0.49427731476682524,0.5295437954841776
439243651424,0.33358202033868717,0.6578792105329797,0.49309561106079786,0.5198106867201785
439243659757,0.33060655647149967,0.599055696041026,0.4915437325418994,0.5218116374725991
439243668087,0.3525529999972722,0.5760401969260358,0.4842165302297923,0.5436447731992031
439243676423,0.34940640753207924,0.5671996360129499,0.5026630422922486,0.5349383455641726
439243684756,0.35644271253873516,0.6487362334068786,0.5062060222945399,0.5187420946486453
439243693089,0.36150539121148306,0.5475726229079226,0.5093901223976519,0.5161065446569565
439243701422,0.34261752506874127,0.6480699498602684,0.5000990968842746,0.5334795890970433
439243709755,0.36823694666004714,0.6732481083971389,0.4895684013153588,0.6051549708589594
439243718086,0.3222764510682175,0.6992412019283214,0.4842261202508511,0.498920775474386
439243726422,0.35961381283552285,0.606064776156811,0.49159019086614003,0.5271236439968677
439243734754,0.31232861566809966,0.6382625153724183,0.47697009720615835,0.5090996559630049
439243743092,0.3440722247075768,0.5773662810629987,0.5076935411165546,0.5293816302685027
439243751425,0.3466909397913757,0.6142588676290309,0.49102523206998516,0.5658467982677703
439243759759,0.32390185308190034,0.6030424402115193,0.5335591065817039,0.575344146566188
439243768089,0.32917998756110334,0.5742076204178181,0.5252004442268243,0.5291818456446871
439243776422,0.3459853273530246,0.6291683886913543,0.49511782683473726,0.5439652686423444
439243784756,0.32491519864045043,0.566925251737554,0.518128123363303,0.5364702407349932
439243793089,0.33239115283475906,0.6469620948142194,0.4866089208166027,0.5526714223496457
439243801422,0.3520517615632638,0.6948524231606341,0.5386669649092178,0.5236007507811201
439243809755,0.35517597731265277,0.6914855774412764,0.5094372200566297,0.5275473188846669
439243818088,0.36141204833984375,0.7210814597758841,0.5335433363248516,0.49827878018642996
439243826422,0.3321130422240529,0.6581811701997797,0.5118372826602872,0.5258842123315689
439243834756,0.33817564042586856,0.5882587432861328,0.5082593523590259,0.5375223058335324
439243843089,0.3539891589287273,0.6776444658320001,0.5157719617449371,0.5133180516831418
439243851423,0.3665742501200244,0.6111390134121509,0.5084422020938809,0.511902575797223
439243859756,0.33522724172922486,0.687656433024305,0.5207453466660483,0.5254408146472688
439243868086,0.32605321447276536,0.682497278172919,0.5660368850111296,0.5336967224770404
439243876421,0.30666133944548707,0.6735829393914405,0.5252332634100035,0.4960064583636345
439243884757,0.31029979343520864,0.6516823261342151,0.5178504389757551,0.5313601189471305
439243893090,0.32956465396135215,0.6491667564879072,0.5253726383827252,0.5160875523344
439245901402,0.35361983656217266,0.24841907176565617,0.5168790763982848,0.2424253504327003
439245909735,0.34879797397379103,0.230474979319471,0.5120616891530639,0.25753903896250624
439245918069,0.3950512848752837,0.24437900299721577,0.5200898154487823,0.2446010670763381
439245926410,0.36348050932644466,0.25098778339142497,0.5189177017638137,0.24878193469757728
439245934743,0.34678534822091045,0.23845412883352726,0.5119086750392807,0.23964388827060132
439245943077,0.3663602860946229,0.24391679560884516,0.4970744042423184,0.2707626261609666
439245951409,0.36232310034043297,0.2655671302308428,0.4755141188978483,0.24964918988816281
439245959742,0.3746256055778631,0.24455011651871053,0.49717073067606493,0.21953083606476478
439245968076,0.3715623397400925,0.22341750530486412,0.533281635305735,0.25745759111769656
439245976409,0.38048830511849685,0.2845702272780398,0.48235777103701116,0.23200879198439578
439245984742,0.3603153761538713,0.23734380843791555,0.5023842923468052,0.24267791179900475
439245993066,0.36621409155137047,0.2870008793283016,0.5074488890237648,0.24694260130537318
439246001399,0.3844562296094841,0.19604774231606342,0.5033057868147696,0.24613378403034616
439246009733,0.3548701621966655,0.23344179924498212,0.5179523063105578,0.23343668592737077
439246018066,0.366985768579238,0.23174362994254905,0.5200793729814072,0.28250499481850483
439246026399,0.3792136847639883,0.21240743677666846,0.5233357179098289,0.2361306738346181
439246034731,0.36695529362342877,0.2563613323455161,0.48586899741401884,0.24951039983871134
439246043064,0.3809993466851432,0.2255581591991668,0.4967014589789193,0.24797256956709193
439246051398,0.36171615856319833,0.2543766346383602,0.5368408117880369,0.2595640953550947
439246059740,0.3732152331474773,0.2361819896292179,0.528013517070749,0.2965043453460044
439246068072,0.3890973735788015,0.22522177594773313,0.5211327835168252,0.24744772403798204
439246076397,0.381564305481298,0.25776000733071186,0.49662644370308134,0.24672619839932056
439246084730,0.3728422878840782,0.24986303613540975,0.5163748544021691,0.264506847300428
439246093072,0.39997799836057524,0.23755071518268991,0.5189863236922792,0.2643600220375873
439246101410,0.38368710992056565,0.26847112939712847,0.5168528636740573,0.2734558835942694
439246109743,0.39015227589527324,0.227148766213275,0.5118029716960545,0.2651797964217815
439246118076,0.37300425268418297,0.24463631244415932,0.49109172288265973,0.2618426262064183
439246126401,0.36681762354333974,0.3033994715264503,0.505645965064704,0.25060154529328044
439246134742,0.37855474376145687,0.2453306279283889,0.5195666265221281,0.25230957599396403
439246143075,0.3761751398693916,0.22471026156811005,0.5299519799941079,0.2296835108006254
439246151409,0.41520972225253144,0.2805907878469914,0.4830469738837727,0.2435033473562687
439246159733,0.387129927480687,0.2011298321663065,0.5080168313820269,0.23965393228733795
439246168065,0.327470619585261,0.23917948946039727,0.48697398095157557,0.2533890338654214
439246176399,0.3519814347421657,0.24279551810406624,0.5175363125081834,0.24261417794734874
439246184741,0.34526202665360944,0.24463028603411735,0.5273792970113914,0.25117241068089263
439246193066,0.3740519092069658,0.234962098141934,0.4957663253698935,0.25644113662395074
439246201398,0.3835716034447015,0.25299129080265126,0.5266210460130063,0.27198836143980637
439246209731,0.3579172315544256,0.2093361590770965,0.5034099983769422,0.2615849515225025
439246218073,0.38893072032395687,0.25473894971482297,0.52163721862452,0.23697966717659158
439246226406,0.37697580007201464,0.2405988003345246,0.49497717319254103,0.28626784872501454
439246234743,0.36691373686550716,0.23404498810463764,0.49258883172573326,0.26383006319086605
439246243067,0.40170356281642805,0.2644823764232879,0.5102346835855666,0.2561962452340633
439246251401,nan,nan,0.5178005708662491,0.23716082471482297
439246259735,0.3520487780011566,0.2264215794015438,0.4788034961210283,0.25387443380152924
439246268066,0.3748740936790765,0.2378215383976064,0.5272927737102828,0.23955824020061087
439246276409,0.376041092686147,0.2666663108988011,0.4943825918868933,0.2684804429399206
439246284741,0.3792096356439857,0.2405359795752992,0.5035457504528195,0.2942921050051425
439246293075,0.3609979725416812,0.25046549452112077,0.5134343408339517,0.24963841539748172
439246301399,0.3459222463256154,0.24353055751070063,0.5117722836286662,0.26413065321902013
439246309732,0.347992412204849,0.2264621207054625,0.4755081517736339,0.21280938006461936
439246318066,0.23195507539717178,0.0462359367532933,0.4331880281757376,0.0976552760347407
439246826403,0.3494571280879015,-0.0033371296334773937,0.6677870084453561,0.05939049416400017
439246834736,0.6849230974080176,0.1089001919360871,1.0412603623374215,0.12037502451145903
