439243901424,0.30472042930162424,0.6952709847308219,0.5292384370844415,0.5028153886186316
439243909756,0.3211433387454882,0.6069931172310038,0.517867624578505,0.6034179951282258
439243918089,0.3442641145190207,0.5417903737818941,0.5186143312773082,0.48128156459077875
439243926423,0.29763575962611605,0.6590128147855718,0.5354734380194481,0.5368286295140043
439243934753,0.3395053666413374,0.6136950330531343,0.5050873452044548,0.49877276319138547
439243943086,0.32311724167102013,0.6580360798125572,0.514372248780039,0.5187821794063487
439243951422,0.3072615510424582,0.6765437329069097,0.541322331298086,0.511426124166935
439243959754,0.33833823160559934,0.5786889867579683,0.5403284229406108,0.5047557100336603
439243968088,0.3400113647831972,0.6052728510917501,0.538600330294809,0.5259210099565222
439243976420,0.32146289210913753,0.5863717464690513,0.5283226778442012,0.5317608752149217
439243984753,0.33692319922171826,0.6089529788240473,0.5380706787109375,0.5199702039678046
439243993087,0.31217914801600494,0.6008531184906655,0.5472505331764105,0.5151057953530169
439244001420,0.30163690166995155,0.6157692138184893,0.5365348282556041,0.5028010530674711
439244009755,0.3096347797243066,0.7046137464807388,0.543515840199943,0.5818556826165382
439244018086,0.32496105066548725,0.6128949814654411,0.5228102663730053,0.47040115518772857
439244026421,0.3078343353735277,0.6763815676912348,0.5352719199693674,0.4917854146754488
439244034753,0.2943031751638488,0.6450153817521765,0.5237019083782533,0.5037304898525806
439244043087,0.34111890242092513,0.5855630205032674,0.5466153686894472,0.5232980606403757
439244051421,0.320006582149981,0.6499975792905117,0.5279486288053287,0.5178913664310536
439244059753,0.3488962469129939,0.5929127754049098,0.5340667539092183,0.5153408253446539
439244068087,0.33266673914204975,0.6028388205994951,0.5271476583277925,0.5079639515978225
439244076418,0.29836461029516526,0.6386181648741377,0.5518931009124478,0.5200448949286278
439244084752,0.29233715671898747,0.6847715174898188,0.5619632060042268,0.5114650219044787
439244093086,0.29492929568769,0.658610962806864,0.5435522479489219,0.5514736276991824
439244101419,0.331795272131459,0.5675347409349807,0.5075978566085676,0.5070685731603745
439244109751,0.3003032649541698,0.624345434472916,0.5216215649636683,0.5244267341938424
439244118083,0.3216748455012823,0.6109059009146183,0.5306588030875997,0.5365211912926208
439244126416,0.34184079619526503,0.6351540748109209,0.5508038830974544,0.5079287975392444
439244134756,0.3321164487705405,0.6225551341442351,0.5569778952555091,0.5044773994608128
439244143088,0.3430450346694529,0.6841819337073792,0.5232742912501187,0.5168043298924223
439244151421,0.34432000157318576,0.5991232648808905,0.5344554124269805,0.49590985318447683
439244159755,0.33849592121901123,0.6063176114508446,0.510575407544168,0.5056258871200237
439244168088,0.33689606733235183,0.5481937083792179,0.5423417482694957,0.5031527762717389
439244176420,0.3271958371426197,0.5815410309649528,0.5522451197847407,0.5344842646984344
439244184753,0.31818503521858377,0.6296368964174961,0.542742465404754,0.5344035473275692
439244193087,0.2978347268148034,0.6683573114111069,0.5295735275129417,0.518591434397596
439244201420,0.3441806317825086,0.586532176809108,0.5268464247868778,0.5030564450203104
439244209753,0.3292073072995821,0.6000444838341247,0.5054597709678952,0.4653705637505714
439244218086,0.3196501572443721,0.5841203344629166,0.5374962711044358,0.4933579424594311
439244226419,0.3288583030816632,0.5850943301586394,0.5341782961210582,0.5479962064864787
439244234752,0.3177935939429379,0.6144707050729306,0.5277264719676101,0.5541003206942944
439244243086,0.3147485611286569,0.6494021517165164,0.5165639025099734,0.5159053903944949
439244251418,0.28548902146359706,0.6276122052618798,0.5412979821666033,0.48676486725502827
439245743078,0.37035571622993446,0.24468342801357837,0.48361373020160525,0.2504561809783286
439245751411,0.3521984529350304,0.254280759933147,0.49491288669203554,0.2616399196868247
439245759744,0.3770134644667791,0.25089738724079536,0.49319082335498193,0.2321724181479596
439245768078,0.3655985916276833,0.2627721543007709,0.49988938537412136,0.2431998354323367
439245776411,0.3600973111880224,0.23838838617852393,0.5280680554978391,0.24197574371987202
439245784744,0.3710954660340283,0.2427332452002992,0.5401897488394044,0.23394655674061876
439245793076,0.3662295819778211,0.27701274384843544,0.521642899440777,0.24779122941037443
439245801410,0.3832405809211151,0.2679307612966984,0.5369457488364362,0.2574709222671833
439245809735,0.37921972767560314,0.2647608696146214,0.5121532312642477,0.259142611889129
439245818068,0.33654775880390386,0.28748810544927067,0.48848912201391526,0.21981699923251538
439245826408,0.3838481497257314,0.26506456415703955,0.5255638052989646,0.25158932868470535
439245834742,0.34138372821286095,0.24219159877046625,0.47610886408565256,0.23524661774330952
439245843080,0.37152980816038184,0.25294271428534326,0.5027688440943199,0.2664237935492333
439245851404,0.37878051572295307,0.26938440444621636,0.509488740590568,0.2438532443756753
439245859737,0.34981849925496294,0.26560456702049745,0.5094669423204787,0.2475362940037504
439245868070,0.36508563659111415,0.25903358865291515,0.5021097942688545,0.2544652046041286
439245876411,0.3599502888131649,0.23905987435198844,0.5201144696731336,0.24806862689079123
439245884745,0.365375043411023,0.23376046850326213,0.538456554470816,0.24355046292568774
439245893078,0.34737546972953076,0.25437626940138797,0.5169367920663944,0.24757208722703
439253126358,0.30415993548454123,0.5671410154789052,0.5223330233959441,0.6163687503084223
439253134692,0.31322221842942627,0.5892299997045639,0.5094766819730718,0.5457599518146921
439253143025,0.2493358948310458,0.6752188357901066,0.49868143655608854,0.49952387302479845
439253151358,0.2586829466660334,0.6058806054135586,0.48281322351704975,0.5483510342050106
439253159691,0.2627777748919548,0.5807944865936928,0.5211062909621961,0.5537019384668228
439253168024,0.2714692553488317,0.588867502009615,0.5060712820128467,0.6308940420759485
439253176357,0.23262914408304047,0.6990849718134454,0.5241626867045023,0.6169884661410717
439253184694,0.27615843427942155,0.7387952703110715,0.4821094176689542,0.5275204739672072
439253193028,0.2663499084287139,0.7713672861139825,0.5276084366540416,0.48779081791005235
439253201360,0.2824177843459109,0.6708098776797031,0.4657326556266622,0.5165708521579174
439253209694,0.2918232740964571,0.7164495244939276,0.5004178774755415,0.5159719548326858
439253218026,0.24828725890185696,0.7340607034399155,0.5166251231834157,0.5439543115331772
439253226359,0.2761950739248908,0.6469815436829912,0.5160541940242687,0.6048135655991574
439253234693,0.30601812206140766,0.6469169880481477,0.500166037887063,0.5434667201752358
439253243026,0.27411426671732525,0.7302893577738011,0.49225396153412326,0.6289886921010119
