443211861064,-0.22619326287807698,0.9605100915787068,0.02336337979279417,0.9691494982293312
443211869397,-0.03283393050039281,0.8233235237446237,0.22515106201171875,0.8300020644005309
443211877731,0.05890080116314595,0.8221559524536133,0.33183706272913754,0.8200016021728516
443211886065,0.10613698266737955,0.8351320916033805,0.36778770745133554,0.8391317103771453
443211894399,0.11378555724074721,0.8503309716569617,0.3383258840891236,0.8526874806018586
443211902733,0.1522880000109113,0.8079343552285052,0.33206360033770516,0.8208014711420587
443211911065,0.1699609170412884,0.8189314578441863,0.36332493787371245,0.8219599115087631
443211919399,0.16739526674068173,0.8287864644476708,0.3523844287382158,0.8143298372309259
443211927734,0.1553802490234375,0.8247516003060849,0.337669074202383,0.8238886366499231
443211936067,0.16650531278642197,0.8281368904925407,0.35211739992962204,0.7911243235811274
443211944400,0.1761812178116271,0.832626018118351,0.3545605110722547,0.801603154933199
443211952734,0.18874499784501572,0.8365897523595932,0.3700319854906817,0.8040718829378168
443211961066,0.15159922338730797,0.8271621643228734,0.34772794073520424,0.8093552183597645
443211969401,0.17129158574109637,0.8360362357281624,0.3526604082331311,0.8131551438189567
443211977735,0.1538486161045522,0.8156965539810506,0.346011326965673,0.8183514615322681
443211986069,0.17925109010834933,0.8085737938576556,0.3467103329450725,0.8154111212872445
443211994402,0.1885148373396037,0.8171365007441095,0.36542557870875525,0.8012152732686794
443212002735,0.1756151934575768,0.8198986053466797,0.35347001912207576,0.799683743334831
443212011072,0.1579135063640232,0.8041407301070842,0.35992197217888006,0.7991029252397254
443212019405,0.18260376147051763,0.8206306315482931,0.3524001989950681,0.8240480625883062
443212027738,0.15780780302079697,0.8088674443833371,0.35526825462639666,0.8305549418672602
443212036070,0.19342684612593838,0.8178066192789281,0.36511315713381637,0.8256898940877712
443212044404,0.17120101331998516,0.8287226392867717,0.33975905945847157,0.8160209757216433
443212052738,0.17594125417357717,0.8359042025626974,0.3181329226360641,0.8172398628072536
443212061069,0.1663101025799799,0.8277583223708133,0.3641420076679251,0.824330025530876
443212069403,0.17429283610935317,0.8401658788640448,0.3485550267736339,0.8324234942172436
443212077736,0.17071085668808922,0.8358462211933542,0.3661143553323586,0.8343124998376724
443212086069,0.18683466565009602,0.8446175697002005,0.3444865136173184,0.8142493024785468
443212094402,0.1677200487872076,0.8340740914040423,0.3654863155087945,0.8337587092785125
443212102735,0.16774540906511873,0.836882398483601,0.3423747909801632,0.8399228136590187
443212111069,0.180280845258489,0.8422416118865318,0.35394653661291026,0.8294239855827169
443212119402,0.19635350744151536,0.8364536102781904,0.35693500028642194,0.8394952124737679
443212127735,0.14716309275707054,0.815761018306651,0.34009769375763793,0.8316230773925781
443212136068,0.14876526560863304,0.8147127881963202,0.3652156638033563,0.851207083844124
443212144403,0.1729753803274485,0.8464026654020269,0.3430460924542816,0.8287857339737263
443212152736,0.14820051992405725,0.8279692467222822,0.33875828748308745,0.8550609730659647
443212161069,0.1592782729164848,0.8314311453636657,0.3443658924635562,0.8452971843962974
443212169402,0.15521402199175105,0.8556641619256202,0.3462743066542641,0.8468037869067903
443212177735,0.14623690983436627,0.845976433855422,0.35111897218160787,0.8506689984747704
443212186069,0.13801634378273395,0.8423245206792304,0.3355697120368148,0.8266383231954372
443212194402,0.14571286846139578,0.8374963618339376,0.34253142799079084,0.8391970877951764
443212202734,0.13728494484331355,0.861591044892656,0.3326279197991227,0.8645108405579912
443212211067,0.14254325994566167,0.8586095241790123,0.3440781918317912,0.831163061426041
443212219401,0.16078347999956355,0.8553822902922935,0.3369918056040503,0.858167496133358
443212227734,0.1705510230037753,0.8574026899134859,0.33987712327328473,0.8643915906865546
443212236067,0.15523085780649878,0.8445915465659284,0.35077138719611994,0.8603665879432191
443212244400,0.18122258532646648,0.8619970970965446,0.3354279928367231,0.8735752004258176
443212252733,0.15090426652791114,0.8579427840861868,0.3299650906184532,0.8614075133141051
443212261066,0.16579117588490747,0.8634071857371228,0.3359000349843968,0.8867692034295265
443212269399,0.16058336822680255,0.8644372453080847,0.3260212477359026,0.8650807015439297
443212277736,0.16747880647968313,0.8686267873074146,0.3322841708220583,0.8851233543233669
443212286069,0.1233497917985117,0.8797437789592337,0.31947509936114266,0.8681525270989601
443212294403,0.12541889211984986,0.8794630030368237,0.3256779249819963,0.8768609635373379
443212302736,0.14122814839112693,0.8820769127379072,0.3202194981068872,0.8827532403012539
443212311069,0.1242118281359113,0.867970273849812,0.32984702680364003,0.8869910848901627
443212319402,0.13842786224194745,0.8748423901010067,0.33863617454827166,0.8731269633516352
443212327735,0.15630110415666462,0.8840910120213286,0.33717060621890277,0.8817531301620158
443212336069,0.09426048747654067,0.8625284255819118,0.33088040485062414,0.8960396482589397
443212344401,0.10901313653871333,0.877267746215171,0.3411549403014796,0.8824955656173381
443212352734,0.13059281503688025,0.8710357077578281,0.3381573128300672,0.8835663491107048
443212361067,0.13620063312892808,0.8667424384583818,0.3045470594693829,0.882038654165065
443212369401,0.16640877324109637,0.8630347353346804,0.3275897489579696,0.8809806539657268
443212377733,0.1405632402643811,0.8663356557805487,0.30800948329478,0.8715482265391248
443212386066,0.1503518813149223,0.8546796656669454,0.31833516552461594,0.8774185890847064
443212394400,0.1700418994413408,0.8855490380145133,0.31960850720964995,0.8935275483638683
443212402735,0.1613857333220583,0.8837641249311731,0.31138112158748693,0.8791730961901076
443212411067,0.15518226836646734,0.8816718649356923,0.32749043896211594,0.8759796467233212
443212419401,0.1581946005368366,0.8842649561293582,0.32411453843782734,0.8832044905804574
443212427734,0.12610191473081792,0.8839602571852664,0.30776440497883206,0.8849310570574821
443212436068,0.008083492683964735,0.8274522537880755,0.2695377285920042,0.8424768244966547
443212444400,-0.1604421604945007,0.7634355260970744,0.09984081417488652,0.7760131917101272
443212569407,0.39916158105782756,0.6231885653125997,0.47096375100482313,0.6208702258674466
443212577741,0.39285281591221194,0.6190409111490055,0.476437126069718,0.6287668243719607
443212586075,0.392545268722158,0.6237154256081094,0.47033230208123994,0.6250178099651726
443212594407,0.3888273085811897,0.6185663550240653,0.48632974409980406,0.6271645230663067
443212602741,0.39555630372140443,0.6166238488956374,0.47628674604246213,0.6265812247140067
443212611075,0.3931090098357533,0.6161520603724888,0.4866281327455118,0.6236983295362822
443212619407,0.3879010690114634,0.6137435461550342,0.48133547538601956,0.6202751214163644
443212627742,0.396394474074516,0.6204010648143535,0.4812196852182141,0.6191215919961734
443212636075,0.3997018534015357,0.6205382187512456,0.4971743601055902,0.6152939286523936
443212644409,0.4030303300896386,0.6202422605242048,0.4840752702817273,0.6166290688028141
443212652742,0.4020134863490588,0.618944920909648,0.4967055571168693,0.6181319466415717
443212661076,0.4030345004982248,0.6183629187759088,0.49049074882351956,0.6207074978886818
443212669413,0.3939596914146235,0.6101111914187062,0.49016300377227356,0.6147281117341956
443212677747,0.3919912585619306,0.6182049202432438,0.49683132355619475,0.6247754170943279
443212686080,0.40104636042064407,0.6173452470740494,0.47859461744498594,0.6226591476129025
443212694413,0.3950940425500737,0.6184527782518037,0.4771828932521939,0.6247910417829241
443212702748,0.3871041121079096,0.608936186809929,0.4711667926620696,0.6245937713311643
443212711081,0.3982536585767936,0.6158713765047035,0.4901189282776075,0.6187721735117386
443212719414,0.40301961786366225,0.6254930317158601,0.48315500012036944,0.625942609358807
443212727748,0.401546645905555,0.621094997172453,0.4774314823130192,0.6199763955875319
443212736082,0.39215455867853194,0.611951576544314,0.4829117262861736,0.6141747315075933
443212744415,0.39505969800877544,0.617029109876983,0.4769427267812584,0.6219953786110392
443212752749,0.39027820190560525,0.6078984062039122,0.5069470175592846,0.6331109782627651
443212761082,0.41180650520938,0.6194114544926858,0.478509328500762,0.6221090254491689
443212769416,0.3995657835998208,0.6094203769917391,0.4768174509782372,0.6119338498796736
443212777750,0.40548988988289625,0.6233585801416514,0.48452510200001675,0.6149658452248087
443212786084,0.4012147304457228,0.6176735406992386,0.48600003650334106,0.6188047191074916
443212794418,0.3974105818606394,0.6149308823566048,0.48605506954213556,0.6178890983425841
443212802756,0.4036132877918174,0.6165212023988063,0.4829601357348607,0.6256825949221241
443212811089,0.40469113397956025,0.6130996408267897,0.4969400812703058,0.6261588676608338
443212819423,0.4167648757002361,0.6173150486848792,0.4886213427315699,0.6136290234935527
443212827757,0.40551908274299975,0.6127582448842575,0.5058592768727391,0.6199291711924028
443212836090,0.38906698441582094,0.6025004966891542,0.5169580424841321,0.6178493009294782
443212844424,0.3983834318792705,0.6147401630635164,0.5146724132607349,0.6169221192963269
443212852758,0.40089246416654106,0.6084122692808813,0.5126928593184787,0.6183442462220484
443212861092,0.3975671766144159,0.6121690259660993,0.4901233440043459,0.6198458979081134
443212869425,0.4134481742834355,0.6179849134172712,0.49984072310109356,0.6161316011389908
443212877759,0.3933037924485447,0.6150491885749662,0.5064136958965535,0.6147031682851363
443212886093,0.4008556664437215,0.6118178908678951,0.5075049528099461,0.6187257548740932
443212894426,0.399462504657774,0.6133754901496732,0.5101921678483805,0.6174435845199896
443212902760,0.39796418315727994,0.6072106046092753,0.5099444782874464,0.616949374919035
443212911093,0.4017336601101956,0.6109123595880003,0.504348771237356,0.6195879504145408
443212919428,0.4006707783297327,0.6090177434804488,0.5059842255848908,0.6197136135490573
443212927761,0.398753616970835,0.6075339235578264,0.5079835685247521,0.6158008201754823
443212936095,0.40333705955251875,0.617148712313905,0.518238603238252,0.6163501365817323
443212944428,0.3992328050946627,0.610844185498296,0.511052662153336,0.6177937386960399
443212952763,0.3944883520324642,0.6053332247052874,0.5081695196840669,0.6152118114549286
443212961096,0.40236102039790994,0.6113461373776805,0.5089402275453426,0.6154881862718232
443212969429,0.4002302687012242,0.6128715413930464,0.5100848002704649,0.6182885788898079
443212977763,0.4018420907334372,0.6117982724248147,0.5094867146155714,0.6174832067684252
443212986097,0.4038940953032891,0.6155043014214964,0.5183965063555064,0.6214374441030074
443212994431,0.40793325867811325,0.6131885894463986,0.5155446828369926,0.6161342636419802
443213002765,0.39748466794258275,0.613942252957091,0.511904815641119,0.6187616986644512
443213011099,0.4012848096645147,0.6160015238547811,0.5154120474894075,0.6217145896444515
443213019432,0.39563954834769394,0.6122208396755919,0.5168795406754505,0.6112007156683474
443213027766,0.40440615605950225,0.6186423064251335,0.5176926068043275,0.6216402847912846
443213036100,0.4055304491507151,0.6204425788412289,0.5088331052855791,0.613932023340342
443213044435,0.4061920722070103,0.619491259516502,0.5170364625200965,0.6258288924548091
443213052766,0.397889524666315,0.6171610789396325,0.5116528738988813,0.6180639126836037
443213061102,0.40771468020456525,0.6198187824171416,0.5105109996734325,0.6171320016043527
443213069435,0.4024167893911609,0.6144134459203603,0.5133244717874966,0.6174909840797892
443213077769,0.4020552722076383,0.6118134416852679,0.5025232770946376,0.6131475658806003
443213086103,0.39708316390026294,0.610592368768186,0.4806803941471145,0.6130026346323442
443213094437,0.39025211640876206,0.6039663447165976,0.5127044710443462,0.6227793105767697
443213102770,0.40082189431144494,0.610195200394611,0.50445057827049,0.6143889228665099
443213111105,0.4018021856473573,0.6009518308055645,0.5061554576550777,0.6150997761317661
443213119438,0.4053874286680232,0.6106258252202248,0.5123661773125586,0.617737370705118
443213127773,0.3947172338684017,0.606096767503388,0.5135043717657255,0.6121026735889669
443213136107,0.4088133784352391,0.5946118856936085,0.5023688902042303,0.6189515771671217
443213144440,0.3818814521944919,0.5564230097556601,0.5106873016520967,0.5594952229091099
443213152774,0.3674312317614131,0.4758721347730987,0.48246140393157994,0.4944813490887077
443213161108,0.3481433373683263,0.43900655785385445,0.45990979684255257,0.4440561349051339
443213169443,0.3295873905684787,0.37507306468730073,0.4476422537816938,0.38552829353176815
443213177775,0.34284577364579144,0.3594496372767857,0.4482458999813689,0.35341150089186063
443213186110,0.3553830849012761,0.34799092506875795,0.4348042642444149,0.3490669266058474
443213194448,0.3412081932076048,0.36014490088637996,0.44021966245268956,0.3556337800317881
443213202782,0.3312714179101353,0.34448826225436463,0.4390609430474611,0.3457591169707629
443213211115,0.34184520267596963,0.35041338239397324,0.4382325036477174,0.3476464812609614
443213219449,0.3393293832531568,0.34429067650619816,0.43007976372525625,0.35681438991001674
443213227782,0.34002158930575094,0.35368153474768815,0.43834510467954513,0.36073786832848376
443213236116,0.3380222463658896,0.3496052426707988,0.43449524514544813,0.349530972850566
443213244449,0.3535476144870378,0.3663778203847457,0.4380302797176447,0.3605507924605389
443213252783,0.3416239257027482,0.3456382533482143,0.4396958264251742,0.33753597648776307
443213261116,0.3356587695155496,0.345457763671875,0.4434213096561411,0.3514459430928133
443213269449,0.3396973604813522,0.34812054692482464,0.4373648951163501,0.3435203022859534
443213277782,0.3379596902370964,0.3588626254334742,0.4422875309297126,0.34472144146354833
443213286116,0.34414645048838594,0.352701943845165,0.4401511369155279,0.3485352667983697
443213294449,0.33891831180290394,0.34655121161013236,0.4385062787054947,0.3481408660265864
443213302782,0.3447962165006615,0.3499177364427216,0.4407695022043308,0.3433164806755222
443213311116,0.3398804495955587,0.349948074963628,0.43596797178540325,0.356812568197445
443213319449,0.34402526332123357,0.34529976513920996,0.4319657696788334,0.3499072265625
443213327782,0.34823026176689775,0.34068978134466676,0.43070139992275425,0.34183500795948263
443213336116,0.3431363938833484,0.33656591454330753,0.43810542884491394,0.3503352589509925
443213344449,0.353028684822565,0.3452486170554648,0.4353925371732231,0.3438828931535993
443213352782,0.34441613691029443,0.34463406932597257,0.43352313108127344,0.3453106253487723
443213361115,0.3458878005049236,0.34457465346978633,0.4497671996154458,0.35909412306182237
443213369448,0.3428592661441586,0.34642453252052774,0.4365706367124699,0.34893436198331873
443213377782,0.29907659957902094,0.3248352767010124,0.4156339590189158,0.3202407073974609
443213386115,0.1811067799918777,0.21304217124471858,0.35697667161751406,0.23139515468052455
443213394448,0.08497595914818211,0.13296459120147083,0.22742358306852056,0.1587054599061304
443213402781,-0.03773790463757285,0.08667200205277424,0.08914927066586281,0.11598314713458625
443215186158,-0.04652933036910504,0.799054104551977,0.12369170194014603,0.8064002305634168
443215194492,0.09407951134194131,0.7521031414732641,0.2451721878297076,0.7638585475999482
443215202827,0.20499496214642784,0.7083952121345364,0.343920512470274,0.7179500945733518
443215211159,0.3218025461014955,0.6532109139890087,0.4568422568955989,0.6700266522777324
443215219495,0.4029340018285688,0.6257642917243802,0.5007983633942926,0.6402683818583585
443215227826,0.4097910530441955,0.6091112113485531,0.5148059481082111,0.6291161727905273
443215236159,0.4346984503481294,0.601107657296317,0.5344246949158042,0.6121334675380162
443215244493,0.46213834870922094,0.599891383891203,0.5515021092127629,0.6148664567908462
443215252827,0.4772427508813136,0.5951018563095404,0.5521461511348221,0.6150735014312121
443215261161,0.4684560270810306,0.5975100902635224,0.561929766132645,0.6030761928947604
