1710277884528658,0.34525357607282187,0.5673934588701685,0.34525357607282187,0.5673934588701685
1710277884689690,0.34525357607282187,0.5673934588701685,0.34525357607282187,0.5673934588701685
1710277884717466,0.34525357607282187,0.5673934588701685,0.34525357607282187,0.5673934588701685
1710277884743010,0.34525357607282187,0.5673934588701685,0.34525357607282187,0.5673934588701685
1710277884767203,0.34525357607282187,0.5673934588701685,0.34525357607282187,0.5673934588701685
1710277884793859,0.34525357607282187,0.5673934588701685,0.34525357607282187,0.5673934588701685
1710277884819190,0.35045513654096216,0.5673934588701685,0.35045513654096216,0.5673934588701685
1710277884844414,0.38166449934980495,0.5713577799801784,0.38166449934980495,0.5713577799801784
1710277884871244,0.4544863459037711,0.5763131813676908,0.4544863459037711,0.5763131813676908
1710277884898177,0.5247074122236671,0.5802775024777007,0.5247074122236671,0.5802775024777007
1710277884922933,0.5676202860858257,0.5822596630327056,0.5676202860858257,0.5822596630327056
1710277884950449,0.5923276983094928,0.5822596630327056,0.5923276983094928,0.5822596630327056
1710277884974956,0.6079323797139142,0.5822596630327056,0.6079323797139142,0.5822596630327056
1710277885000290,0.6222366710013004,0.5822596630327056,0.6222366710013004,0.5822596630327056
1710277885027650,0.6404421326397919,0.5802775024777007,0.6404421326397919,0.5802775024777007
1710277885052952,0.653446033810143,0.5792864222001982,0.653446033810143,0.5792864222001982
1710277885079089,0.6664499349804941,0.5782953419226957,0.6664499349804941,0.5782953419226957
1710277885103220,0.6716514954486346,0.5782953419226957,0.6716514954486346,0.5782953419226957
1710277885132301,0.6742522756827048,0.5782953419226957,0.6742522756827048,0.5782953419226957
1710277885155382,0.6742522756827048,0.5782953419226957,0.6742522756827048,0.5782953419226957
1710277885182040,0.6742522756827048,0.5782953419226957,0.6742522756827048,0.5782953419226957
1710277885208958,0.6729518855656696,0.5782953419226957,0.6729518855656696,0.5782953419226957
1710277885233168,0.6716514954486346,0.5782953419226957,0.6716514954486346,0.5782953419226957
1710277885260681,0.6703511053315995,0.5782953419226957,0.6703511053315995,0.5782953419226957
1710277885285636,0.6690507152145644,0.5792864222001982,0.6690507152145644,0.5792864222001982
1710277885310916,0.6690507152145644,0.5792864222001982,0.6690507152145644,0.5792864222001982
1710277885335766,0.6677503250975293,0.5792864222001982,0.6677503250975293,0.5792864222001982
1710277885362007,0.6677503250975293,0.5792864222001982,0.6677503250975293,0.5792864222001982
1710277885385543,0.6677503250975293,0.5792864222001982,0.6677503250975293,0.5792864222001982
1710277885411308,0.6677503250975293,0.5792864222001982,0.6677503250975293,0.5792864222001982
1710277885437070,0.6677503250975293,0.5792864222001982,0.6677503250975293,0.5792864222001982
1710277885465134,0.6677503250975293,0.5792864222001982,0.6677503250975293,0.5792864222001982
1710277885491016,0.6677503250975293,0.5792864222001982,0.6677503250975293,0.5792864222001982
1710277885516757,0.6664499349804941,0.5792864222001982,0.6664499349804941,0.5792864222001982
1710277885542562,0.6664499349804941,0.5792864222001982,0.6664499349804941,0.5792864222001982
1710277885567160,0.665149544863459,0.5792864222001982,0.665149544863459,0.5792864222001982
1710277885594012,0.6638491547464239,0.5792864222001982,0.6638491547464239,0.5792864222001982
1710277885619497,0.6625487646293888,0.5792864222001982,0.6625487646293888,0.5792864222001982
1710277885645510,0.6612483745123537,0.5792864222001982,0.6612483745123537,0.5792864222001982
1710277885671935,0.6599479843953185,0.5792864222001982,0.6599479843953185,0.5792864222001982
1710277885697752,0.6573472041612484,0.5792864222001982,0.6573472041612484,0.5792864222001982
1710277885723740,0.6547464239271782,0.5792864222001982,0.6547464239271782,0.5792864222001982
1710277885749991,0.653446033810143,0.5802775024777007,0.653446033810143,0.5802775024777007
1710277885775114,0.6508452535760728,0.5802775024777007,0.6508452535760728,0.5802775024777007
1710277885800257,0.6508452535760728,0.5812685827552032,0.6508452535760728,0.5812685827552032
1710277885827503,0.6482444733420026,0.5832507433102081,0.6482444733420026,0.5832507433102081
1710277885851416,0.6482444733420026,0.5852329038652131,0.6482444733420026,0.5852329038652131
1710277885876907,0.6469440832249674,0.5872150644202181,0.6469440832249674,0.5872150644202181
1710277885902412,0.6456436931079323,0.589197224975223,0.6456436931079323,0.589197224975223
1710277885930305,0.6456436931079323,0.5921704658077305,0.6456436931079323,0.5921704658077305
1710277885954745,0.6443433029908973,0.5951437066402379,0.6443433029908973,0.5951437066402379
1710277885982176,0.6417425227568271,0.6010901883052527,0.6417425227568271,0.6010901883052527
1710277886008276,0.6391417425227568,0.6060455896927651,0.6391417425227568,0.6060455896927651
1710277886034242,0.6378413524057217,0.6090188305252725,0.6378413524057217,0.6090188305252725
1710277886060811,0.6378413524057217,0.6110009910802775,0.6378413524057217,0.6110009910802775
1710277886086130,0.6365409622886866,0.6129831516352825,0.6365409622886866,0.6129831516352825
1710277886113515,0.6352405721716515,0.6159563924677899,0.6352405721716515,0.6159563924677899
1710277886139914,0.6352405721716515,0.6169474727452924,0.6352405721716515,0.6169474727452924
1710277886166643,0.6339401820546163,0.6189296333002974,0.6339401820546163,0.6189296333002974
1710277886192239,0.6339401820546163,0.6209117938553023,0.6339401820546163,0.6209117938553023
1710277886218265,0.6339401820546163,0.6219028741328048,0.6339401820546163,0.6219028741328048
1710277886244284,0.6326397919375812,0.6228939544103073,0.6326397919375812,0.6228939544103073
1710277886270000,0.6326397919375812,0.6228939544103073,0.6326397919375812,0.6228939544103073
1710277886298133,0.6326397919375812,0.6228939544103073,0.6326397919375812,0.6228939544103073
1710277886323078,0.6326397919375812,0.6238850346878098,0.6326397919375812,0.6238850346878098
1710277886349281,0.6326397919375812,0.6238850346878098,0.6326397919375812,0.6238850346878098
1710277886374413,0.6326397919375812,0.6238850346878098,0.6326397919375812,0.6238850346878098
1710277886400214,0.6326397919375812,0.6238850346878098,0.6326397919375812,0.6238850346878098
1710277886426766,0.6326397919375812,0.6248761149653121,0.6326397919375812,0.6248761149653121
1710277886452159,0.6326397919375812,0.6248761149653121,0.6326397919375812,0.6248761149653121
1710277886478860,0.6326397919375812,0.6248761149653121,0.6326397919375812,0.6248761149653121
1710277886505647,0.6326397919375812,0.6248761149653121,0.6326397919375812,0.6248761149653121
1710277886531499,0.6326397919375812,0.6258671952428146,0.6326397919375812,0.6258671952428146
1710277886556470,0.6326397919375812,0.6258671952428146,0.6326397919375812,0.6258671952428146
1710277886582758,0.6326397919375812,0.6258671952428146,0.6326397919375812,0.6258671952428146
1710277886607641,0.6326397919375812,0.6258671952428146,0.6326397919375812,0.6258671952428146
1710277886633682,0.6326397919375812,0.6258671952428146,0.6326397919375812,0.6258671952428146
1710277886660769,0.6326397919375812,0.6258671952428146,0.6326397919375812,0.6258671952428146
1710277886686110,0.6326397919375812,0.6258671952428146,0.6326397919375812,0.6258671952428146
1710277886711728,0.6326397919375812,0.6258671952428146,0.6326397919375812,0.6258671952428146
1710277886736974,0.6326397919375812,0.6258671952428146,0.6326397919375812,0.6258671952428146
1710277886763984,0.6326397919375812,0.6258671952428146,0.6326397919375812,0.6258671952428146
1710277886790168,0.6326397919375812,0.6258671952428146,0.6326397919375812,0.6258671952428146
1710277886816438,0.6326397919375812,0.6258671952428146,0.6326397919375812,0.6258671952428146
1710277886842782,0.6326397919375812,0.6258671952428146,0.6326397919375812,0.6258671952428146
1710277886868198,0.6326397919375812,0.6258671952428146,0.6326397919375812,0.6258671952428146
1710277886896411,0.6326397919375812,0.6258671952428146,0.6326397919375812,0.6258671952428146
1710277886921755,0.6326397919375812,0.6258671952428146,0.6326397919375812,0.6258671952428146
1710277886948519,0.6326397919375812,0.6258671952428146,0.6326397919375812,0.6258671952428146
1710277886972630,0.6326397919375812,0.6258671952428146,0.6326397919375812,0.6258671952428146
1710277886999197,0.6326397919375812,0.6258671952428146,0.6326397919375812,0.6258671952428146
1710277887023621,0.6326397919375812,0.6258671952428146,0.6326397919375812,0.6258671952428146
1710277887050029,0.6326397919375812,0.6258671952428146,0.6326397919375812,0.6258671952428146
1710277887075261,0.6326397919375812,0.6258671952428146,0.6326397919375812,0.6258671952428146
1710277887101616,0.6326397919375812,0.6258671952428146,0.6326397919375812,0.6258671952428146
1710277887128582,0.6326397919375812,0.6258671952428146,0.6326397919375812,0.6258671952428146
1710277887152923,0.6326397919375812,0.6258671952428146,0.6326397919375812,0.6258671952428146
1710277887179134,0.6326397919375812,0.6258671952428146,0.6326397919375812,0.6258671952428146
1710277887206049,0.6326397919375812,0.6258671952428146,0.6326397919375812,0.6258671952428146
1710277887232954,0.6326397919375812,0.6258671952428146,0.6326397919375812,0.6258671952428146
1710277887258392,0.6326397919375812,0.6258671952428146,0.6326397919375812,0.6258671952428146
1710277887283763,0.6326397919375812,0.6258671952428146,0.6326397919375812,0.6258671952428146
1710277887307613,0.6326397919375812,0.6258671952428146,0.6326397919375812,0.6258671952428146
1710277887333842,0.6326397919375812,0.6258671952428146,0.6326397919375812,0.6258671952428146
1710277887359160,0.6326397919375812,0.6258671952428146,0.6326397919375812,0.6258671952428146
1710277887384574,0.6326397919375812,0.6258671952428146,0.6326397919375812,0.6258671952428146
1710277887411961,0.6326397919375812,0.6258671952428146,0.6326397919375812,0.6258671952428146
1710277887437248,0.6326397919375812,0.6258671952428146,0.6326397919375812,0.6258671952428146
1710277887465361,0.6326397919375812,0.6258671952428146,0.6326397919375812,0.6258671952428146
1710277887489505,0.6326397919375812,0.6258671952428146,0.6326397919375812,0.6258671952428146
1710277887516080,0.6326397919375812,0.6258671952428146,0.6326397919375812,0.6258671952428146
1710277887542680,0.6326397919375812,0.6258671952428146,0.6326397919375812,0.6258671952428146
1710277887568377,0.6326397919375812,0.6258671952428146,0.6326397919375812,0.6258671952428146
1710277887593722,0.6326397919375812,0.6258671952428146,0.6326397919375812,0.6258671952428146
1710277887619050,0.6326397919375812,0.6258671952428146,0.6326397919375812,0.6258671952428146
1710277887644668,0.6326397919375812,0.6258671952428146,0.6326397919375812,0.6258671952428146
1710277887669023,0.6326397919375812,0.6258671952428146,0.6326397919375812,0.6258671952428146
1710277887695940,0.6326397919375812,0.6258671952428146,0.6326397919375812,0.6258671952428146
1710277887720018,0.6326397919375812,0.6258671952428146,0.6326397919375812,0.6258671952428146
1710277887747329,0.6326397919375812,0.6258671952428146,0.6326397919375812,0.6258671952428146
1710277887773410,0.6326397919375812,0.6258671952428146,0.6326397919375812,0.6258671952428146
1710277887798992,0.6326397919375812,0.6258671952428146,0.6326397919375812,0.6258671952428146
1710277887825072,0.6326397919375812,0.6258671952428146,0.6326397919375812,0.6258671952428146
1710277887850613,0.6326397919375812,0.6258671952428146,0.6326397919375812,0.6258671952428146
1710277887876485,0.6326397919375812,0.6258671952428146,0.6326397919375812,0.6258671952428146
1710277887902178,0.6326397919375812,0.6258671952428146,0.6326397919375812,0.6258671952428146
1710277887928181,0.6326397919375812,0.6258671952428146,0.6326397919375812,0.6258671952428146
1710277887954783,0.6326397919375812,0.6258671952428146,0.6326397919375812,0.6258671952428146
1710277887982485,0.6326397919375812,0.6258671952428146,0.6326397919375812,0.6258671952428146
1710277888008592,0.6326397919375812,0.6258671952428146,0.6326397919375812,0.6258671952428146
1710277888033434,0.6326397919375812,0.6258671952428146,0.6326397919375812,0.6258671952428146
1710277888059665,0.6326397919375812,0.6258671952428146,0.6326397919375812,0.6258671952428146
1710277888084735,0.6326397919375812,0.6258671952428146,0.6326397919375812,0.6258671952428146
1710277888112248,0.6326397919375812,0.6258671952428146,0.6326397919375812,0.6258671952428146
1710277888137537,0.6326397919375812,0.6258671952428146,0.6326397919375812,0.6258671952428146
1710277888163884,0.6326397919375812,0.6258671952428146,0.6326397919375812,0.6258671952428146
1710277888190256,0.6326397919375812,0.6258671952428146,0.6326397919375812,0.6258671952428146
1710277888217012,0.6326397919375812,0.6258671952428146,0.6326397919375812,0.6258671952428146
1710277888242076,0.6326397919375812,0.6258671952428146,0.6326397919375812,0.6258671952428146
1710277888268417,0.6326397919375812,0.6258671952428146,0.6326397919375812,0.6258671952428146
1710277888295535,0.6326397919375812,0.6258671952428146,0.6326397919375812,0.6258671952428146
1710277888320145,0.6326397919375812,0.6258671952428146,0.6326397919375812,0.6258671952428146
1710277888345703,0.6326397919375812,0.6258671952428146,0.6326397919375812,0.6258671952428146
1710277888371567,0.6326397919375812,0.6258671952428146,0.6326397919375812,0.6258671952428146
1710277888398264,0.6326397919375812,0.6258671952428146,0.6326397919375812,0.6258671952428146
1710277888424660,0.6326397919375812,0.6258671952428146,0.6326397919375812,0.6258671952428146
1710277888450848,0.6326397919375812,0.6258671952428146,0.6326397919375812,0.6258671952428146
1710277888477010,0.6326397919375812,0.6258671952428146,0.6326397919375812,0.6258671952428146
1710277888502607,0.6326397919375812,0.6258671952428146,0.6326397919375812,0.6258671952428146
1710277888528028,0.6326397919375812,0.6258671952428146,0.6326397919375812,0.6258671952428146
1710277888555048,0.6326397919375812,0.6258671952428146,0.6326397919375812,0.6258671952428146
1710277888581753,0.6326397919375812,0.6258671952428146,0.6326397919375812,0.6258671952428146
1710277888606554,0.6326397919375812,0.6258671952428146,0.6326397919375812,0.6258671952428146
1710277888633665,0.6326397919375812,0.6258671952428146,0.6326397919375812,0.6258671952428146
1710277888660767,0.6326397919375812,0.6258671952428146,0.6326397919375812,0.6258671952428146
1710277888686511,0.6326397919375812,0.6258671952428146,0.6326397919375812,0.6258671952428146
1710277888712090,0.6326397919375812,0.6258671952428146,0.6326397919375812,0.6258671952428146
1710277888736703,0.6326397919375812,0.6258671952428146,0.6326397919375812,0.6258671952428146
1710277888763752,0.6326397919375812,0.6258671952428146,0.6326397919375812,0.6258671952428146
1710277888789981,0.6326397919375812,0.6258671952428146,0.6326397919375812,0.6258671952428146
1710277888816224,0.6326397919375812,0.6258671952428146,0.6326397919375812,0.6258671952428146
1710277888842083,0.6326397919375812,0.6258671952428146,0.6326397919375812,0.6258671952428146
1710277888868688,0.6326397919375812,0.6258671952428146,0.6326397919375812,0.6258671952428146
1710277888894169,0.6326397919375812,0.6258671952428146,0.6326397919375812,0.6258671952428146
1710277888922484,0.6326397919375812,0.6258671952428146,0.6326397919375812,0.6258671952428146
1710277888948048,0.6326397919375812,0.6258671952428146,0.6326397919375812,0.6258671952428146
1710277888974639,0.6326397919375812,0.6258671952428146,0.6326397919375812,0.6258671952428146
1710277889000132,0.6326397919375812,0.6258671952428146,0.6326397919375812,0.6258671952428146
1710277889027562,0.6326397919375812,0.6258671952428146,0.6326397919375812,0.6258671952428146
1710277889052012,0.6326397919375812,0.6258671952428146,0.6326397919375812,0.6258671952428146
1710277889078650,0.6326397919375812,0.6258671952428146,0.6326397919375812,0.6258671952428146
1710277889104776,0.6326397919375812,0.6258671952428146,0.6326397919375812,0.6258671952428146
1710277889131008,0.6326397919375812,0.6258671952428146,0.6326397919375812,0.6258671952428146
1710277889156756,0.6326397919375812,0.6258671952428146,0.6326397919375812,0.6258671952428146
1710277889182853,0.6326397919375812,0.6258671952428146,0.6326397919375812,0.6258671952428146
1710277889207268,0.6326397919375812,0.6258671952428146,0.6326397919375812,0.6258671952428146
1710277889233605,0.6326397919375812,0.6258671952428146,0.6326397919375812,0.6258671952428146
1710277889259012,0.6326397919375812,0.6258671952428146,0.6326397919375812,0.6258671952428146
1710277889286376,0.6326397919375812,0.6258671952428146,0.6326397919375812,0.6258671952428146
1710277889310991,0.6326397919375812,0.6258671952428146,0.6326397919375812,0.6258671952428146
1710277889336273,0.6326397919375812,0.6258671952428146,0.6326397919375812,0.6258671952428146
1710277889362920,0.6326397919375812,0.6258671952428146,0.6326397919375812,0.6258671952428146
1710277889390643,0.6326397919375812,0.6258671952428146,0.6326397919375812,0.6258671952428146
1710277889416940,0.6326397919375812,0.6258671952428146,0.6326397919375812,0.6258671952428146
1710277889443291,0.6326397919375812,0.6258671952428146,0.6326397919375812,0.6258671952428146
1710277889506025,0.6326397919375812,0.6258671952428146,0.6326397919375812,0.6258671952428146
1710277889509559,0.6326397919375812,0.6258671952428146,0.6326397919375812,0.6258671952428146
1710277889536948,0.6326397919375812,0.6258671952428146,0.6326397919375812,0.6258671952428146
1710277889563049,0.6326397919375812,0.6258671952428146,0.6326397919375812,0.6258671952428146
1710277889590279,0.6326397919375812,0.6258671952428146,0.6326397919375812,0.6258671952428146
1710277889616624,0.6326397919375812,0.6258671952428146,0.6326397919375812,0.6258671952428146
1710277889641609,0.6326397919375812,0.6258671952428146,0.6326397919375812,0.6258671952428146
1710277889667523,0.6326397919375812,0.6258671952428146,0.6326397919375812,0.6258671952428146
1710277889693735,0.6326397919375812,0.6258671952428146,0.6326397919375812,0.6258671952428146
1710277889720060,0.6326397919375812,0.6258671952428146,0.6326397919375812,0.6258671952428146
1710277889747489,0.6326397919375812,0.6258671952428146,0.6326397919375812,0.6258671952428146
1710277889773219,0.6326397919375812,0.6258671952428146,0.6326397919375812,0.6258671952428146
1710277889799170,0.6326397919375812,0.6258671952428146,0.6326397919375812,0.6258671952428146
1710277889824998,0.6326397919375812,0.6258671952428146,0.6326397919375812,0.6258671952428146
1710277889850528,0.6326397919375812,0.6258671952428146,0.6326397919375812,0.6258671952428146
1710277889876716,0.6326397919375812,0.6258671952428146,0.6326397919375812,0.6258671952428146
1710277889902538,0.6326397919375812,0.6258671952428146,0.6326397919375812,0.6258671952428146
1710277889928996,0.6326397919375812,0.6258671952428146,0.6326397919375812,0.6258671952428146
1710277889955412,0.6326397919375812,0.6258671952428146,0.6326397919375812,0.6258671952428146
1710277889981292,0.6326397919375812,0.6258671952428146,0.6326397919375812,0.6258671952428146
1710277890006815,0.6326397919375812,0.6258671952428146,0.6326397919375812,0.6258671952428146
1710277890032832,0.6326397919375812,0.6258671952428146,0.6326397919375812,0.6258671952428146
1710277890059652,0.6326397919375812,0.6258671952428146,0.6326397919375812,0.6258671952428146
1710277890084788,0.6326397919375812,0.6258671952428146,0.6326397919375812,0.6258671952428146
1710277890110658,0.6326397919375812,0.6258671952428146,0.6326397919375812,0.6258671952428146
1710277890136005,0.6326397919375812,0.6258671952428146,0.6326397919375812,0.6258671952428146
1710277890162493,0.6326397919375812,0.6258671952428146,0.6326397919375812,0.6258671952428146
1710277890189610,0.6326397919375812,0.6258671952428146,0.6326397919375812,0.6258671952428146
1710277890216170,0.6326397919375812,0.6258671952428146,0.6326397919375812,0.6258671952428146
1710277890241176,0.6326397919375812,0.6258671952428146,0.6326397919375812,0.6258671952428146
1710277890266009,0.6326397919375812,0.6258671952428146,0.6326397919375812,0.6258671952428146
1710277890291203,0.6326397919375812,0.6258671952428146,0.6326397919375812,0.6258671952428146
1710277890316891,0.6326397919375812,0.6258671952428146,0.6326397919375812,0.6258671952428146
1710277890343606,0.6326397919375812,0.6268582755203171,0.6326397919375812,0.6268582755203171
1710277890368539,0.6326397919375812,0.6268582755203171,0.6326397919375812,0.6268582755203171
1710277890393633,0.6326397919375812,0.6268582755203171,0.6326397919375812,0.6268582755203171
1710277890419297,0.6326397919375812,0.6268582755203171,0.6326397919375812,0.6268582755203171
1710277890446439,0.6326397919375812,0.6268582755203171,0.6326397919375812,0.6268582755203171
1710277890472490,0.6326397919375812,0.6268582755203171,0.6326397919375812,0.6268582755203171
1710277890499058,0.6326397919375812,0.6268582755203171,0.6326397919375812,0.6268582755203171
1710277890524056,0.6326397919375812,0.6268582755203171,0.6326397919375812,0.6268582755203171
1710277890549291,0.6326397919375812,0.6268582755203171,0.6326397919375812,0.6268582755203171
1710277890575054,0.6326397919375812,0.6268582755203171,0.6326397919375812,0.6268582755203171
1710277890602208,0.6326397919375812,0.6268582755203171,0.6326397919375812,0.6268582755203171
1710277890628848,0.6326397919375812,0.6268582755203171,0.6326397919375812,0.6268582755203171
1710277890653342,0.6326397919375812,0.6268582755203171,0.6326397919375812,0.6268582755203171
1710277890680332,0.6326397919375812,0.6268582755203171,0.6326397919375812,0.6268582755203171
1710277890706408,0.6326397919375812,0.6268582755203171,0.6326397919375812,0.6268582755203171
1710277890733118,0.6326397919375812,0.6268582755203171,0.6326397919375812,0.6268582755203171
1710277890758979,0.6326397919375812,0.6268582755203171,0.6326397919375812,0.6268582755203171
1710277890784735,0.6326397919375812,0.6268582755203171,0.6326397919375812,0.6268582755203171
1710277890811418,0.6326397919375812,0.6268582755203171,0.6326397919375812,0.6268582755203171
1710277890836434,0.6326397919375812,0.6268582755203171,0.6326397919375812,0.6268582755203171
1710277890861804,0.6326397919375812,0.6268582755203171,0.6326397919375812,0.6268582755203171
1710277890888379,0.6326397919375812,0.6268582755203171,0.6326397919375812,0.6268582755203171
1710277890914199,0.6326397919375812,0.6268582755203171,0.6326397919375812,0.6268582755203171
1710277890940534,0.6326397919375812,0.6268582755203171,0.6326397919375812,0.6268582755203171
1710277890966877,0.6326397919375812,0.6268582755203171,0.6326397919375812,0.6268582755203171
1710277890992801,0.6326397919375812,0.6268582755203171,0.6326397919375812,0.6268582755203171
1710277891018086,0.6326397919375812,0.6268582755203171,0.6326397919375812,0.6268582755203171
1710277891045625,0.6326397919375812,0.6268582755203171,0.6326397919375812,0.6268582755203171
1710277891070305,0.6326397919375812,0.6268582755203171,0.6326397919375812,0.6268582755203171
1710277891096643,0.6326397919375812,0.6268582755203171,0.6326397919375812,0.6268582755203171
1710277891122973,0.6326397919375812,0.6268582755203171,0.6326397919375812,0.6268582755203171
1710277891149530,0.6326397919375812,0.6268582755203171,0.6326397919375812,0.6268582755203171
1710277891174874,0.6326397919375812,0.6268582755203171,0.6326397919375812,0.6268582755203171
1710277891200796,0.6326397919375812,0.6268582755203171,0.6326397919375812,0.6268582755203171
1710277891225706,0.6326397919375812,0.6268582755203171,0.6326397919375812,0.6268582755203171
1710277891250752,0.6326397919375812,0.6268582755203171,0.6326397919375812,0.6268582755203171
1710277891276856,0.6326397919375812,0.6268582755203171,0.6326397919375812,0.6268582755203171
1710277891302335,0.6326397919375812,0.6268582755203171,0.6326397919375812,0.6268582755203171
1710277891329569,0.6326397919375812,0.6268582755203171,0.6326397919375812,0.6268582755203171
1710277891354810,0.6326397919375812,0.6268582755203171,0.6326397919375812,0.6268582755203171
1710277891381191,0.6326397919375812,0.6268582755203171,0.6326397919375812,0.6268582755203171
1710277891406245,0.6326397919375812,0.6268582755203171,0.6326397919375812,0.6268582755203171
1710277891432087,0.6326397919375812,0.6268582755203171,0.6326397919375812,0.6268582755203171
1710277891458578,0.6326397919375812,0.6268582755203171,0.6326397919375812,0.6268582755203171
1710277891483839,0.6326397919375812,0.6268582755203171,0.6326397919375812,0.6268582755203171
1710277891510460,0.6326397919375812,0.6268582755203171,0.6326397919375812,0.6268582755203171
1710277891535264,0.6326397919375812,0.6268582755203171,0.6326397919375812,0.6268582755203171
1710277891560866,0.6326397919375812,0.6268582755203171,0.6326397919375812,0.6268582755203171
1710277891587779,0.6326397919375812,0.6268582755203171,0.6326397919375812,0.6268582755203171
1710277891614092,0.6326397919375812,0.6268582755203171,0.6326397919375812,0.6268582755203171
1710277891640720,0.6326397919375812,0.6268582755203171,0.6326397919375812,0.6268582755203171
1710277891666482,0.6326397919375812,0.6268582755203171,0.6326397919375812,0.6268582755203171
1710277891694149,0.6326397919375812,0.6268582755203171,0.6326397919375812,0.6268582755203171
1710277891718859,0.6326397919375812,0.6268582755203171,0.6326397919375812,0.6268582755203171
1710277891744175,0.6326397919375812,0.6268582755203171,0.6326397919375812,0.6268582755203171
1710277891769578,0.6326397919375812,0.6268582755203171,0.6326397919375812,0.6268582755203171
1710277891794705,0.6326397919375812,0.6268582755203171,0.6326397919375812,0.6268582755203171
1710277891820287,0.6326397919375812,0.6268582755203171,0.6326397919375812,0.6268582755203171
1710277891845289,0.6326397919375812,0.6268582755203171,0.6326397919375812,0.6268582755203171
1710277891872504,0.6326397919375812,0.6268582755203171,0.6326397919375812,0.6268582755203171
1710277891899018,0.6326397919375812,0.6268582755203171,0.6326397919375812,0.6268582755203171
1710277891924723,0.6326397919375812,0.6268582755203171,0.6326397919375812,0.6268582755203171
1710277891950277,0.6326397919375812,0.6268582755203171,0.6326397919375812,0.6268582755203171
1710277891977753,0.6326397919375812,0.6268582755203171,0.6326397919375812,0.6268582755203171
1710277892002488,0.6326397919375812,0.6268582755203171,0.6326397919375812,0.6268582755203171
1710277892029019,0.6326397919375812,0.6268582755203171,0.6326397919375812,0.6268582755203171
1710277892054105,0.6326397919375812,0.6268582755203171,0.6326397919375812,0.6268582755203171
1710277892078974,0.6326397919375812,0.6268582755203171,0.6326397919375812,0.6268582755203171
1710277892104586,0.6326397919375812,0.6268582755203171,0.6326397919375812,0.6268582755203171
1710277892131347,0.6326397919375812,0.6268582755203171,0.6326397919375812,0.6268582755203171
1710277892157740,0.6326397919375812,0.6268582755203171,0.6326397919375812,0.6268582755203171
1710277892183796,0.6326397919375812,0.6268582755203171,0.6326397919375812,0.6268582755203171
1710277892210345,0.6326397919375812,0.6268582755203171,0.6326397919375812,0.6268582755203171
1710277892235427,0.6326397919375812,0.6268582755203171,0.6326397919375812,0.6268582755203171
1710277892261960,0.6326397919375812,0.6268582755203171,0.6326397919375812,0.6268582755203171
1710277892285997,0.6326397919375812,0.6268582755203171,0.6326397919375812,0.6268582755203171
1710277892312555,0.6326397919375812,0.6268582755203171,0.6326397919375812,0.6268582755203171
1710277892337386,0.6326397919375812,0.6268582755203171,0.6326397919375812,0.6268582755203171
1710277892365466,0.6326397919375812,0.6268582755203171,0.6326397919375812,0.6268582755203171
1710277892391586,0.6326397919375812,0.6268582755203171,0.6326397919375812,0.6268582755203171
1710277892417863,0.6326397919375812,0.6268582755203171,0.6326397919375812,0.6268582755203171
1710277892444578,0.6326397919375812,0.6268582755203171,0.6326397919375812,0.6268582755203171
1710277892471129,0.6326397919375812,0.6268582755203171,0.6326397919375812,0.6268582755203171
1710277892498603,0.6326397919375812,0.6268582755203171,0.6326397919375812,0.6268582755203171
1710277892524941,0.6326397919375812,0.6268582755203171,0.6326397919375812,0.6268582755203171
1710277892550618,0.6326397919375812,0.6268582755203171,0.6326397919375812,0.6268582755203171
1710277892576589,0.6326397919375812,0.6268582755203171,0.6326397919375812,0.6268582755203171
1710277892603164,0.6326397919375812,0.6268582755203171,0.6326397919375812,0.6268582755203171
1710277892629205,0.6326397919375812,0.6268582755203171,0.6326397919375812,0.6268582755203171
1710277892655079,0.6326397919375812,0.6268582755203171,0.6326397919375812,0.6268582755203171
1710277892682308,0.6326397919375812,0.6268582755203171,0.6326397919375812,0.6268582755203171
1710277892706539,0.6326397919375812,0.6268582755203171,0.6326397919375812,0.6268582755203171
1710277892732884,0.6326397919375812,0.6268582755203171,0.6326397919375812,0.6268582755203171
1710277892760673,0.6326397919375812,0.6268582755203171,0.6326397919375812,0.6268582755203171
1710277892786122,0.6326397919375812,0.6268582755203171,0.6326397919375812,0.6268582755203171
1710277892812111,0.6326397919375812,0.6268582755203171,0.6326397919375812,0.6268582755203171
1710277892838078,0.6326397919375812,0.6268582755203171,0.6326397919375812,0.6268582755203171
1710277892864583,0.6326397919375812,0.6268582755203171,0.6326397919375812,0.6268582755203171
1710277892891420,0.6326397919375812,0.6268582755203171,0.6326397919375812,0.6268582755203171
1710277892917257,0.6326397919375812,0.6268582755203171,0.6326397919375812,0.6268582755203171
1710277892944014,0.6326397919375812,0.6268582755203171,0.6326397919375812,0.6268582755203171
1710277892970204,0.6326397919375812,0.6268582755203171,0.6326397919375812,0.6268582755203171
1710277892996832,0.6326397919375812,0.6268582755203171,0.6326397919375812,0.6268582755203171
1710277893022503,0.6326397919375812,0.6268582755203171,0.6326397919375812,0.6268582755203171
1710277893049577,0.6326397919375812,0.6268582755203171,0.6326397919375812,0.6268582755203171
1710277893073868,0.6326397919375812,0.6268582755203171,0.6326397919375812,0.6268582755203171
1710277893100103,0.6326397919375812,0.6268582755203171,0.6326397919375812,0.6268582755203171
1710277893127040,0.6326397919375812,0.6268582755203171,0.6326397919375812,0.6268582755203171
1710277893153248,0.6326397919375812,0.6268582755203171,0.6326397919375812,0.6268582755203171
1710277893178043,0.6326397919375812,0.6268582755203171,0.6326397919375812,0.6268582755203171
1710277893203105,0.6326397919375812,0.6268582755203171,0.6326397919375812,0.6268582755203171
1710277893229529,0.6326397919375812,0.6268582755203171,0.6326397919375812,0.6268582755203171
1710277893256168,0.6326397919375812,0.6268582755203171,0.6326397919375812,0.6268582755203171
1710277893283316,0.6326397919375812,0.6268582755203171,0.6326397919375812,0.6268582755203171
1710277893307775,0.6326397919375812,0.6268582755203171,0.6326397919375812,0.6268582755203171
1710277893333937,0.6326397919375812,0.6268582755203171,0.6326397919375812,0.6268582755203171
1710277893359551,0.6326397919375812,0.6268582755203171,0.6326397919375812,0.6268582755203171
1710277893384289,0.6326397919375812,0.6268582755203171,0.6326397919375812,0.6268582755203171
1710277893411726,0.6326397919375812,0.6268582755203171,0.6326397919375812,0.6268582755203171
1710277893437729,0.6326397919375812,0.6268582755203171,0.6326397919375812,0.6268582755203171
1710277893463534,0.6326397919375812,0.6268582755203171,0.6326397919375812,0.6268582755203171
1710277893489747,0.6326397919375812,0.6268582755203171,0.6326397919375812,0.6268582755203171
1710277893516840,0.6326397919375812,0.6268582755203171,0.6326397919375812,0.6268582755203171
1710277893542534,0.6326397919375812,0.6268582755203171,0.6326397919375812,0.6268582755203171
1710277893567563,0.6326397919375812,0.6268582755203171,0.6326397919375812,0.6268582755203171
1710277893594820,0.6326397919375812,0.6268582755203171,0.6326397919375812,0.6268582755203171
1710277893620365,0.6326397919375812,0.6268582755203171,0.6326397919375812,0.6268582755203171
1710277893647815,0.6326397919375812,0.6268582755203171,0.6326397919375812,0.6268582755203171
1710277893672629,0.6326397919375812,0.6268582755203171,0.6326397919375812,0.6268582755203171
1710277893700214,0.6326397919375812,0.6268582755203171,0.6326397919375812,0.6268582755203171
1710277893725357,0.6326397919375812,0.6268582755203171,0.6326397919375812,0.6268582755203171
1710277893751812,0.6326397919375812,0.6268582755203171,0.6326397919375812,0.6268582755203171
1710277893777560,0.6326397919375812,0.6268582755203171,0.6326397919375812,0.6268582755203171
1710277893804694,0.6326397919375812,0.6268582755203171,0.6326397919375812,0.6268582755203171
1710277893832056,0.6326397919375812,0.6268582755203171,0.6326397919375812,0.6268582755203171
1710277893857390,0.6326397919375812,0.6268582755203171,0.6326397919375812,0.6268582755203171
1710277893884244,0.6326397919375812,0.6268582755203171,0.6326397919375812,0.6268582755203171
1710277893909028,0.6326397919375812,0.6268582755203171,0.6326397919375812,0.6268582755203171
1710277893935810,0.6326397919375812,0.6268582755203171,0.6326397919375812,0.6268582755203171
1710277893961592,0.6326397919375812,0.6268582755203171,0.6326397919375812,0.6268582755203171
1710277893988300,0.6326397919375812,0.6268582755203171,0.6326397919375812,0.6268582755203171
1710277894015364,0.6326397919375812,0.6268582755203171,0.6326397919375812,0.6268582755203171
1710277894041470,0.6326397919375812,0.6268582755203171,0.6326397919375812,0.6268582755203171
1710277894067755,0.6326397919375812,0.6268582755203171,0.6326397919375812,0.6268582755203171
1710277894093505,0.6326397919375812,0.6268582755203171,0.6326397919375812,0.6268582755203171
1710277894119758,0.6326397919375812,0.6268582755203171,0.6326397919375812,0.6268582755203171
1710277894147364,0.6326397919375812,0.6268582755203171,0.6326397919375812,0.6268582755203171
1710277894173977,0.6326397919375812,0.6268582755203171,0.6326397919375812,0.6268582755203171
1710277894200207,0.6079323797139142,0.6446977205153618,0.6079323797139142,0.6446977205153618
1710277894227892,0.5377113133940182,0.6932606541129831,0.5377113133940182,0.6932606541129831
1710277894252130,0.476592977893368,0.7388503468780971,0.476592977893368,0.7388503468780971
1710277894278894,0.4557867360208062,0.7586719524281467,0.4557867360208062,0.7586719524281467
1710277894305094,0.44148244473342,0.7735381565906838,0.44148244473342,0.7735381565906838
1710277894332944,0.4375812743823147,0.7794846382556987,0.4375812743823147,0.7794846382556987
1710277894358209,0.4375812743823147,0.7814667988107037,0.4375812743823147,0.7814667988107037
1710277894383830,0.4362808842652796,0.7854311199207136,0.4362808842652796,0.7854311199207136
1710277894410316,0.43498049414824447,0.7864222001982161,0.43498049414824447,0.7864222001982161
1710277894437137,0.43498049414824447,0.7864222001982161,0.43498049414824447,0.7864222001982161
1710277894463876,0.43498049414824447,0.7864222001982161,0.43498049414824447,0.7864222001982161
1710277894489850,0.43498049414824447,0.7864222001982161,0.43498049414824447,0.7864222001982161
1710277894515555,0.43498049414824447,0.7864222001982161,0.43498049414824447,0.7864222001982161
1710277894542054,0.43498049414824447,0.7864222001982161,0.43498049414824447,0.7864222001982161
1710277894567465,0.43498049414824447,0.7864222001982161,0.43498049414824447,0.7864222001982161
1710277894594313,0.43498049414824447,0.7864222001982161,0.43498049414824447,0.7864222001982161
1710277894621208,0.43498049414824447,0.7864222001982161,0.43498049414824447,0.7864222001982161
1710277894648098,0.43498049414824447,0.7864222001982161,0.43498049414824447,0.7864222001982161
1710277894674784,0.43498049414824447,0.7864222001982161,0.43498049414824447,0.7864222001982161
1710277894699782,0.43498049414824447,0.7864222001982161,0.43498049414824447,0.7864222001982161
1710277894726217,0.43498049414824447,0.7864222001982161,0.43498049414824447,0.7864222001982161
1710277894752488,0.43498049414824447,0.7864222001982161,0.43498049414824447,0.7864222001982161
1710277894779053,0.43498049414824447,0.7864222001982161,0.43498049414824447,0.7864222001982161
1710277894805362,0.43498049414824447,0.7864222001982161,0.43498049414824447,0.7864222001982161
1710277894831761,0.43498049414824447,0.7864222001982161,0.43498049414824447,0.7864222001982161
1710277894858109,0.43498049414824447,0.7864222001982161,0.43498049414824447,0.7864222001982161
1710277894883844,0.43498049414824447,0.7864222001982161,0.43498049414824447,0.7864222001982161
1710277894910497,0.43498049414824447,0.7864222001982161,0.43498049414824447,0.7864222001982161
1710277894935945,0.43498049414824447,0.7864222001982161,0.43498049414824447,0.7864222001982161
1710277894962334,0.43498049414824447,0.7864222001982161,0.43498049414824447,0.7864222001982161
1710277894988560,0.43498049414824447,0.7864222001982161,0.43498049414824447,0.7864222001982161
1710277895013802,0.43498049414824447,0.7864222001982161,0.43498049414824447,0.7864222001982161
1710277895040795,0.43498049414824447,0.7864222001982161,0.43498049414824447,0.7864222001982161
1710277895066646,0.43498049414824447,0.7864222001982161,0.43498049414824447,0.7864222001982161
1710277895093514,0.43498049414824447,0.7864222001982161,0.43498049414824447,0.7864222001982161
1710277895118859,0.43498049414824447,0.7864222001982161,0.43498049414824447,0.7864222001982161
1710277895145149,0.43498049414824447,0.7864222001982161,0.43498049414824447,0.7864222001982161
1710277895169832,0.43498049414824447,0.7864222001982161,0.43498049414824447,0.7864222001982161
1710277895194902,0.43498049414824447,0.7864222001982161,0.43498049414824447,0.7864222001982161
1710277895220882,0.43498049414824447,0.7864222001982161,0.43498049414824447,0.7864222001982161
1710277895248227,0.43498049414824447,0.7864222001982161,0.43498049414824447,0.7864222001982161
1710277895274750,0.43498049414824447,0.7864222001982161,0.43498049414824447,0.7864222001982161
1710277895300581,0.43498049414824447,0.7864222001982161,0.43498049414824447,0.7864222001982161
1710277895327520,0.43498049414824447,0.7864222001982161,0.43498049414824447,0.7864222001982161
1710277895354757,0.43498049414824447,0.7864222001982161,0.43498049414824447,0.7864222001982161
1710277895378748,0.43498049414824447,0.7864222001982161,0.43498049414824447,0.7864222001982161
1710277895405381,0.43498049414824447,0.7864222001982161,0.43498049414824447,0.7864222001982161
1710277895431984,0.43498049414824447,0.7864222001982161,0.43498049414824447,0.7864222001982161
1710277895458003,0.43498049414824447,0.7864222001982161,0.43498049414824447,0.7864222001982161
1710277895483781,0.43498049414824447,0.7864222001982161,0.43498049414824447,0.7864222001982161
1710277895509313,0.43498049414824447,0.7864222001982161,0.43498049414824447,0.7864222001982161
1710277895534498,0.43498049414824447,0.7864222001982161,0.43498049414824447,0.7864222001982161
1710277895561658,0.43498049414824447,0.7864222001982161,0.43498049414824447,0.7864222001982161
1710277895586304,0.43498049414824447,0.7864222001982161,0.43498049414824447,0.7864222001982161
1710277895612446,0.4362808842652796,0.7864222001982161,0.4362808842652796,0.7864222001982161
1710277895637855,0.4466840052015605,0.7824578790882062,0.4466840052015605,0.7824578790882062
1710277895663487,0.464889466840052,0.7745292368681863,0.464889466840052,0.7745292368681863
1710277895690528,0.488296488946684,0.7626362735381566,0.488296488946684,0.7626362735381566
1710277895717201,0.5312093628088427,0.7398414271555996,0.5312093628088427,0.7398414271555996
1710277895743435,0.5598179453836151,0.7229930624380575,0.5598179453836151,0.7229930624380575
1710277895768352,0.5793237971391417,0.7111000991080277,0.5793237971391417,0.7111000991080277
1710277895795303,0.5975292587776333,0.699207135777998,0.5975292587776333,0.699207135777998
1710277895820772,0.6118335500650195,0.6902874132804757,0.6118335500650195,0.6902874132804757
1710277895847361,0.618335500650195,0.6853320118929633,0.618335500650195,0.6853320118929633
1710277895872761,0.6209362808842653,0.6833498513379583,0.6209362808842653,0.6833498513379583
1710277895899304,0.6235370611183355,0.6813676907829535,0.6235370611183355,0.6813676907829535
1710277895924295,0.6235370611183355,0.680376610505451,0.6235370611183355,0.680376610505451
1710277895950560,0.6235370611183355,0.6793855302279485,0.6235370611183355,0.6793855302279485
1710277895975927,0.6235370611183355,0.6774033696729435,0.6235370611183355,0.6774033696729435
1710277896002042,0.6235370611183355,0.6754212091179386,0.6235370611183355,0.6754212091179386
1710277896027061,0.6209362808842653,0.6744301288404361,0.6209362808842653,0.6744301288404361
1710277896052484,0.618335500650195,0.6704658077304262,0.618335500650195,0.6704658077304262
1710277896079717,0.6118335500650195,0.6625371655104063,0.6118335500650195,0.6625371655104063
1710277896105201,0.6053315994798439,0.655599603567889,0.6053315994798439,0.655599603567889
1710277896132072,0.5975292587776333,0.6496531219028742,0.5975292587776333,0.6496531219028742
1710277896157199,0.5923276983094928,0.6437066402378593,0.5923276983094928,0.6437066402378593
1710277896183340,0.5884265279583876,0.6407333994053518,0.5884265279583876,0.6407333994053518
1710277896210078,0.5871261378413524,0.6397423191278494,0.5871261378413524,0.6397423191278494
1710277896235685,0.5858257477243173,0.6387512388503469,0.5858257477243173,0.6387512388503469
1710277896261609,0.5858257477243173,0.6387512388503469,0.5858257477243173,0.6387512388503469
1710277896287580,0.5858257477243173,0.6387512388503469,0.5858257477243173,0.6387512388503469
1710277896314509,0.5858257477243173,0.6387512388503469,0.5858257477243173,0.6387512388503469
1710277896339975,0.5858257477243173,0.6387512388503469,0.5858257477243173,0.6387512388503469
1710277896366594,0.5858257477243173,0.6387512388503469,0.5858257477243173,0.6387512388503469
1710277896391238,0.5858257477243173,0.6387512388503469,0.5858257477243173,0.6387512388503469
1710277896418346,0.5858257477243173,0.6387512388503469,0.5858257477243173,0.6387512388503469
1710277896444563,0.5858257477243173,0.6387512388503469,0.5858257477243173,0.6387512388503469
1710277896469598,0.5858257477243173,0.6387512388503469,0.5858257477243173,0.6387512388503469
1710277896495983,0.5858257477243173,0.6387512388503469,0.5858257477243173,0.6387512388503469
1710277896520886,0.5858257477243173,0.6387512388503469,0.5858257477243173,0.6387512388503469
1710277896547422,0.5858257477243173,0.6387512388503469,0.5858257477243173,0.6387512388503469
1710277896573531,0.5858257477243173,0.6387512388503469,0.5858257477243173,0.6387512388503469
1710277896599679,0.5858257477243173,0.6387512388503469,0.5858257477243173,0.6387512388503469
1710277896626061,0.5858257477243173,0.6387512388503469,0.5858257477243173,0.6387512388503469
1710277896651118,0.5858257477243173,0.6387512388503469,0.5858257477243173,0.6387512388503469
1710277896678412,0.5858257477243173,0.6387512388503469,0.5858257477243173,0.6387512388503469
1710277896703997,0.5858257477243173,0.6387512388503469,0.5858257477243173,0.6387512388503469
1710277896730614,0.5858257477243173,0.6387512388503469,0.5858257477243173,0.6387512388503469
1710277896757087,0.5858257477243173,0.6387512388503469,0.5858257477243173,0.6387512388503469
1710277896783359,0.5858257477243173,0.6387512388503469,0.5858257477243173,0.6387512388503469
1710277896809281,0.5858257477243173,0.6387512388503469,0.5858257477243173,0.6387512388503469
1710277896835337,0.5858257477243173,0.6387512388503469,0.5858257477243173,0.6387512388503469
1710277896860917,0.5858257477243173,0.6387512388503469,0.5858257477243173,0.6387512388503469
1710277896887831,0.5858257477243173,0.6387512388503469,0.5858257477243173,0.6387512388503469
1710277896914637,0.5858257477243173,0.6387512388503469,0.5858257477243173,0.6387512388503469
1710277896940801,0.5858257477243173,0.6387512388503469,0.5858257477243173,0.6387512388503469
1710277896966872,0.5858257477243173,0.6387512388503469,0.5858257477243173,0.6387512388503469
1710277896993587,0.5858257477243173,0.6387512388503469,0.5858257477243173,0.6387512388503469
1710277897019174,0.5858257477243173,0.6387512388503469,0.5858257477243173,0.6387512388503469
1710277897043928,0.5858257477243173,0.6387512388503469,0.5858257477243173,0.6387512388503469
1710277897069854,0.5858257477243173,0.6387512388503469,0.5858257477243173,0.6387512388503469
1710277897097528,0.5858257477243173,0.6387512388503469,0.5858257477243173,0.6387512388503469
1710277897124055,0.5858257477243173,0.6387512388503469,0.5858257477243173,0.6387512388503469
1710277897149995,0.5858257477243173,0.6387512388503469,0.5858257477243173,0.6387512388503469
1710277897175673,0.5858257477243173,0.6387512388503469,0.5858257477243173,0.6387512388503469
1710277897200182,0.5858257477243173,0.6387512388503469,0.5858257477243173,0.6387512388503469
1710277897225850,0.5858257477243173,0.6387512388503469,0.5858257477243173,0.6387512388503469
1710277897252235,0.5858257477243173,0.6387512388503469,0.5858257477243173,0.6387512388503469
1710277897278576,0.5858257477243173,0.6387512388503469,0.5858257477243173,0.6387512388503469
1710277897304890,0.5858257477243173,0.6387512388503469,0.5858257477243173,0.6387512388503469
1710277897329820,0.5858257477243173,0.6387512388503469,0.5858257477243173,0.6387512388503469
1710277897356533,0.5858257477243173,0.6387512388503469,0.5858257477243173,0.6387512388503469
1710277897381561,0.5858257477243173,0.6387512388503469,0.5858257477243173,0.6387512388503469
1710277897406722,0.5858257477243173,0.6387512388503469,0.5858257477243173,0.6387512388503469
1710277897433046,0.5858257477243173,0.6387512388503469,0.5858257477243173,0.6387512388503469
1710277897458293,0.5858257477243173,0.6387512388503469,0.5858257477243173,0.6387512388503469
1710277897483820,0.5858257477243173,0.6387512388503469,0.5858257477243173,0.6387512388503469
1710277897510136,0.5858257477243173,0.6387512388503469,0.5858257477243173,0.6387512388503469
1710277897535532,0.5858257477243173,0.6387512388503469,0.5858257477243173,0.6387512388503469
1710277897562848,0.5858257477243173,0.6387512388503469,0.5858257477243173,0.6387512388503469
1710277897587688,0.5858257477243173,0.6387512388503469,0.5858257477243173,0.6387512388503469
1710277897613775,0.5858257477243173,0.6387512388503469,0.5858257477243173,0.6387512388503469
1710277897639932,0.5858257477243173,0.6387512388503469,0.5858257477243173,0.6387512388503469
1710277897665619,0.5858257477243173,0.6387512388503469,0.5858257477243173,0.6387512388503469
1710277897689912,0.5858257477243173,0.6387512388503469,0.5858257477243173,0.6387512388503469
1710277897715167,0.5858257477243173,0.6387512388503469,0.5858257477243173,0.6387512388503469
1710277897741583,0.5858257477243173,0.6387512388503469,0.5858257477243173,0.6387512388503469
1710277897767249,0.5858257477243173,0.6387512388503469,0.5858257477243173,0.6387512388503469
1710277897794490,0.5858257477243173,0.6387512388503469,0.5858257477243173,0.6387512388503469
1710277897819311,0.5858257477243173,0.6387512388503469,0.5858257477243173,0.6387512388503469
1710277897845181,0.5858257477243173,0.6387512388503469,0.5858257477243173,0.6387512388503469
1710277897871377,0.5858257477243173,0.6387512388503469,0.5858257477243173,0.6387512388503469
1710277897898745,0.5858257477243173,0.6387512388503469,0.5858257477243173,0.6387512388503469
1710277897924667,0.5858257477243173,0.6387512388503469,0.5858257477243173,0.6387512388503469
1710277897948835,0.5858257477243173,0.6387512388503469,0.5858257477243173,0.6387512388503469
1710277897976649,0.5858257477243173,0.6387512388503469,0.5858257477243173,0.6387512388503469
1710277898002101,0.5858257477243173,0.6387512388503469,0.5858257477243173,0.6387512388503469
1710277898028410,0.5858257477243173,0.6387512388503469,0.5858257477243173,0.6387512388503469
1710277898055153,0.5858257477243173,0.6387512388503469,0.5858257477243173,0.6387512388503469
1710277898082674,0.5858257477243173,0.6387512388503469,0.5858257477243173,0.6387512388503469
1710277898106208,0.5858257477243173,0.6387512388503469,0.5858257477243173,0.6387512388503469
1710277898132871,0.5858257477243173,0.6387512388503469,0.5858257477243173,0.6387512388503469
1710277898158205,0.5858257477243173,0.6387512388503469,0.5858257477243173,0.6387512388503469
1710277898184280,0.5858257477243173,0.6387512388503469,0.5858257477243173,0.6387512388503469
1710277898210894,0.5858257477243173,0.6387512388503469,0.5858257477243173,0.6387512388503469
1710277898235845,0.5858257477243173,0.6387512388503469,0.5858257477243173,0.6387512388503469
1710277898262955,0.5858257477243173,0.6387512388503469,0.5858257477243173,0.6387512388503469
1710277898286831,0.5858257477243173,0.6387512388503469,0.5858257477243173,0.6387512388503469
1710277898315378,0.5858257477243173,0.6387512388503469,0.5858257477243173,0.6387512388503469
1710277898340348,0.5858257477243173,0.6387512388503469,0.5858257477243173,0.6387512388503469
1710277898367056,0.5858257477243173,0.6387512388503469,0.5858257477243173,0.6387512388503469
